This file contains any messages produced by compilers while
running configure, to aid debugging if configure makes a mistake.

It was created by amrnb configure 7.0.0.2, which was
generated by GNU Autoconf 2.61.  Invocation command line was

  $ ./configure 

## --------- ##
## Platform. ##
## --------- ##

hostname = rv059
uname -m = i686
uname -r = 1.7.8(0.236/5/3)
uname -s = CYGWIN_NT-5.1
uname -v = 2011-03-01 09:36

/usr/bin/uname -p = unknown
/bin/uname -X     = unknown

/bin/arch              = i686
/usr/bin/arch -k       = unknown
/usr/convex/getsysinfo = unknown
/usr/bin/hostinfo      = unknown
/bin/machine           = unknown
/usr/bin/oslevel       = unknown
/bin/universe          = unknown

PATH: /usr/local/bin
PATH: /usr/bin
PATH: /cygdrive/c/Program Files/PC Connectivity Solution
PATH: /cygdrive/c/Perl/site/bin
PATH: /cygdrive/c/Perl/bin
PATH: /cygdrive/c/windows/system32
PATH: /cygdrive/c/windows
PATH: /cygdrive/c/windows/System32/Wbem
PATH: /cygdrive/c/Program Files/Intel/DMIX
PATH: /cygdrive/c/Program Files/Microsoft SQL Server/90/Tools/binn
PATH: /cygdrive/c/Program Files/TortoiseSVN/bin
PATH: /cygdrive/c/Qts/qt-4.7.1/bin
PATH: /cygdrive/c/windows/system32/WindowsPowerShell/v1.0
PATH: /cygdrive/c/Program Files/Visual Leak Detector/bin
PATH: /cygdrive/c/Python26
PATH: /cygdrive/c/Python26/Scripts
PATH: /cygdrive/c/Program Files/Git/cmd
PATH: /cygdrive/c/Program Files/TortoiseGit/bin
PATH: /cygdrive/c/Program Files/Kaspersky Lab/Kaspersky Anti-Virus 6.0 for Windows Workstations MP4
PATH: /cygdrive/c/job/AppMakr/patch/bin
PATH: /cygdrive/c/Program Files/Common Files/Symbian/tools
PATH: /cygdrive/c/Program Files/Subversion/bin
PATH: /cygdrive/c/VLD/bin
PATH: /cygdrive/f/Program Files/QuickTime/QTSystem
PATH: /cygdrive/c/Program Files/GnuWin32/bin
PATH: /cygdrive/c/Nokia/CodeSourcery/Sourcery G++ Lite/bin
PATH: /cygdrive/c/Program Files/PC Connectivity Solution
PATH: /cygdrive/c/windows/system32
PATH: /cygdrive/c/windows
PATH: /cygdrive/c/windows/System32/Wbem
PATH: /cygdrive/c/Program Files/Intel/DMIX
PATH: /cygdrive/c/Program Files/Microsoft SQL Server/90/Tools/binn
PATH: /cygdrive/c/Program Files/TortoiseSVN/bin
PATH: /cygdrive/c/Qts/qt-4.7.1/bin
PATH: /cygdrive/c/windows/system32/WindowsPowerShell/v1.0
PATH: /cygdrive/c/Program Files/Visual Leak Detector/bin
PATH: /cygdrive/c/Python26
PATH: /cygdrive/c/Python26/Scripts
PATH: /cygdrive/c/Program Files/Git/cmd
PATH: /cygdrive/c/Program Files/TortoiseGit/bin
PATH: /cygdrive/c/Program Files/Kaspersky Lab/Kaspersky Anti-Virus 6.0 for Windows Workstations MP4
PATH: /cygdrive/c/HookLogger


## ----------- ##
## Core tests. ##
## ----------- ##

configure:1990: checking for a BSD-compatible install
configure:2046: result: /usr/bin/install -c
configure:2057: checking whether build environment is sane
configure:2100: result: yes
configure:2165: checking for gawk
configure:2181: found /usr/bin/gawk
configure:2192: result: gawk
configure:2203: checking whether make sets $(MAKE)
configure:2224: result: yes
configure:2458: checking for gcc
configure:2474: found /usr/bin/gcc
configure:2485: result: gcc
configure:2723: checking for C compiler version
configure:2730: gcc --version >&5
gcc (GCC) 4.3.4 20090804 (release) 1
Copyright (C) 2008 Free Software Foundation, Inc.
This is free software; see the source for copying conditions.  There is NO
warranty; not even for MERCHANTABILITY or FITNESS FOR A PARTICULAR PURPOSE.

configure:2733: $? = 0
configure:2740: gcc -v >&5
Using built-in specs.
Target: i686-pc-cygwin
Configured with: /gnu/gcc/releases/respins/4.3.4-4/gcc4-4.3.4-4/src/gcc-4.3.4/configure --srcdir=/gnu/gcc/releases/respins/4.3.4-4/gcc4-4.3.4-4/src/gcc-4.3.4 --prefix=/usr --exec-prefix=/usr --bindir=/usr/bin --sbindir=/usr/sbin --libexecdir=/usr/lib --datadir=/usr/share --localstatedir=/var --sysconfdir=/etc --infodir=/usr/share/info --mandir=/usr/share/man -C --datadir=/usr/share --infodir=/usr/share/info --mandir=/usr/share/man -v --with-gmp=/usr --with-mpfr=/usr --enable-bootstrap --enable-version-specific-runtime-libs --with-slibdir=/usr/bin --libexecdir=/usr/lib --enable-static --enable-shared --enable-shared-libgcc --disable-__cxa_atexit --with-gnu-ld --with-gnu-as --with-dwarf2 --disable-sjlj-exceptions --enable-languages=ada,c,c++,fortran,java,objc,obj-c++ --disable-symvers --enable-libjava --program-suffix=-4 --enable-libgomp --enable-libssp --enable-libada --enable-threads=posix --with-arch=i686 --with-tune=generic --enable-libgcj-sublibs CC=gcc-4 CXX=g++-4 CC_FOR_TARGET=gcc-4 CXX_FOR_TARGET=g++-4 GNATMAKE_FOR_TARGET=gnatmake GNATBIND_FOR_TARGET=gnatbind --with-ecj-jar=/usr/share/java/ecj.jar
Thread model: posix
gcc version 4.3.4 20090804 (release) 1 (GCC) 
configure:2743: $? = 0
configure:2750: gcc -V >&5
gcc: '-V' option must have argument
configure:2753: $? = 1
configure:2776: checking for C compiler default output file name
configure:2803: gcc    conftest.c  >&5
configure:2806: $? = 0
configure:2844: result: a.exe
configure:2861: checking whether the C compiler works
configure:2871: ./a.exe
configure:2874: $? = 0
configure:2891: result: yes
configure:2898: checking whether we are cross compiling
configure:2900: result: no
configure:2903: checking for suffix of executables
configure:2910: gcc -o conftest.exe    conftest.c  >&5
configure:2913: $? = 0
configure:2937: result: .exe
configure:2943: checking for suffix of object files
configure:2969: gcc -c   conftest.c >&5
configure:2972: $? = 0
configure:2995: result: o
configure:2999: checking whether we are using the GNU C compiler
configure:3028: gcc -c   conftest.c >&5
configure:3034: $? = 0
configure:3051: result: yes
configure:3056: checking whether gcc accepts -g
configure:3086: gcc -c -g  conftest.c >&5
configure:3092: $? = 0
configure:3191: result: yes
configure:3208: checking for gcc option to accept ISO C89
configure:3282: gcc  -c -g -O2  conftest.c >&5
configure:3288: $? = 0
configure:3311: result: none needed
configure:3340: checking for style of include used by make
configure:3368: result: GNU
configure:3396: checking dependency style of gcc
configure:3486: result: gcc3
configure:3504: checking whether gcc and cc understand -c and -o together
configure:3539: gcc -c conftest.c -o conftest2.o >&5
configure:3542: $? = 0
configure:3548: gcc -c conftest.c -o conftest2.o >&5
configure:3551: $? = 0
configure:3562: cc -c conftest.c >&5
configure:3565: $? = 0
configure:3573: cc -c conftest.c -o conftest2.o >&5
configure:3576: $? = 0
configure:3582: cc -c conftest.c -o conftest2.o >&5
configure:3585: $? = 0
configure:3603: result: yes
configure:3633: checking how to run the C preprocessor
configure:3673: gcc -E  conftest.c
configure:3679: $? = 0
configure:3710: gcc -E  conftest.c
conftest.c:10:28: error: ac_nonexistent.h: No such file or directory
configure:3716: $? = 1
configure: failed program was:
| /* confdefs.h.  */
| #define PACKAGE_NAME "amrnb"
| #define PACKAGE_TARNAME "amrnb"
| #define PACKAGE_VERSION "7.0.0.2"
| #define PACKAGE_STRING "amrnb 7.0.0.2"
| #define PACKAGE_BUGREPORT "Stanislav Brabec <utx@penguin.cz>"
| #define PACKAGE "amrnb"
| #define VERSION "7.0.0.2"
| /* end confdefs.h.  */
| #include <ac_nonexistent.h>
configure:3749: result: gcc -E
configure:3778: gcc -E  conftest.c
configure:3784: $? = 0
configure:3815: gcc -E  conftest.c
conftest.c:10:28: error: ac_nonexistent.h: No such file or directory
configure:3821: $? = 1
configure: failed program was:
| /* confdefs.h.  */
| #define PACKAGE_NAME "amrnb"
| #define PACKAGE_TARNAME "amrnb"
| #define PACKAGE_VERSION "7.0.0.2"
| #define PACKAGE_STRING "amrnb 7.0.0.2"
| #define PACKAGE_BUGREPORT "Stanislav Brabec <utx@penguin.cz>"
| #define PACKAGE "amrnb"
| #define VERSION "7.0.0.2"
| /* end confdefs.h.  */
| #include <ac_nonexistent.h>
configure:3871: checking for a BSD-compatible install
configure:3927: result: /usr/bin/install -c
configure:3938: checking whether ln -s works
configure:3942: result: yes
configure:3949: checking whether make sets $(MAKE)
configure:3970: result: yes
configure:4059: checking build system type
configure:4077: result: i686-pc-cygwin
configure:4099: checking host system type
configure:4114: result: i686-pc-cygwin
configure:4136: checking for a sed that does not truncate output
configure:4190: result: /usr/bin/sed
configure:4193: checking for grep that handles long lines and -e
configure:4267: result: /usr/bin/grep
configure:4272: checking for egrep
configure:4350: result: /usr/bin/grep -E
configure:4366: checking for ld used by gcc
configure:4433: result: /usr/i686-pc-cygwin/bin/ld.exe
configure:4442: checking if the linker (/usr/i686-pc-cygwin/bin/ld.exe) is GNU ld
configure:4457: result: yes
configure:4462: checking for /usr/i686-pc-cygwin/bin/ld.exe option to reload object files
configure:4469: result: -r
configure:4487: checking for BSD-compatible nm
configure:4536: result: /usr/bin/nm -B
configure:4540: checking how to recognise dependent libraries
configure:4716: result: file_magic ^x86 archive import|^x86 DLL
configure:4983: checking for dlltool
configure:4999: found /usr/bin/dlltool
configure:5010: result: dlltool
configure:5079: checking for as
configure:5095: found /usr/bin/as
configure:5106: result: as
configure:5175: checking for objdump
configure:5191: found /usr/bin/objdump
configure:5202: result: objdump
configure:5236: checking for ANSI C header files
configure:5266: gcc -c -g -O2  conftest.c >&5
configure:5272: $? = 0
configure:5371: gcc -o conftest.exe -g -O2   conftest.c  >&5
configure:5374: $? = 0
configure:5380: ./conftest.exe
configure:5383: $? = 0
configure:5400: result: yes
configure:5424: checking for sys/types.h
configure:5445: gcc -c -g -O2  conftest.c >&5
configure:5451: $? = 0
configure:5467: result: yes
configure:5424: checking for sys/stat.h
configure:5445: gcc -c -g -O2  conftest.c >&5
configure:5451: $? = 0
configure:5467: result: yes
configure:5424: checking for stdlib.h
configure:5445: gcc -c -g -O2  conftest.c >&5
configure:5451: $? = 0
configure:5467: result: yes
configure:5424: checking for string.h
configure:5445: gcc -c -g -O2  conftest.c >&5
configure:5451: $? = 0
configure:5467: result: yes
configure:5424: checking for memory.h
configure:5445: gcc -c -g -O2  conftest.c >&5
configure:5451: $? = 0
configure:5467: result: yes
configure:5424: checking for strings.h
configure:5445: gcc -c -g -O2  conftest.c >&5
configure:5451: $? = 0
configure:5467: result: yes
configure:5424: checking for inttypes.h
configure:5445: gcc -c -g -O2  conftest.c >&5
configure:5451: $? = 0
configure:5467: result: yes
configure:5424: checking for stdint.h
configure:5445: gcc -c -g -O2  conftest.c >&5
configure:5451: $? = 0
configure:5467: result: yes
configure:5424: checking for unistd.h
configure:5445: gcc -c -g -O2  conftest.c >&5
configure:5451: $? = 0
configure:5467: result: yes
configure:5494: checking dlfcn.h usability
configure:5511: gcc -c -g -O2  conftest.c >&5
configure:5517: $? = 0
configure:5531: result: yes
configure:5535: checking dlfcn.h presence
configure:5550: gcc -E  conftest.c
configure:5556: $? = 0
configure:5570: result: yes
configure:5603: checking for dlfcn.h
configure:5611: result: yes
configure:5682: checking for g++
configure:5698: found /usr/bin/g++
configure:5709: result: g++
configure:5740: checking for C++ compiler version
configure:5747: g++ --version >&5
g++ (GCC) 4.3.4 20090804 (release) 1
Copyright (C) 2008 Free Software Foundation, Inc.
This is free software; see the source for copying conditions.  There is NO
warranty; not even for MERCHANTABILITY or FITNESS FOR A PARTICULAR PURPOSE.

configure:5750: $? = 0
configure:5757: g++ -v >&5
Using built-in specs.
Target: i686-pc-cygwin
Configured with: /gnu/gcc/releases/respins/4.3.4-4/gcc4-4.3.4-4/src/gcc-4.3.4/configure --srcdir=/gnu/gcc/releases/respins/4.3.4-4/gcc4-4.3.4-4/src/gcc-4.3.4 --prefix=/usr --exec-prefix=/usr --bindir=/usr/bin --sbindir=/usr/sbin --libexecdir=/usr/lib --datadir=/usr/share --localstatedir=/var --sysconfdir=/etc --infodir=/usr/share/info --mandir=/usr/share/man -C --datadir=/usr/share --infodir=/usr/share/info --mandir=/usr/share/man -v --with-gmp=/usr --with-mpfr=/usr --enable-bootstrap --enable-version-specific-runtime-libs --with-slibdir=/usr/bin --libexecdir=/usr/lib --enable-static --enable-shared --enable-shared-libgcc --disable-__cxa_atexit --with-gnu-ld --with-gnu-as --with-dwarf2 --disable-sjlj-exceptions --enable-languages=ada,c,c++,fortran,java,objc,obj-c++ --disable-symvers --enable-libjava --program-suffix=-4 --enable-libgomp --enable-libssp --enable-libada --enable-threads=posix --with-arch=i686 --with-tune=generic --enable-libgcj-sublibs CC=gcc-4 CXX=g++-4 CC_FOR_TARGET=gcc-4 CXX_FOR_TARGET=g++-4 GNATMAKE_FOR_TARGET=gnatmake GNATBIND_FOR_TARGET=gnatbind --with-ecj-jar=/usr/share/java/ecj.jar
Thread model: posix
gcc version 4.3.4 20090804 (release) 1 (GCC) 
configure:5760: $? = 0
configure:5767: g++ -V >&5
g++: '-V' option must have argument
configure:5770: $? = 1
configure:5773: checking whether we are using the GNU C++ compiler
configure:5802: g++ -c   conftest.cpp >&5
configure:5808: $? = 0
configure:5825: result: yes
configure:5830: checking whether g++ accepts -g
configure:5860: g++ -c -g  conftest.cpp >&5
configure:5866: $? = 0
configure:5965: result: yes
configure:5990: checking dependency style of g++
configure:6080: result: gcc3
configure:6107: checking how to run the C++ preprocessor
configure:6143: g++ -E  conftest.cpp
configure:6149: $? = 0
configure:6180: g++ -E  conftest.cpp
conftest.cpp:21:28: error: ac_nonexistent.h: No such file or directory
configure:6186: $? = 1
configure: failed program was:
| /* confdefs.h.  */
| #define PACKAGE_NAME "amrnb"
| #define PACKAGE_TARNAME "amrnb"
| #define PACKAGE_VERSION "7.0.0.2"
| #define PACKAGE_STRING "amrnb 7.0.0.2"
| #define PACKAGE_BUGREPORT "Stanislav Brabec <utx@penguin.cz>"
| #define PACKAGE "amrnb"
| #define VERSION "7.0.0.2"
| #define STDC_HEADERS 1
| #define HAVE_SYS_TYPES_H 1
| #define HAVE_SYS_STAT_H 1
| #define HAVE_STDLIB_H 1
| #define HAVE_STRING_H 1
| #define HAVE_MEMORY_H 1
| #define HAVE_STRINGS_H 1
| #define HAVE_INTTYPES_H 1
| #define HAVE_STDINT_H 1
| #define HAVE_UNISTD_H 1
| #define HAVE_DLFCN_H 1
| /* end confdefs.h.  */
| #include <ac_nonexistent.h>
configure:6219: result: g++ -E
configure:6248: g++ -E  conftest.cpp
configure:6254: $? = 0
configure:6285: g++ -E  conftest.cpp
conftest.cpp:21:28: error: ac_nonexistent.h: No such file or directory
configure:6291: $? = 1
configure: failed program was:
| /* confdefs.h.  */
| #define PACKAGE_NAME "amrnb"
| #define PACKAGE_TARNAME "amrnb"
| #define PACKAGE_VERSION "7.0.0.2"
| #define PACKAGE_STRING "amrnb 7.0.0.2"
| #define PACKAGE_BUGREPORT "Stanislav Brabec <utx@penguin.cz>"
| #define PACKAGE "amrnb"
| #define VERSION "7.0.0.2"
| #define STDC_HEADERS 1
| #define HAVE_SYS_TYPES_H 1
| #define HAVE_SYS_STAT_H 1
| #define HAVE_STDLIB_H 1
| #define HAVE_STRING_H 1
| #define HAVE_MEMORY_H 1
| #define HAVE_STRINGS_H 1
| #define HAVE_INTTYPES_H 1
| #define HAVE_STDINT_H 1
| #define HAVE_UNISTD_H 1
| #define HAVE_DLFCN_H 1
| /* end confdefs.h.  */
| #include <ac_nonexistent.h>
configure:6384: checking for g77
configure:6414: result: no
configure:6384: checking for xlf
configure:6414: result: no
configure:6384: checking for f77
configure:6414: result: no
configure:6384: checking for frt
configure:6414: result: no
configure:6384: checking for pgf77
configure:6414: result: no
configure:6384: checking for cf77
configure:6414: result: no
configure:6384: checking for fort77
configure:6414: result: no
configure:6384: checking for fl32
configure:6414: result: no
configure:6384: checking for af77
configure:6414: result: no
configure:6384: checking for xlf90
configure:6414: result: no
configure:6384: checking for f90
configure:6414: result: no
configure:6384: checking for pgf90
configure:6414: result: no
configure:6384: checking for pghpf
configure:6414: result: no
configure:6384: checking for epcf90
configure:6414: result: no
configure:6384: checking for gfortran
configure:6414: result: no
configure:6384: checking for g95
configure:6414: result: no
configure:6384: checking for xlf95
configure:6414: result: no
configure:6384: checking for f95
configure:6414: result: no
configure:6384: checking for fort
configure:6414: result: no
configure:6384: checking for ifort
configure:6414: result: no
configure:6384: checking for ifc
configure:6414: result: no
configure:6384: checking for efc
configure:6414: result: no
configure:6384: checking for pgf95
configure:6414: result: no
configure:6384: checking for lf95
configure:6414: result: no
configure:6384: checking for ftn
configure:6414: result: no
configure:6441: checking for Fortran 77 compiler version
configure:6448:  --version >&5
./configure: line 6449: --version: command not found
configure:6451: $? = 127
configure:6458:  -v >&5
./configure: line 6459: -v: command not found
configure:6461: $? = 127
configure:6468:  -V >&5
./configure: line 6469: -V: command not found
configure:6471: $? = 127
configure:6479: checking whether we are using the GNU Fortran 77 compiler
configure:6498:  -c  conftest.F >&5
./configure: line 6499: -c: command not found
configure:6504: $? = 127
configure: failed program was:
|       program main
| #ifndef __GNUC__
|        choke me
| #endif
| 
|       end
configure:6521: result: no
configure:6527: checking whether  accepts -g
configure:6544:  -c -g conftest.f >&5
./configure: line 6545: -c: command not found
configure:6550: $? = 127
configure: failed program was:
|       program main
| 
|       end
configure:6566: result: no
configure:6596: checking the maximum length of command line arguments
configure:6705: result: 8192
configure:6716: checking command to parse /usr/bin/nm -B output from gcc object
configure:6821: gcc -c -g -O2  conftest.c >&5
configure:6824: $? = 0
configure:6828: /usr/bin/nm -B conftest.o \| sed -n -e 's/^.*[ 	]\([ABCDGIRSTW][ABCDGIRSTW]*\)[ 	][ 	]*\([_A-Za-z][_A-Za-z0-9]*\)$/\1 \2 \2/p' \> conftest.nm
configure:6831: $? = 0
cannot find nm_test_var in conftest.nm
configure:6821: gcc -c -g -O2  conftest.c >&5
configure:6824: $? = 0
configure:6828: /usr/bin/nm -B conftest.o \| sed -n -e 's/^.*[ 	]\([ABCDGIRSTW][ABCDGIRSTW]*\)[ 	][ 	]*_\([_A-Za-z][_A-Za-z0-9]*\)$/\1 _\2 \2/p' \> conftest.nm
configure:6831: $? = 0
configure:6883: gcc -o conftest.exe -g -O2   conftest.c conftstm.o >&5
configure:6886: $? = 0
configure:6924: result: ok
configure:6928: checking for objdir
configure:6943: result: .libs
configure:7035: checking for ar
configure:7051: found /usr/bin/ar
configure:7062: result: ar
configure:7131: checking for ranlib
configure:7147: found /usr/bin/ranlib
configure:7158: result: ranlib
configure:7227: checking for strip
configure:7243: found /usr/bin/strip
configure:7254: result: strip
configure:7540: checking if gcc supports -fno-rtti -fno-exceptions
configure:7558: gcc -c -g -O2  -fno-rtti -fno-exceptions conftest.c >&5
cc1: warning: command line option "-fno-rtti" is valid for C++/ObjC++ but not for C
configure:7562: $? = 0
configure:7575: result: no
configure:7590: checking for gcc option to produce PIC
configure:7800: result: 
configure:7871: checking if gcc static flag -static works
configure:7899: result: no
configure:7909: checking if gcc supports -c -o file.o
configure:7930: gcc -c -g -O2  -o out/conftest2.o conftest.c >&5
configure:7934: $? = 0
configure:7956: result: yes
configure:7982: checking whether the gcc linker (/usr/i686-pc-cygwin/bin/ld.exe) supports shared libraries
configure:8936: result: yes
configure:8957: checking whether -lc should be explicitly linked in
configure:8962: gcc -c -g -O2  conftest.c >&5
configure:8965: $? = 0
configure:8980: gcc -shared conftest.o  -v -o ./conftest -Wl,--enable-auto-image-base -Xlinker --out-implib -Xlinker conftest 2\>\&1 \| grep  -lc  \>/dev/null 2\>\&1
configure:8983: $? = 1
configure:8995: result: yes
configure:9003: checking dynamic linker characteristics
configure:9591: result: Win32 ld.exe
configure:9600: checking how to hardcode library paths into programs
configure:9625: result: immediate
configure:9639: checking whether stripping libraries is possible
configure:9644: result: yes
configure:10445: checking if libtool supports shared libraries
configure:10447: result: yes
configure:10450: checking whether to build shared libraries
configure:10471: result: yes
configure:10474: checking whether to build static libraries
configure:10478: result: yes
configure:10570: creating libtool
configure:11158: checking for ld used by g++
configure:11225: result: /usr/i686-pc-cygwin/bin/ld.exe
configure:11234: checking if the linker (/usr/i686-pc-cygwin/bin/ld.exe) is GNU ld
configure:11249: result: yes
configure:11300: checking whether the g++ linker (/usr/i686-pc-cygwin/bin/ld.exe) supports shared libraries
configure:12234: result: yes
configure:12252: g++ -c -g -O2  conftest.cpp >&5
configure:12255: $? = 0
configure:12374: checking for g++ option to produce PIC
configure:12648: result: 
configure:12719: checking if g++ static flag -static works
configure:12747: result: no
configure:12757: checking if g++ supports -c -o file.o
configure:12778: g++ -c -g -O2  -o out/conftest2.o conftest.cpp >&5
configure:12782: $? = 0
configure:12804: result: yes
configure:12830: checking whether the g++ linker (/usr/i686-pc-cygwin/bin/ld.exe) supports shared libraries
configure:12855: result: yes
configure:12922: checking dynamic linker characteristics
configure:13510: result: Win32 ld.exe
configure:13519: checking how to hardcode library paths into programs
configure:13544: result: immediate
configure:19686: checking for unzip
configure:19704: found /cygdrive/c/Program Files/Common Files/Symbian/tools/unzip
configure:19716: result: /cygdrive/c/Program Files/Common Files/Symbian/tools/unzip
configure:19731: checking for patch
configure:19749: found /cygdrive/c/job/AppMakr/patch/bin/patch
configure:19761: result: /cygdrive/c/job/AppMakr/patch/bin/patch
configure:19784: checking for /bin/bash
configure:19799: result: yes
configure:19926: checking for parameter expansion string replace capable shell
configure:19942: result: /bin/bash
configure:19970: checking for wget
configure:19988: found /usr/bin/wget
configure:20000: result: /usr/bin/wget
configure:20015: checking for web downloading command
configure:20044: result: /usr/bin/wget -N
configure:20060: checking for library containing sqrt
configure:20101: gcc -o conftest.exe -g -O2   conftest.c  >&5
conftest.c:28: warning: conflicting types for built-in function 'sqrt'
configure:20107: $? = 0
configure:20135: result: none required
configure:20145: checking for ANSI C header files
configure:20309: result: yes
configure:20338: checking float.h usability
configure:20355: gcc -c -g -O2  conftest.c >&5
configure:20361: $? = 0
configure:20375: result: yes
configure:20379: checking float.h presence
configure:20394: gcc -E  conftest.c
configure:20400: $? = 0
configure:20414: result: yes
configure:20447: checking for float.h
configure:20455: result: yes
configure:20328: checking for memory.h
configure:20334: result: yes
configure:20328: checking for stdint.h
configure:20334: result: yes
configure:20328: checking for stdlib.h
configure:20334: result: yes
configure:20328: checking for string.h
configure:20334: result: yes
configure:20476: checking for an ANSI C-conforming const
configure:20551: gcc -c -g -O2  conftest.c >&5
configure:20557: $? = 0
configure:20572: result: yes
configure:20583: checking for int16_t
configure:20614: gcc -c -g -O2  conftest.c >&5
configure:20620: $? = 0
configure:20649: gcc -c -g -O2  conftest.c >&5
conftest.c: In function 'main':
conftest.c:64: error: size of array 'test_array' is negative
configure:20655: $? = 1
configure: failed program was:
| /* confdefs.h.  */
| #define PACKAGE_NAME "amrnb"
| #define PACKAGE_TARNAME "amrnb"
| #define PACKAGE_VERSION "7.0.0.2"
| #define PACKAGE_STRING "amrnb 7.0.0.2"
| #define PACKAGE_BUGREPORT "Stanislav Brabec <utx@penguin.cz>"
| #define PACKAGE "amrnb"
| #define VERSION "7.0.0.2"
| #define STDC_HEADERS 1
| #define HAVE_SYS_TYPES_H 1
| #define HAVE_SYS_STAT_H 1
| #define HAVE_STDLIB_H 1
| #define HAVE_STRING_H 1
| #define HAVE_MEMORY_H 1
| #define HAVE_STRINGS_H 1
| #define HAVE_INTTYPES_H 1
| #define HAVE_STDINT_H 1
| #define HAVE_UNISTD_H 1
| #define HAVE_DLFCN_H 1
| #define STDC_HEADERS 1
| #define HAVE_FLOAT_H 1
| #define HAVE_MEMORY_H 1
| #define HAVE_STDINT_H 1
| #define HAVE_STDLIB_H 1
| #define HAVE_STRING_H 1
| /* end confdefs.h.  */
| #include <stdio.h>
| #ifdef HAVE_SYS_TYPES_H
| # include <sys/types.h>
| #endif
| #ifdef HAVE_SYS_STAT_H
| # include <sys/stat.h>
| #endif
| #ifdef STDC_HEADERS
| # include <stdlib.h>
| # include <stddef.h>
| #else
| # ifdef HAVE_STDLIB_H
| #  include <stdlib.h>
| # endif
| #endif
| #ifdef HAVE_STRING_H
| # if !defined STDC_HEADERS && defined HAVE_MEMORY_H
| #  include <memory.h>
| # endif
| # include <string.h>
| #endif
| #ifdef HAVE_STRINGS_H
| # include <strings.h>
| #endif
| #ifdef HAVE_INTTYPES_H
| # include <inttypes.h>
| #endif
| #ifdef HAVE_STDINT_H
| # include <stdint.h>
| #endif
| #ifdef HAVE_UNISTD_H
| # include <unistd.h>
| #endif
| int
| main ()
| {
| static int test_array [1 - 2 * !((int16_t) ((((int16_t) 1 << (16 - 2)) - 1) * 2 + 1)
| 	         < (int16_t) ((((int16_t) 1 << (16 - 2)) - 1) * 2 + 2))];
| test_array [0] = 0
| 
|   ;
|   return 0;
| }
configure:20684: result: yes
configure:20697: checking for int32_t
configure:20728: gcc -c -g -O2  conftest.c >&5
configure:20734: $? = 0
configure:20763: gcc -c -g -O2  conftest.c >&5
conftest.c: In function 'main':
conftest.c:64: warning: integer overflow in expression
conftest.c:64: error: size of array 'test_array' is negative
configure:20769: $? = 1
configure: failed program was:
| /* confdefs.h.  */
| #define PACKAGE_NAME "amrnb"
| #define PACKAGE_TARNAME "amrnb"
| #define PACKAGE_VERSION "7.0.0.2"
| #define PACKAGE_STRING "amrnb 7.0.0.2"
| #define PACKAGE_BUGREPORT "Stanislav Brabec <utx@penguin.cz>"
| #define PACKAGE "amrnb"
| #define VERSION "7.0.0.2"
| #define STDC_HEADERS 1
| #define HAVE_SYS_TYPES_H 1
| #define HAVE_SYS_STAT_H 1
| #define HAVE_STDLIB_H 1
| #define HAVE_STRING_H 1
| #define HAVE_MEMORY_H 1
| #define HAVE_STRINGS_H 1
| #define HAVE_INTTYPES_H 1
| #define HAVE_STDINT_H 1
| #define HAVE_UNISTD_H 1
| #define HAVE_DLFCN_H 1
| #define STDC_HEADERS 1
| #define HAVE_FLOAT_H 1
| #define HAVE_MEMORY_H 1
| #define HAVE_STDINT_H 1
| #define HAVE_STDLIB_H 1
| #define HAVE_STRING_H 1
| /* end confdefs.h.  */
| #include <stdio.h>
| #ifdef HAVE_SYS_TYPES_H
| # include <sys/types.h>
| #endif
| #ifdef HAVE_SYS_STAT_H
| # include <sys/stat.h>
| #endif
| #ifdef STDC_HEADERS
| # include <stdlib.h>
| # include <stddef.h>
| #else
| # ifdef HAVE_STDLIB_H
| #  include <stdlib.h>
| # endif
| #endif
| #ifdef HAVE_STRING_H
| # if !defined STDC_HEADERS && defined HAVE_MEMORY_H
| #  include <memory.h>
| # endif
| # include <string.h>
| #endif
| #ifdef HAVE_STRINGS_H
| # include <strings.h>
| #endif
| #ifdef HAVE_INTTYPES_H
| # include <inttypes.h>
| #endif
| #ifdef HAVE_STDINT_H
| # include <stdint.h>
| #endif
| #ifdef HAVE_UNISTD_H
| # include <unistd.h>
| #endif
| int
| main ()
| {
| static int test_array [1 - 2 * !((int32_t) ((((int32_t) 1 << (32 - 2)) - 1) * 2 + 1)
| 	         < (int32_t) ((((int32_t) 1 << (32 - 2)) - 1) * 2 + 2))];
| test_array [0] = 0
| 
|   ;
|   return 0;
| }
configure:20798: result: yes
configure:20811: checking for int8_t
configure:20842: gcc -c -g -O2  conftest.c >&5
configure:20848: $? = 0
configure:20877: gcc -c -g -O2  conftest.c >&5
conftest.c: In function 'main':
conftest.c:64: error: size of array 'test_array' is negative
configure:20883: $? = 1
configure: failed program was:
| /* confdefs.h.  */
| #define PACKAGE_NAME "amrnb"
| #define PACKAGE_TARNAME "amrnb"
| #define PACKAGE_VERSION "7.0.0.2"
| #define PACKAGE_STRING "amrnb 7.0.0.2"
| #define PACKAGE_BUGREPORT "Stanislav Brabec <utx@penguin.cz>"
| #define PACKAGE "amrnb"
| #define VERSION "7.0.0.2"
| #define STDC_HEADERS 1
| #define HAVE_SYS_TYPES_H 1
| #define HAVE_SYS_STAT_H 1
| #define HAVE_STDLIB_H 1
| #define HAVE_STRING_H 1
| #define HAVE_MEMORY_H 1
| #define HAVE_STRINGS_H 1
| #define HAVE_INTTYPES_H 1
| #define HAVE_STDINT_H 1
| #define HAVE_UNISTD_H 1
| #define HAVE_DLFCN_H 1
| #define STDC_HEADERS 1
| #define HAVE_FLOAT_H 1
| #define HAVE_MEMORY_H 1
| #define HAVE_STDINT_H 1
| #define HAVE_STDLIB_H 1
| #define HAVE_STRING_H 1
| /* end confdefs.h.  */
| #include <stdio.h>
| #ifdef HAVE_SYS_TYPES_H
| # include <sys/types.h>
| #endif
| #ifdef HAVE_SYS_STAT_H
| # include <sys/stat.h>
| #endif
| #ifdef STDC_HEADERS
| # include <stdlib.h>
| # include <stddef.h>
| #else
| # ifdef HAVE_STDLIB_H
| #  include <stdlib.h>
| # endif
| #endif
| #ifdef HAVE_STRING_H
| # if !defined STDC_HEADERS && defined HAVE_MEMORY_H
| #  include <memory.h>
| # endif
| # include <string.h>
| #endif
| #ifdef HAVE_STRINGS_H
| # include <strings.h>
| #endif
| #ifdef HAVE_INTTYPES_H
| # include <inttypes.h>
| #endif
| #ifdef HAVE_STDINT_H
| # include <stdint.h>
| #endif
| #ifdef HAVE_UNISTD_H
| # include <unistd.h>
| #endif
| int
| main ()
| {
| static int test_array [1 - 2 * !((int8_t) ((((int8_t) 1 << (8 - 2)) - 1) * 2 + 1)
| 	         < (int8_t) ((((int8_t) 1 << (8 - 2)) - 1) * 2 + 2))];
| test_array [0] = 0
| 
|   ;
|   return 0;
| }
configure:20912: result: yes
configure:20925: checking for uint8_t
configure:20956: gcc -c -g -O2  conftest.c >&5
configure:20962: $? = 0
configure:20983: result: yes
configure:21000: checking for working volatile
configure:21029: gcc -c -g -O2  conftest.c >&5
configure:21035: $? = 0
configure:21050: result: yes
configure:21067: checking for stdlib.h
configure:21073: result: yes
configure:21207: checking for GNU libc compatible malloc
configure:21241: gcc -o conftest.exe -g -O2   conftest.c  >&5
configure:21244: $? = 0
configure:21250: ./conftest.exe
configure:21253: $? = 0
configure:21269: result: yes
configure:21304: checking for floor
configure:21360: gcc -o conftest.exe -g -O2   conftest.c  >&5
conftest.c:52: warning: conflicting types for built-in function 'floor'
configure:21366: $? = 0
configure:21384: result: yes
configure:21304: checking for memset
configure:21360: gcc -o conftest.exe -g -O2   conftest.c  >&5
conftest.c:53: warning: conflicting types for built-in function 'memset'
configure:21366: $? = 0
configure:21384: result: yes
configure:21304: checking for sqrt
configure:21360: gcc -o conftest.exe -g -O2   conftest.c  >&5
conftest.c:54: warning: conflicting types for built-in function 'sqrt'
configure:21366: $? = 0
configure:21384: result: yes
configure:21304: checking for strtol
configure:21360: gcc -o conftest.exe -g -O2   conftest.c  >&5
configure:21366: $? = 0
configure:21384: result: yes
configure:21554: creating ./config.status

## ---------------------- ##
## Running config.status. ##
## ---------------------- ##

This file was extended by amrnb config.status 7.0.0.2, which was
generated by GNU Autoconf 2.61.  Invocation command line was

  CONFIG_FILES    = 
  CONFIG_HEADERS  = 
  CONFIG_LINKS    = 
  CONFIG_COMMANDS = 
  $ ./config.status 

on rv059

config.status:654: creating Makefile
config.status:654: creating amrnb.spec
config.status:654: creating prepare_sources.sh
config.status:839: executing depfiles commands

## ---------------- ##
## Cache variables. ##
## ---------------- ##

ac_cv_build=i686-pc-cygwin
ac_cv_c_compiler_gnu=yes
ac_cv_c_const=yes
ac_cv_c_int16_t=yes
ac_cv_c_int32_t=yes
ac_cv_c_int8_t=yes
ac_cv_c_uint8_t=yes
ac_cv_c_volatile=yes
ac_cv_cxx_compiler_gnu=yes
ac_cv_downloader_prog='/usr/bin/wget -N'
ac_cv_env_CCC_set=
ac_cv_env_CCC_value=
ac_cv_env_CC_set=
ac_cv_env_CC_value=
ac_cv_env_CFLAGS_set=
ac_cv_env_CFLAGS_value=
ac_cv_env_CPPFLAGS_set=
ac_cv_env_CPPFLAGS_value=
ac_cv_env_CPP_set=
ac_cv_env_CPP_value=
ac_cv_env_CXXCPP_set=
ac_cv_env_CXXCPP_value=
ac_cv_env_CXXFLAGS_set=
ac_cv_env_CXXFLAGS_value=
ac_cv_env_CXX_set=
ac_cv_env_CXX_value=
ac_cv_env_F77_set=
ac_cv_env_F77_value=
ac_cv_env_FFLAGS_set=
ac_cv_env_FFLAGS_value=
ac_cv_env_LDFLAGS_set=
ac_cv_env_LDFLAGS_value=
ac_cv_env_LIBS_set=
ac_cv_env_LIBS_value=
ac_cv_env_build_alias_set=
ac_cv_env_build_alias_value=
ac_cv_env_host_alias_set=
ac_cv_env_host_alias_value=
ac_cv_env_target_alias_set=
ac_cv_env_target_alias_value=
ac_cv_exeext=.exe
ac_cv_f77_compiler_gnu=no
ac_cv_file__bin_bash=yes
ac_cv_func_floor=yes
ac_cv_func_malloc_0_nonnull=yes
ac_cv_func_memset=yes
ac_cv_func_sqrt=yes
ac_cv_func_strtol=yes
ac_cv_header_dlfcn_h=yes
ac_cv_header_float_h=yes
ac_cv_header_inttypes_h=yes
ac_cv_header_memory_h=yes
ac_cv_header_stdc=yes
ac_cv_header_stdint_h=yes
ac_cv_header_stdlib_h=yes
ac_cv_header_string_h=yes
ac_cv_header_strings_h=yes
ac_cv_header_sys_stat_h=yes
ac_cv_header_sys_types_h=yes
ac_cv_header_unistd_h=yes
ac_cv_host=i686-pc-cygwin
ac_cv_objext=o
ac_cv_parameter_expansion_string_replace_capable_shell=/bin/bash
ac_cv_path_DOWNLOADER_PROG_CMD=/usr/bin/wget
ac_cv_path_EGREP='/usr/bin/grep -E'
ac_cv_path_GREP=/usr/bin/grep
ac_cv_path_PATCH=/cygdrive/c/job/AppMakr/patch/bin/patch
ac_cv_path_UNZIP='/cygdrive/c/Program Files/Common Files/Symbian/tools/unzip'
ac_cv_path_install='/usr/bin/install -c'
ac_cv_prog_AWK=gawk
ac_cv_prog_CPP='gcc -E'
ac_cv_prog_CXXCPP='g++ -E'
ac_cv_prog_ac_ct_AR=ar
ac_cv_prog_ac_ct_AS=as
ac_cv_prog_ac_ct_CC=gcc
ac_cv_prog_ac_ct_CXX=g++
ac_cv_prog_ac_ct_DLLTOOL=dlltool
ac_cv_prog_ac_ct_OBJDUMP=objdump
ac_cv_prog_ac_ct_RANLIB=ranlib
ac_cv_prog_ac_ct_STRIP=strip
ac_cv_prog_cc_c89=
ac_cv_prog_cc_g=yes
ac_cv_prog_cc_gcc_c_o=yes
ac_cv_prog_cxx_g=yes
ac_cv_prog_f77_g=no
ac_cv_prog_make_make_set=yes
ac_cv_search_sqrt='none required'
am_cv_CC_dependencies_compiler_type=gcc3
am_cv_CXX_dependencies_compiler_type=gcc3
lt_cv_deplibs_check_method='file_magic ^x86 archive import|^x86 DLL'
lt_cv_file_magic_cmd=func_win32_libid
lt_cv_file_magic_test_file=
lt_cv_ld_reload_flag=-r
lt_cv_objdir=.libs
lt_cv_path_LD=/usr/i686-pc-cygwin/bin/ld.exe
lt_cv_path_LDCXX=/usr/i686-pc-cygwin/bin/ld.exe
lt_cv_path_NM='/usr/bin/nm -B'
lt_cv_path_SED=/usr/bin/sed
lt_cv_prog_compiler_c_o=yes
lt_cv_prog_compiler_c_o_CXX=yes
lt_cv_prog_compiler_rtti_exceptions=no
lt_cv_prog_gnu_ld=yes
lt_cv_prog_gnu_ldcxx=yes
lt_cv_sys_global_symbol_pipe='sed -n -e '\''s/^.*[ 	]\([ABCDGIRSTW][ABCDGIRSTW]*\)[ 	][ 	]*_\([_A-Za-z][_A-Za-z0-9]*\)$/\1 _\2 \2/p'\'''
lt_cv_sys_global_symbol_to_c_name_address='sed -n -e '\''s/^: \([^ ]*\) $/  {\"\1\", (lt_ptr) 0},/p'\'' -e '\''s/^[BCDEGRST] \([^ ]*\) \([^ ]*\)$/  {"\2", (lt_ptr) \&\2},/p'\'''
lt_cv_sys_global_symbol_to_cdecl='sed -n -e '\''s/^. .* \(.*\)$/extern int \1;/p'\'''
lt_cv_sys_max_cmd_len=8192
lt_lt_cv_prog_compiler_c_o='"yes"'
lt_lt_cv_prog_compiler_c_o_CXX='"yes"'
lt_lt_cv_sys_global_symbol_pipe='"sed -n -e '\''s/^.*[ 	]\\([ABCDGIRSTW][ABCDGIRSTW]*\\)[ 	][ 	]*_\\([_A-Za-z][_A-Za-z0-9]*\\)\$/\\1 _\\2 \\2/p'\''"'
lt_lt_cv_sys_global_symbol_to_c_name_address='"sed -n -e '\''s/^: \\([^ ]*\\) \$/  {\\\"\\1\\\", (lt_ptr) 0},/p'\'' -e '\''s/^[BCDEGRST] \\([^ ]*\\) \\([^ ]*\\)\$/  {\"\\2\", (lt_ptr) \\&\\2},/p'\''"'
lt_lt_cv_sys_global_symbol_to_cdecl='"sed -n -e '\''s/^. .* \\(.*\\)\$/extern int \\1;/p'\''"'

## ----------------- ##
## Output variables. ##
## ----------------- ##

ACLOCAL='${SHELL} /cygdrive/c/job/AppMakr/Media_test/ffmpeg/ffmpeg/amrnb/missing --run aclocal-1.9'
AMDEPBACKSLASH='\'
AMDEP_FALSE='#'
AMDEP_TRUE=''
AMTAR='${SHELL} /cygdrive/c/job/AppMakr/Media_test/ffmpeg/ffmpeg/amrnb/missing --run tar'
AR='ar'
AS='as'
ASH=''
AUTOCONF='${SHELL} /cygdrive/c/job/AppMakr/Media_test/ffmpeg/ffmpeg/amrnb/missing --run autoconf'
AUTOHEADER='${SHELL} /cygdrive/c/job/AppMakr/Media_test/ffmpeg/ffmpeg/amrnb/missing --run autoheader'
AUTOMAKE='${SHELL} /cygdrive/c/job/AppMakr/Media_test/ffmpeg/ffmpeg/amrnb/missing --run automake-1.9'
AWK='gawk'
BASH='/bin/bash'
CC='gcc'
CCDEPMODE='depmode=gcc3'
CFLAGS='-g -O2'
CPP='gcc -E'
CPPFLAGS=''
CXX='g++'
CXXCPP='g++ -E'
CXXDEPMODE='depmode=gcc3'
CXXFLAGS='-g -O2'
CYGPATH_W='cygpath -w'
DEFS='-DPACKAGE_NAME=\"amrnb\" -DPACKAGE_TARNAME=\"amrnb\" -DPACKAGE_VERSION=\"7.0.0.2\" -DPACKAGE_STRING=\"amrnb\ 7.0.0.2\" -DPACKAGE_BUGREPORT=\"Stanislav\ Brabec\ \<utx@penguin.cz\>\" -DPACKAGE=\"amrnb\" -DVERSION=\"7.0.0.2\" -DSTDC_HEADERS=1 -DHAVE_SYS_TYPES_H=1 -DHAVE_SYS_STAT_H=1 -DHAVE_STDLIB_H=1 -DHAVE_STRING_H=1 -DHAVE_MEMORY_H=1 -DHAVE_STRINGS_H=1 -DHAVE_INTTYPES_H=1 -DHAVE_STDINT_H=1 -DHAVE_UNISTD_H=1 -DHAVE_DLFCN_H=1 -DSTDC_HEADERS=1 -DHAVE_FLOAT_H=1 -DHAVE_MEMORY_H=1 -DHAVE_STDINT_H=1 -DHAVE_STDLIB_H=1 -DHAVE_STRING_H=1 -DHAVE_STDLIB_H=1 -DHAVE_MALLOC=1 -DHAVE_FLOOR=1 -DHAVE_MEMSET=1 -DHAVE_SQRT=1 -DHAVE_STRTOL=1'
DEPDIR='.deps'
DLLTOOL='dlltool'
DOWNLOADER_PROG='/usr/bin/wget -N'
DOWNLOADER_PROG_CMD='/usr/bin/wget'
ECHO='echo'
ECHO_C=''
ECHO_N='-n'
ECHO_T=''
EGREP='/usr/bin/grep -E'
EXEEXT='.exe'
F77=''
FFLAGS=''
GREP='/usr/bin/grep'
INSTALL_DATA='${INSTALL} -m 644'
INSTALL_PROGRAM='${INSTALL}'
INSTALL_SCRIPT='${INSTALL}'
INSTALL_STRIP_PROGRAM='${SHELL} $(install_sh) -c -s'
LDFLAGS=''
LIBOBJS=''
LIBS=''
LIBTOOL='$(SHELL) $(top_builddir)/libtool'
LN_S='ln -s'
LTLIBOBJS=''
MAKEINFO='${SHELL} /cygdrive/c/job/AppMakr/Media_test/ffmpeg/ffmpeg/amrnb/missing --run makeinfo'
OBJDUMP='objdump'
OBJEXT='o'
PACKAGE='amrnb'
PACKAGE_BUGREPORT='Stanislav Brabec <utx@penguin.cz>'
PACKAGE_NAME='amrnb'
PACKAGE_STRING='amrnb 7.0.0.2'
PACKAGE_TARNAME='amrnb'
PACKAGE_VERSION='7.0.0.2'
PARAMETER_EXPANSION_STRING_REPLACE_CAPABLE_SHELL='/bin/bash'
PATCH='/cygdrive/c/job/AppMakr/patch/bin/patch'
PATH_SEPARATOR=':'
RANLIB='ranlib'
SET_MAKE=''
SHELL='/bin/sh'
STRIP='strip'
UNZIP='/cygdrive/c/Program Files/Common Files/Symbian/tools/unzip'
VERSION='7.0.0.2'
ac_ct_CC='gcc'
ac_ct_CXX='g++'
ac_ct_F77=''
am__fastdepCC_FALSE='#'
am__fastdepCC_TRUE=''
am__fastdepCXX_FALSE='#'
am__fastdepCXX_TRUE=''
am__include='include'
am__leading_dot='.'
am__quote=''
am__tar='${AMTAR} chof - "$$tardir"'
am__untar='${AMTAR} xf -'
bindir='${exec_prefix}/bin'
build='i686-pc-cygwin'
build_alias=''
build_cpu='i686'
build_os='cygwin'
build_vendor='pc'
datadir='${datarootdir}'
datarootdir='${prefix}/share'
docdir='${datarootdir}/doc/${PACKAGE_TARNAME}'
dvidir='${docdir}'
exec_prefix='${prefix}'
host='i686-pc-cygwin'
host_alias=''
host_cpu='i686'
host_os='cygwin'
host_vendor='pc'
htmldir='${docdir}'
includedir='${prefix}/include'
infodir='${datarootdir}/info'
install_sh='/cygdrive/c/job/AppMakr/Media_test/ffmpeg/ffmpeg/amrnb/install-sh'
libdir='${exec_prefix}/lib'
libexecdir='${exec_prefix}/libexec'
localedir='${datarootdir}/locale'
localstatedir='${prefix}/var'
mandir='${datarootdir}/man'
mkdir_p='mkdir -p --'
oldincludedir='/usr/include'
pdfdir='${docdir}'
prefix='/usr/local'
program_transform_name='s,x,x,'
psdir='${docdir}'
sbindir='${exec_prefix}/sbin'
sharedstatedir='${prefix}/com'
sysconfdir='${prefix}/etc'
target_alias=''

## ----------- ##
## confdefs.h. ##
## ----------- ##

#define PACKAGE_NAME "amrnb"
#define PACKAGE_TARNAME "amrnb"
#define PACKAGE_VERSION "7.0.0.2"
#define PACKAGE_STRING "amrnb 7.0.0.2"
#define PACKAGE_BUGREPORT "Stanislav Brabec <utx@penguin.cz>"
#define PACKAGE "amrnb"
#define VERSION "7.0.0.2"
#define STDC_HEADERS 1
#define HAVE_SYS_TYPES_H 1
#define HAVE_SYS_STAT_H 1
#define HAVE_STDLIB_H 1
#define HAVE_STRING_H 1
#define HAVE_MEMORY_H 1
#define HAVE_STRINGS_H 1
#define HAVE_INTTYPES_H 1
#define HAVE_STDINT_H 1
#define HAVE_UNISTD_H 1
#define HAVE_DLFCN_H 1
#define STDC_HEADERS 1
#define HAVE_FLOAT_H 1
#define HAVE_MEMORY_H 1
#define HAVE_STDINT_H 1
#define HAVE_STDLIB_H 1
#define HAVE_STRING_H 1
#define HAVE_STDLIB_H 1
#define HAVE_MALLOC 1
#define HAVE_FLOOR 1
#define HAVE_MEMSET 1
#define HAVE_SQRT 1
#define HAVE_STRTOL 1

configure: exit 0
