This file contains any messages produced by compilers while
running configure, to aid debugging if configure makes a mistake.

It was created by amrwb configure 7.0.0.4, which was
generated by GNU Autoconf 2.68.  Invocation command line was

  $ ./configure 

## --------- ##
## Platform. ##
## --------- ##

hostname = rv059
uname -m = i686
uname -r = 1.7.8(0.236/5/3)
uname -s = CYGWIN_NT-5.1
uname -v = 2011-03-01 09:36

/usr/bin/uname -p = unknown
/bin/uname -X     = unknown

/bin/arch              = i686
/usr/bin/arch -k       = unknown
/usr/convex/getsysinfo = unknown
/usr/bin/hostinfo      = unknown
/bin/machine           = unknown
/usr/bin/oslevel       = unknown
/bin/universe          = unknown

PATH: /usr/local/bin
PATH: /usr/bin
PATH: /cygdrive/c/Program Files/PC Connectivity Solution
PATH: /cygdrive/c/Perl/site/bin
PATH: /cygdrive/c/Perl/bin
PATH: /cygdrive/c/windows/system32
PATH: /cygdrive/c/windows
PATH: /cygdrive/c/windows/System32/Wbem
PATH: /cygdrive/c/Program Files/Intel/DMIX
PATH: /cygdrive/c/Program Files/Microsoft SQL Server/90/Tools/binn
PATH: /cygdrive/c/Program Files/TortoiseSVN/bin
PATH: /cygdrive/c/Qts/qt-4.7.1/bin
PATH: /cygdrive/c/windows/system32/WindowsPowerShell/v1.0
PATH: /cygdrive/c/Program Files/Visual Leak Detector/bin
PATH: /cygdrive/c/Python26
PATH: /cygdrive/c/Python26/Scripts
PATH: /cygdrive/c/Program Files/Git/cmd
PATH: /cygdrive/c/Program Files/TortoiseGit/bin
PATH: /cygdrive/c/Program Files/Kaspersky Lab/Kaspersky Anti-Virus 6.0 for Windows Workstations MP4
PATH: /cygdrive/c/job/AppMakr/patch/bin
PATH: /cygdrive/c/Program Files/Common Files/Symbian/tools
PATH: /cygdrive/c/Program Files/Subversion/bin
PATH: /cygdrive/c/VLD/bin
PATH: /cygdrive/f/Program Files/QuickTime/QTSystem
PATH: /cygdrive/c/Program Files/GnuWin32/bin
PATH: /cygdrive/c/Nokia/CodeSourcery/Sourcery G++ Lite/bin
PATH: /cygdrive/c/Program Files/PC Connectivity Solution
PATH: /cygdrive/c/windows/system32
PATH: /cygdrive/c/windows
PATH: /cygdrive/c/windows/System32/Wbem
PATH: /cygdrive/c/Program Files/Intel/DMIX
PATH: /cygdrive/c/Program Files/Microsoft SQL Server/90/Tools/binn
PATH: /cygdrive/c/Program Files/TortoiseSVN/bin
PATH: /cygdrive/c/Qts/qt-4.7.1/bin
PATH: /cygdrive/c/windows/system32/WindowsPowerShell/v1.0
PATH: /cygdrive/c/Program Files/Visual Leak Detector/bin
PATH: /cygdrive/c/Python26
PATH: /cygdrive/c/Python26/Scripts
PATH: /cygdrive/c/Program Files/Git/cmd
PATH: /cygdrive/c/Program Files/TortoiseGit/bin
PATH: /cygdrive/c/Program Files/Kaspersky Lab/Kaspersky Anti-Virus 6.0 for Windows Workstations MP4
PATH: /cygdrive/c/HookLogger


## ----------- ##
## Core tests. ##
## ----------- ##

configure:2715: checking for a BSD-compatible install
configure:2783: result: /usr/bin/install -c
configure:2794: checking whether build environment is sane
configure:2831: result: yes
configure:2893: checking for gawk
configure:2909: found /usr/bin/gawk
configure:2920: result: gawk
configure:2931: checking whether make sets $(MAKE)
configure:2953: result: yes
configure:3181: checking for gcc
configure:3197: found /usr/bin/gcc
configure:3208: result: gcc
configure:3437: checking for C compiler version
configure:3446: gcc --version >&5
gcc (GCC) 4.3.4 20090804 (release) 1
Copyright (C) 2008 Free Software Foundation, Inc.
This is free software; see the source for copying conditions.  There is NO
warranty; not even for MERCHANTABILITY or FITNESS FOR A PARTICULAR PURPOSE.

configure:3457: $? = 0
configure:3446: gcc -v >&5
Using built-in specs.
Target: i686-pc-cygwin
Configured with: /gnu/gcc/releases/respins/4.3.4-4/gcc4-4.3.4-4/src/gcc-4.3.4/configure --srcdir=/gnu/gcc/releases/respins/4.3.4-4/gcc4-4.3.4-4/src/gcc-4.3.4 --prefix=/usr --exec-prefix=/usr --bindir=/usr/bin --sbindir=/usr/sbin --libexecdir=/usr/lib --datadir=/usr/share --localstatedir=/var --sysconfdir=/etc --infodir=/usr/share/info --mandir=/usr/share/man -C --datadir=/usr/share --infodir=/usr/share/info --mandir=/usr/share/man -v --with-gmp=/usr --with-mpfr=/usr --enable-bootstrap --enable-version-specific-runtime-libs --with-slibdir=/usr/bin --libexecdir=/usr/lib --enable-static --enable-shared --enable-shared-libgcc --disable-__cxa_atexit --with-gnu-ld --with-gnu-as --with-dwarf2 --disable-sjlj-exceptions --enable-languages=ada,c,c++,fortran,java,objc,obj-c++ --disable-symvers --enable-libjava --program-suffix=-4 --enable-libgomp --enable-libssp --enable-libada --enable-threads=posix --with-arch=i686 --with-tune=generic --enable-libgcj-sublibs CC=gcc-4 CXX=g++-4 CC_FOR_TARGET=gcc-4 CXX_FOR_TARGET=g++-4 GNATMAKE_FOR_TARGET=gnatmake GNATBIND_FOR_TARGET=gnatbind --with-ecj-jar=/usr/share/java/ecj.jar
Thread model: posix
gcc version 4.3.4 20090804 (release) 1 (GCC) 
configure:3457: $? = 0
configure:3446: gcc -V >&5
gcc: '-V' option must have argument
configure:3457: $? = 1
configure:3446: gcc -qversion >&5
gcc: unrecognized option '-qversion'
gcc: no input files
configure:3457: $? = 1
configure:3477: checking whether the C compiler works
configure:3499: gcc    conftest.c  >&5
configure:3503: $? = 0
configure:3551: result: yes
configure:3554: checking for C compiler default output file name
configure:3556: result: a.exe
configure:3562: checking for suffix of executables
configure:3569: gcc -o conftest.exe    conftest.c  >&5
configure:3573: $? = 0
configure:3595: result: .exe
configure:3617: checking whether we are cross compiling
configure:3625: gcc -o conftest.exe    conftest.c  >&5
configure:3629: $? = 0
configure:3636: ./conftest.exe
configure:3640: $? = 0
configure:3655: result: no
configure:3660: checking for suffix of object files
configure:3682: gcc -c   conftest.c >&5
configure:3686: $? = 0
configure:3707: result: o
configure:3711: checking whether we are using the GNU C compiler
configure:3730: gcc -c   conftest.c >&5
configure:3730: $? = 0
configure:3739: result: yes
configure:3748: checking whether gcc accepts -g
configure:3768: gcc -c -g  conftest.c >&5
configure:3768: $? = 0
configure:3809: result: yes
configure:3826: checking for gcc option to accept ISO C89
configure:3890: gcc  -c -g -O2  conftest.c >&5
configure:3890: $? = 0
configure:3903: result: none needed
configure:3934: checking for style of include used by make
configure:3962: result: GNU
configure:3990: checking dependency style of gcc
configure:4080: result: gcc3
configure:4098: checking whether gcc and cc understand -c and -o together
configure:4129: gcc -c conftest.c -o conftest2.o >&5
configure:4133: $? = 0
configure:4139: gcc -c conftest.c -o conftest2.o >&5
configure:4143: $? = 0
configure:4154: cc -c conftest.c >&5
configure:4158: $? = 0
configure:4166: cc -c conftest.c -o conftest2.o >&5
configure:4170: $? = 0
configure:4176: cc -c conftest.c -o conftest2.o >&5
configure:4180: $? = 0
configure:4198: result: yes
configure:4226: checking how to run the C preprocessor
configure:4257: gcc -E  conftest.c
configure:4257: $? = 0
configure:4271: gcc -E  conftest.c
conftest.c:11:28: error: ac_nonexistent.h: No such file or directory
configure:4271: $? = 1
configure: failed program was:
| /* confdefs.h */
| #define PACKAGE_NAME "amrwb"
| #define PACKAGE_TARNAME "amrwb"
| #define PACKAGE_VERSION "7.0.0.4"
| #define PACKAGE_STRING "amrwb 7.0.0.4"
| #define PACKAGE_BUGREPORT "Stanislav Brabec <utx@penguin.cz>"
| #define PACKAGE_URL ""
| #define PACKAGE "amrwb"
| #define VERSION "7.0.0.4"
| /* end confdefs.h.  */
| #include <ac_nonexistent.h>
configure:4296: result: gcc -E
configure:4316: gcc -E  conftest.c
configure:4316: $? = 0
configure:4330: gcc -E  conftest.c
conftest.c:11:28: error: ac_nonexistent.h: No such file or directory
configure:4330: $? = 1
configure: failed program was:
| /* confdefs.h */
| #define PACKAGE_NAME "amrwb"
| #define PACKAGE_TARNAME "amrwb"
| #define PACKAGE_VERSION "7.0.0.4"
| #define PACKAGE_STRING "amrwb 7.0.0.4"
| #define PACKAGE_BUGREPORT "Stanislav Brabec <utx@penguin.cz>"
| #define PACKAGE_URL ""
| #define PACKAGE "amrwb"
| #define VERSION "7.0.0.4"
| /* end confdefs.h.  */
| #include <ac_nonexistent.h>
configure:4359: checking whether ln -s works
configure:4363: result: yes
configure:4370: checking whether make sets $(MAKE)
configure:4392: result: yes
configure:4479: checking build system type
configure:4493: result: i686-pc-cygwin
configure:4513: checking host system type
configure:4526: result: i686-pc-cygwin
configure:4546: checking for a sed that does not truncate output
configure:4600: result: /usr/bin/sed
configure:4603: checking for grep that handles long lines and -e
configure:4661: result: /usr/bin/grep
configure:4666: checking for egrep
configure:4728: result: /usr/bin/grep -E
configure:4744: checking for ld used by gcc
configure:4811: result: /usr/i686-pc-cygwin/bin/ld.exe
configure:4818: checking if the linker (/usr/i686-pc-cygwin/bin/ld.exe) is GNU ld
configure:4833: result: yes
configure:4838: checking for /usr/i686-pc-cygwin/bin/ld.exe option to reload object files
configure:4845: result: -r
configure:4863: checking for BSD-compatible nm
configure:4912: result: /usr/bin/nm -B
configure:4916: checking how to recognise dependent libraries
configure:5092: result: file_magic ^x86 archive import|^x86 DLL
configure:5334: checking for dlltool
configure:5350: found /usr/bin/dlltool
configure:5361: result: dlltool
configure:5426: checking for as
configure:5442: found /usr/bin/as
configure:5453: result: as
configure:5518: checking for objdump
configure:5534: found /usr/bin/objdump
configure:5545: result: objdump
configure:5575: checking for ANSI C header files
configure:5595: gcc -c -g -O2  conftest.c >&5
configure:5595: $? = 0
configure:5668: gcc -o conftest.exe -g -O2   conftest.c  >&5
configure:5668: $? = 0
configure:5668: ./conftest.exe
configure:5668: $? = 0
configure:5679: result: yes
configure:5692: checking for sys/types.h
configure:5692: gcc -c -g -O2  conftest.c >&5
configure:5692: $? = 0
configure:5692: result: yes
configure:5692: checking for sys/stat.h
configure:5692: gcc -c -g -O2  conftest.c >&5
configure:5692: $? = 0
configure:5692: result: yes
configure:5692: checking for stdlib.h
configure:5692: gcc -c -g -O2  conftest.c >&5
configure:5692: $? = 0
configure:5692: result: yes
configure:5692: checking for string.h
configure:5692: gcc -c -g -O2  conftest.c >&5
configure:5692: $? = 0
configure:5692: result: yes
configure:5692: checking for memory.h
configure:5692: gcc -c -g -O2  conftest.c >&5
configure:5692: $? = 0
configure:5692: result: yes
configure:5692: checking for strings.h
configure:5692: gcc -c -g -O2  conftest.c >&5
configure:5692: $? = 0
configure:5692: result: yes
configure:5692: checking for inttypes.h
configure:5692: gcc -c -g -O2  conftest.c >&5
configure:5692: $? = 0
configure:5692: result: yes
configure:5692: checking for stdint.h
configure:5692: gcc -c -g -O2  conftest.c >&5
configure:5692: $? = 0
configure:5692: result: yes
configure:5692: checking for unistd.h
configure:5692: gcc -c -g -O2  conftest.c >&5
configure:5692: $? = 0
configure:5692: result: yes
configure:5706: checking dlfcn.h usability
configure:5706: gcc -c -g -O2  conftest.c >&5
configure:5706: $? = 0
configure:5706: result: yes
configure:5706: checking dlfcn.h presence
configure:5706: gcc -E  conftest.c
configure:5706: $? = 0
configure:5706: result: yes
configure:5706: checking for dlfcn.h
configure:5706: result: yes
configure:5774: checking for g++
configure:5790: found /usr/bin/g++
configure:5801: result: g++
configure:5828: checking for C++ compiler version
configure:5837: g++ --version >&5
g++ (GCC) 4.3.4 20090804 (release) 1
Copyright (C) 2008 Free Software Foundation, Inc.
This is free software; see the source for copying conditions.  There is NO
warranty; not even for MERCHANTABILITY or FITNESS FOR A PARTICULAR PURPOSE.

configure:5848: $? = 0
configure:5837: g++ -v >&5
Using built-in specs.
Target: i686-pc-cygwin
Configured with: /gnu/gcc/releases/respins/4.3.4-4/gcc4-4.3.4-4/src/gcc-4.3.4/configure --srcdir=/gnu/gcc/releases/respins/4.3.4-4/gcc4-4.3.4-4/src/gcc-4.3.4 --prefix=/usr --exec-prefix=/usr --bindir=/usr/bin --sbindir=/usr/sbin --libexecdir=/usr/lib --datadir=/usr/share --localstatedir=/var --sysconfdir=/etc --infodir=/usr/share/info --mandir=/usr/share/man -C --datadir=/usr/share --infodir=/usr/share/info --mandir=/usr/share/man -v --with-gmp=/usr --with-mpfr=/usr --enable-bootstrap --enable-version-specific-runtime-libs --with-slibdir=/usr/bin --libexecdir=/usr/lib --enable-static --enable-shared --enable-shared-libgcc --disable-__cxa_atexit --with-gnu-ld --with-gnu-as --with-dwarf2 --disable-sjlj-exceptions --enable-languages=ada,c,c++,fortran,java,objc,obj-c++ --disable-symvers --enable-libjava --program-suffix=-4 --enable-libgomp --enable-libssp --enable-libada --enable-threads=posix --with-arch=i686 --with-tune=generic --enable-libgcj-sublibs CC=gcc-4 CXX=g++-4 CC_FOR_TARGET=gcc-4 CXX_FOR_TARGET=g++-4 GNATMAKE_FOR_TARGET=gnatmake GNATBIND_FOR_TARGET=gnatbind --with-ecj-jar=/usr/share/java/ecj.jar
Thread model: posix
gcc version 4.3.4 20090804 (release) 1 (GCC) 
configure:5848: $? = 0
configure:5837: g++ -V >&5
g++: '-V' option must have argument
configure:5848: $? = 1
configure:5837: g++ -qversion >&5
g++: unrecognized option '-qversion'
g++: no input files
configure:5848: $? = 1
configure:5852: checking whether we are using the GNU C++ compiler
configure:5871: g++ -c   conftest.cpp >&5
configure:5871: $? = 0
configure:5880: result: yes
configure:5889: checking whether g++ accepts -g
configure:5909: g++ -c -g  conftest.cpp >&5
configure:5909: $? = 0
configure:5950: result: yes
configure:5975: checking dependency style of g++
configure:6065: result: gcc3
configure:6092: checking how to run the C++ preprocessor
configure:6119: g++ -E  conftest.cpp
configure:6119: $? = 0
configure:6133: g++ -E  conftest.cpp
conftest.cpp:22:28: error: ac_nonexistent.h: No such file or directory
configure:6133: $? = 1
configure: failed program was:
| /* confdefs.h */
| #define PACKAGE_NAME "amrwb"
| #define PACKAGE_TARNAME "amrwb"
| #define PACKAGE_VERSION "7.0.0.4"
| #define PACKAGE_STRING "amrwb 7.0.0.4"
| #define PACKAGE_BUGREPORT "Stanislav Brabec <utx@penguin.cz>"
| #define PACKAGE_URL ""
| #define PACKAGE "amrwb"
| #define VERSION "7.0.0.4"
| #define STDC_HEADERS 1
| #define HAVE_SYS_TYPES_H 1
| #define HAVE_SYS_STAT_H 1
| #define HAVE_STDLIB_H 1
| #define HAVE_STRING_H 1
| #define HAVE_MEMORY_H 1
| #define HAVE_STRINGS_H 1
| #define HAVE_INTTYPES_H 1
| #define HAVE_STDINT_H 1
| #define HAVE_UNISTD_H 1
| #define HAVE_DLFCN_H 1
| /* end confdefs.h.  */
| #include <ac_nonexistent.h>
configure:6158: result: g++ -E
configure:6178: g++ -E  conftest.cpp
configure:6178: $? = 0
configure:6192: g++ -E  conftest.cpp
conftest.cpp:22:28: error: ac_nonexistent.h: No such file or directory
configure:6192: $? = 1
configure: failed program was:
| /* confdefs.h */
| #define PACKAGE_NAME "amrwb"
| #define PACKAGE_TARNAME "amrwb"
| #define PACKAGE_VERSION "7.0.0.4"
| #define PACKAGE_STRING "amrwb 7.0.0.4"
| #define PACKAGE_BUGREPORT "Stanislav Brabec <utx@penguin.cz>"
| #define PACKAGE_URL ""
| #define PACKAGE "amrwb"
| #define VERSION "7.0.0.4"
| #define STDC_HEADERS 1
| #define HAVE_SYS_TYPES_H 1
| #define HAVE_SYS_STAT_H 1
| #define HAVE_STDLIB_H 1
| #define HAVE_STRING_H 1
| #define HAVE_MEMORY_H 1
| #define HAVE_STRINGS_H 1
| #define HAVE_INTTYPES_H 1
| #define HAVE_STDINT_H 1
| #define HAVE_UNISTD_H 1
| #define HAVE_DLFCN_H 1
| /* end confdefs.h.  */
| #include <ac_nonexistent.h>
configure:6276: checking for g77
configure:6306: result: no
configure:6276: checking for xlf
configure:6306: result: no
configure:6276: checking for f77
configure:6306: result: no
configure:6276: checking for frt
configure:6306: result: no
configure:6276: checking for pgf77
configure:6306: result: no
configure:6276: checking for cf77
configure:6306: result: no
configure:6276: checking for fort77
configure:6306: result: no
configure:6276: checking for fl32
configure:6306: result: no
configure:6276: checking for af77
configure:6306: result: no
configure:6276: checking for xlf90
configure:6306: result: no
configure:6276: checking for f90
configure:6306: result: no
configure:6276: checking for pgf90
configure:6306: result: no
configure:6276: checking for pghpf
configure:6306: result: no
configure:6276: checking for epcf90
configure:6306: result: no
configure:6276: checking for gfortran
configure:6306: result: no
configure:6276: checking for g95
configure:6306: result: no
configure:6276: checking for xlf95
configure:6306: result: no
configure:6276: checking for f95
configure:6306: result: no
configure:6276: checking for fort
configure:6306: result: no
configure:6276: checking for ifort
configure:6306: result: no
configure:6276: checking for ifc
configure:6306: result: no
configure:6276: checking for efc
configure:6306: result: no
configure:6276: checking for pgfortran
configure:6306: result: no
configure:6276: checking for pgf95
configure:6306: result: no
configure:6276: checking for lf95
configure:6306: result: no
configure:6276: checking for ftn
configure:6306: result: no
configure:6329: checking for Fortran 77 compiler version
configure:6338:  --version >&5
./configure: line 6340: --version: command not found
configure:6349: $? = 127
configure:6338:  -v >&5
./configure: line 6340: -v: command not found
configure:6349: $? = 127
configure:6338:  -V >&5
./configure: line 6340: -V: command not found
configure:6349: $? = 127
configure:6338:  -qversion >&5
./configure: line 6340: -qversion: command not found
configure:6349: $? = 127
configure:6358: checking whether we are using the GNU Fortran 77 compiler
configure:6371:  -c  conftest.F >&5
./configure: line 2123: -c: command not found
configure:6371: $? = 127
configure: failed program was:
|       program main
| #ifndef __GNUC__
|        choke me
| #endif
| 
|       end
configure:6380: result: no
configure:6386: checking whether  accepts -g
configure:6397:  -c -g conftest.f >&5
./configure: line 2123: -c: command not found
configure:6397: $? = 127
configure: failed program was:
|       program main
| 
|       end
configure:6405: result: no
configure:6439: checking the maximum length of command line arguments
configure:6548: result: 8192
configure:6559: checking command to parse /usr/bin/nm -B output from gcc object
configure:6664: gcc -c -g -O2  conftest.c >&5
configure:6667: $? = 0
configure:6671: /usr/bin/nm -B conftest.o \| sed -n -e 's/^.*[ 	]\([ABCDGIRSTW][ABCDGIRSTW]*\)[ 	][ 	]*\([_A-Za-z][_A-Za-z0-9]*\)$/\1 \2 \2/p' \> conftest.nm
configure:6674: $? = 0
cannot find nm_test_var in conftest.nm
configure:6664: gcc -c -g -O2  conftest.c >&5
configure:6667: $? = 0
configure:6671: /usr/bin/nm -B conftest.o \| sed -n -e 's/^.*[ 	]\([ABCDGIRSTW][ABCDGIRSTW]*\)[ 	][ 	]*_\([_A-Za-z][_A-Za-z0-9]*\)$/\1 _\2 \2/p' \> conftest.nm
configure:6674: $? = 0
configure:6726: gcc -o conftest.exe -g -O2   conftest.c conftstm.o >&5
configure:6729: $? = 0
configure:6767: result: ok
configure:6771: checking for objdir
configure:6786: result: .libs
configure:6878: checking for ar
configure:6894: found /usr/bin/ar
configure:6905: result: ar
configure:6970: checking for ranlib
configure:6986: found /usr/bin/ranlib
configure:6997: result: ranlib
configure:7062: checking for strip
configure:7078: found /usr/bin/strip
configure:7089: result: strip
configure:7371: checking if gcc supports -fno-rtti -fno-exceptions
configure:7389: gcc -c -g -O2  -fno-rtti -fno-exceptions conftest.c >&5
cc1: warning: command line option "-fno-rtti" is valid for C++/ObjC++ but not for C
configure:7393: $? = 0
configure:7406: result: no
configure:7421: checking for gcc option to produce PIC
configure:7631: result: 
configure:7702: checking if gcc static flag -static works
configure:7730: result: no
configure:7740: checking if gcc supports -c -o file.o
configure:7761: gcc -c -g -O2  -o out/conftest2.o conftest.c >&5
configure:7765: $? = 0
configure:7787: result: yes
configure:7813: checking whether the gcc linker (/usr/i686-pc-cygwin/bin/ld.exe) supports shared libraries
configure:8713: result: yes
configure:8734: checking whether -lc should be explicitly linked in
configure:8739: gcc -c -g -O2  conftest.c >&5
configure:8742: $? = 0
configure:8757: gcc -shared conftest.o  -v -o ./conftest -Wl,--enable-auto-image-base -Xlinker --out-implib -Xlinker conftest 2\>\&1 \| grep  -lc  \>/dev/null 2\>\&1
configure:8760: $? = 1
configure:8772: result: yes
configure:8780: checking dynamic linker characteristics
configure:9368: result: Win32 ld.exe
configure:9377: checking how to hardcode library paths into programs
configure:9402: result: immediate
configure:9416: checking whether stripping libraries is possible
configure:9421: result: yes
configure:9937: checking if libtool supports shared libraries
configure:9939: result: yes
configure:9942: checking whether to build shared libraries
configure:9963: result: yes
configure:9966: checking whether to build static libraries
configure:9970: result: yes
configure:10062: creating libtool
configure:10646: checking for ld used by g++
configure:10713: result: /usr/i686-pc-cygwin/bin/ld.exe
configure:10720: checking if the linker (/usr/i686-pc-cygwin/bin/ld.exe) is GNU ld
configure:10735: result: yes
configure:10786: checking whether the g++ linker (/usr/i686-pc-cygwin/bin/ld.exe) supports shared libraries
configure:11666: result: yes
configure:11684: g++ -c -g -O2  conftest.cpp >&5
configure:11687: $? = 0
configure:11806: checking for g++ option to produce PIC
configure:12080: result: 
configure:12151: checking if g++ static flag -static works
configure:12179: result: no
configure:12189: checking if g++ supports -c -o file.o
configure:12210: g++ -c -g -O2  -o out/conftest2.o conftest.cpp >&5
configure:12214: $? = 0
configure:12236: result: yes
configure:12262: checking whether the g++ linker (/usr/i686-pc-cygwin/bin/ld.exe) supports shared libraries
configure:12287: result: yes
configure:12354: checking dynamic linker characteristics
configure:12942: result: Win32 ld.exe
configure:12951: checking how to hardcode library paths into programs
configure:12976: result: immediate
configure:19014: checking for unzip
configure:19032: found /cygdrive/c/Program Files/Common Files/Symbian/tools/unzip
configure:19044: result: /cygdrive/c/Program Files/Common Files/Symbian/tools/unzip
configure:19057: checking for patch
configure:19075: found /cygdrive/c/job/AppMakr/patch/bin/patch
configure:19087: result: /cygdrive/c/job/AppMakr/patch/bin/patch
configure:19108: checking for /bin/bash
configure:19121: result: yes
configure:19246: checking for parameter expansion string replace capable shell
configure:19262: result: /bin/bash
configure:19288: checking for wget
configure:19306: found /usr/bin/wget
configure:19318: result: /usr/bin/wget
configure:19333: checking for web downloading command
configure:19362: result: /usr/bin/wget -N
configure:19376: checking for library containing sqrt
configure:19407: gcc -o conftest.exe -g -O2   conftest.c  >&5
conftest.c:29: warning: conflicting types for built-in function 'sqrt'
configure:19407: $? = 0
configure:19424: result: none required
configure:19434: checking for ANSI C header files
configure:19538: result: yes
configure:19549: checking float.h usability
configure:19549: gcc -c -g -O2  conftest.c >&5
configure:19549: $? = 0
configure:19549: result: yes
configure:19549: checking float.h presence
configure:19549: gcc -E  conftest.c
configure:19549: $? = 0
configure:19549: result: yes
configure:19549: checking for float.h
configure:19549: result: yes
configure:19549: checking for memory.h
configure:19549: result: yes
configure:19549: checking for stdint.h
configure:19549: result: yes
configure:19549: checking for stdlib.h
configure:19549: result: yes
configure:19549: checking for string.h
configure:19549: result: yes
configure:19565: checking for an ANSI C-conforming const
configure:19630: gcc -c -g -O2  conftest.c >&5
configure:19630: $? = 0
configure:19637: result: yes
configure:19645: checking for int16_t
configure:19645: gcc -c -g -O2  conftest.c >&5
configure:19645: $? = 0
configure:19645: gcc -c -g -O2  conftest.c >&5
conftest.c: In function 'main':
conftest.c:66: error: size of array 'test_array' is negative
configure:19645: $? = 1
configure: failed program was:
| /* confdefs.h */
| #define PACKAGE_NAME "amrwb"
| #define PACKAGE_TARNAME "amrwb"
| #define PACKAGE_VERSION "7.0.0.4"
| #define PACKAGE_STRING "amrwb 7.0.0.4"
| #define PACKAGE_BUGREPORT "Stanislav Brabec <utx@penguin.cz>"
| #define PACKAGE_URL ""
| #define PACKAGE "amrwb"
| #define VERSION "7.0.0.4"
| #define STDC_HEADERS 1
| #define HAVE_SYS_TYPES_H 1
| #define HAVE_SYS_STAT_H 1
| #define HAVE_STDLIB_H 1
| #define HAVE_STRING_H 1
| #define HAVE_MEMORY_H 1
| #define HAVE_STRINGS_H 1
| #define HAVE_INTTYPES_H 1
| #define HAVE_STDINT_H 1
| #define HAVE_UNISTD_H 1
| #define HAVE_DLFCN_H 1
| #define STDC_HEADERS 1
| #define HAVE_FLOAT_H 1
| #define HAVE_MEMORY_H 1
| #define HAVE_STDINT_H 1
| #define HAVE_STDLIB_H 1
| #define HAVE_STRING_H 1
| /* end confdefs.h.  */
| #include <stdio.h>
| #ifdef HAVE_SYS_TYPES_H
| # include <sys/types.h>
| #endif
| #ifdef HAVE_SYS_STAT_H
| # include <sys/stat.h>
| #endif
| #ifdef STDC_HEADERS
| # include <stdlib.h>
| # include <stddef.h>
| #else
| # ifdef HAVE_STDLIB_H
| #  include <stdlib.h>
| # endif
| #endif
| #ifdef HAVE_STRING_H
| # if !defined STDC_HEADERS && defined HAVE_MEMORY_H
| #  include <memory.h>
| # endif
| # include <string.h>
| #endif
| #ifdef HAVE_STRINGS_H
| # include <strings.h>
| #endif
| #ifdef HAVE_INTTYPES_H
| # include <inttypes.h>
| #endif
| #ifdef HAVE_STDINT_H
| # include <stdint.h>
| #endif
| #ifdef HAVE_UNISTD_H
| # include <unistd.h>
| #endif
| 	        enum { N = 16 / 2 - 1 };
| int
| main ()
| {
| static int test_array [1 - 2 * !((int16_t) (((((int16_t) 1 << N) << N) - 1) * 2 + 1)
| 		 < (int16_t) (((((int16_t) 1 << N) << N) - 1) * 2 + 2))];
| test_array [0] = 0
| 
|   ;
|   return 0;
| }
configure:19645: result: yes
configure:19656: checking for int32_t
configure:19656: gcc -c -g -O2  conftest.c >&5
configure:19656: $? = 0
configure:19656: gcc -c -g -O2  conftest.c >&5
conftest.c: In function 'main':
conftest.c:66: warning: integer overflow in expression
conftest.c:66: error: size of array 'test_array' is negative
configure:19656: $? = 1
configure: failed program was:
| /* confdefs.h */
| #define PACKAGE_NAME "amrwb"
| #define PACKAGE_TARNAME "amrwb"
| #define PACKAGE_VERSION "7.0.0.4"
| #define PACKAGE_STRING "amrwb 7.0.0.4"
| #define PACKAGE_BUGREPORT "Stanislav Brabec <utx@penguin.cz>"
| #define PACKAGE_URL ""
| #define PACKAGE "amrwb"
| #define VERSION "7.0.0.4"
| #define STDC_HEADERS 1
| #define HAVE_SYS_TYPES_H 1
| #define HAVE_SYS_STAT_H 1
| #define HAVE_STDLIB_H 1
| #define HAVE_STRING_H 1
| #define HAVE_MEMORY_H 1
| #define HAVE_STRINGS_H 1
| #define HAVE_INTTYPES_H 1
| #define HAVE_STDINT_H 1
| #define HAVE_UNISTD_H 1
| #define HAVE_DLFCN_H 1
| #define STDC_HEADERS 1
| #define HAVE_FLOAT_H 1
| #define HAVE_MEMORY_H 1
| #define HAVE_STDINT_H 1
| #define HAVE_STDLIB_H 1
| #define HAVE_STRING_H 1
| /* end confdefs.h.  */
| #include <stdio.h>
| #ifdef HAVE_SYS_TYPES_H
| # include <sys/types.h>
| #endif
| #ifdef HAVE_SYS_STAT_H
| # include <sys/stat.h>
| #endif
| #ifdef STDC_HEADERS
| # include <stdlib.h>
| # include <stddef.h>
| #else
| # ifdef HAVE_STDLIB_H
| #  include <stdlib.h>
| # endif
| #endif
| #ifdef HAVE_STRING_H
| # if !defined STDC_HEADERS && defined HAVE_MEMORY_H
| #  include <memory.h>
| # endif
| # include <string.h>
| #endif
| #ifdef HAVE_STRINGS_H
| # include <strings.h>
| #endif
| #ifdef HAVE_INTTYPES_H
| # include <inttypes.h>
| #endif
| #ifdef HAVE_STDINT_H
| # include <stdint.h>
| #endif
| #ifdef HAVE_UNISTD_H
| # include <unistd.h>
| #endif
| 	        enum { N = 32 / 2 - 1 };
| int
| main ()
| {
| static int test_array [1 - 2 * !((int32_t) (((((int32_t) 1 << N) << N) - 1) * 2 + 1)
| 		 < (int32_t) (((((int32_t) 1 << N) << N) - 1) * 2 + 2))];
| test_array [0] = 0
| 
|   ;
|   return 0;
| }
configure:19656: result: yes
configure:19667: checking for int8_t
configure:19667: gcc -c -g -O2  conftest.c >&5
configure:19667: $? = 0
configure:19667: gcc -c -g -O2  conftest.c >&5
conftest.c: In function 'main':
conftest.c:66: error: size of array 'test_array' is negative
configure:19667: $? = 1
configure: failed program was:
| /* confdefs.h */
| #define PACKAGE_NAME "amrwb"
| #define PACKAGE_TARNAME "amrwb"
| #define PACKAGE_VERSION "7.0.0.4"
| #define PACKAGE_STRING "amrwb 7.0.0.4"
| #define PACKAGE_BUGREPORT "Stanislav Brabec <utx@penguin.cz>"
| #define PACKAGE_URL ""
| #define PACKAGE "amrwb"
| #define VERSION "7.0.0.4"
| #define STDC_HEADERS 1
| #define HAVE_SYS_TYPES_H 1
| #define HAVE_SYS_STAT_H 1
| #define HAVE_STDLIB_H 1
| #define HAVE_STRING_H 1
| #define HAVE_MEMORY_H 1
| #define HAVE_STRINGS_H 1
| #define HAVE_INTTYPES_H 1
| #define HAVE_STDINT_H 1
| #define HAVE_UNISTD_H 1
| #define HAVE_DLFCN_H 1
| #define STDC_HEADERS 1
| #define HAVE_FLOAT_H 1
| #define HAVE_MEMORY_H 1
| #define HAVE_STDINT_H 1
| #define HAVE_STDLIB_H 1
| #define HAVE_STRING_H 1
| /* end confdefs.h.  */
| #include <stdio.h>
| #ifdef HAVE_SYS_TYPES_H
| # include <sys/types.h>
| #endif
| #ifdef HAVE_SYS_STAT_H
| # include <sys/stat.h>
| #endif
| #ifdef STDC_HEADERS
| # include <stdlib.h>
| # include <stddef.h>
| #else
| # ifdef HAVE_STDLIB_H
| #  include <stdlib.h>
| # endif
| #endif
| #ifdef HAVE_STRING_H
| # if !defined STDC_HEADERS && defined HAVE_MEMORY_H
| #  include <memory.h>
| # endif
| # include <string.h>
| #endif
| #ifdef HAVE_STRINGS_H
| # include <strings.h>
| #endif
| #ifdef HAVE_INTTYPES_H
| # include <inttypes.h>
| #endif
| #ifdef HAVE_STDINT_H
| # include <stdint.h>
| #endif
| #ifdef HAVE_UNISTD_H
| # include <unistd.h>
| #endif
| 	        enum { N = 8 / 2 - 1 };
| int
| main ()
| {
| static int test_array [1 - 2 * !((int8_t) (((((int8_t) 1 << N) << N) - 1) * 2 + 1)
| 		 < (int8_t) (((((int8_t) 1 << N) << N) - 1) * 2 + 2))];
| test_array [0] = 0
| 
|   ;
|   return 0;
| }
configure:19667: result: yes
configure:19678: checking for uint16_t
configure:19678: gcc -c -g -O2  conftest.c >&5
configure:19678: $? = 0
configure:19678: result: yes
configure:19694: checking for stdlib.h
configure:19694: result: yes
configure:19704: checking for GNU libc compatible malloc
configure:19728: gcc -o conftest.exe -g -O2   conftest.c  >&5
configure:19728: $? = 0
configure:19728: ./conftest.exe
configure:19728: $? = 0
configure:19738: result: yes
configure:19759: checking for working memcmp
configure:19802: gcc -o conftest.exe -g -O2   conftest.c  >&5
configure:19802: $? = 0
configure:19802: ./conftest.exe
configure:19802: $? = 0
configure:19812: result: yes
configure:19824: checking for floor
configure:19824: gcc -o conftest.exe -g -O2   conftest.c  >&5
conftest.c:53: warning: conflicting types for built-in function 'floor'
configure:19824: $? = 0
configure:19824: result: yes
configure:19824: checking for memmove
configure:19824: gcc -o conftest.exe -g -O2   conftest.c  >&5
conftest.c:54: warning: conflicting types for built-in function 'memmove'
configure:19824: $? = 0
configure:19824: result: yes
configure:19824: checking for memset
configure:19824: gcc -o conftest.exe -g -O2   conftest.c  >&5
conftest.c:55: warning: conflicting types for built-in function 'memset'
configure:19824: $? = 0
configure:19824: result: yes
configure:19824: checking for pow
configure:19824: gcc -o conftest.exe -g -O2   conftest.c  >&5
conftest.c:56: warning: conflicting types for built-in function 'pow'
configure:19824: $? = 0
configure:19824: result: yes
configure:19824: checking for sqrt
configure:19824: gcc -o conftest.exe -g -O2   conftest.c  >&5
conftest.c:57: warning: conflicting types for built-in function 'sqrt'
configure:19824: $? = 0
configure:19824: result: yes
configure:20002: creating ./config.status

## ---------------------- ##
## Running config.status. ##
## ---------------------- ##

This file was extended by amrwb config.status 7.0.0.4, which was
generated by GNU Autoconf 2.68.  Invocation command line was

  CONFIG_FILES    = 
  CONFIG_HEADERS  = 
  CONFIG_LINKS    = 
  CONFIG_COMMANDS = 
  $ ./config.status 

on rv059

config.status:815: creating Makefile
config.status:815: creating amrwb.spec
config.status:815: creating prepare_sources.sh
config.status:981: executing depfiles commands

## ---------------- ##
## Cache variables. ##
## ---------------- ##

ac_cv_build=i686-pc-cygwin
ac_cv_c_compiler_gnu=yes
ac_cv_c_const=yes
ac_cv_c_int16_t=yes
ac_cv_c_int32_t=yes
ac_cv_c_int8_t=yes
ac_cv_c_uint16_t=yes
ac_cv_cxx_compiler_gnu=yes
ac_cv_downloader_prog='/usr/bin/wget -N'
ac_cv_env_CCC_set=
ac_cv_env_CCC_value=
ac_cv_env_CC_set=
ac_cv_env_CC_value=
ac_cv_env_CFLAGS_set=
ac_cv_env_CFLAGS_value=
ac_cv_env_CPPFLAGS_set=
ac_cv_env_CPPFLAGS_value=
ac_cv_env_CPP_set=
ac_cv_env_CPP_value=
ac_cv_env_CXXCPP_set=
ac_cv_env_CXXCPP_value=
ac_cv_env_CXXFLAGS_set=
ac_cv_env_CXXFLAGS_value=
ac_cv_env_CXX_set=
ac_cv_env_CXX_value=
ac_cv_env_F77_set=
ac_cv_env_F77_value=
ac_cv_env_FFLAGS_set=
ac_cv_env_FFLAGS_value=
ac_cv_env_LDFLAGS_set=
ac_cv_env_LDFLAGS_value=
ac_cv_env_LIBS_set=
ac_cv_env_LIBS_value=
ac_cv_env_build_alias_set=
ac_cv_env_build_alias_value=
ac_cv_env_host_alias_set=
ac_cv_env_host_alias_value=
ac_cv_env_target_alias_set=
ac_cv_env_target_alias_value=
ac_cv_exeext=.exe
ac_cv_f77_compiler_gnu=no
ac_cv_file__bin_bash=yes
ac_cv_func_floor=yes
ac_cv_func_malloc_0_nonnull=yes
ac_cv_func_memcmp_working=yes
ac_cv_func_memmove=yes
ac_cv_func_memset=yes
ac_cv_func_pow=yes
ac_cv_func_sqrt=yes
ac_cv_header_dlfcn_h=yes
ac_cv_header_float_h=yes
ac_cv_header_inttypes_h=yes
ac_cv_header_memory_h=yes
ac_cv_header_stdc=yes
ac_cv_header_stdint_h=yes
ac_cv_header_stdlib_h=yes
ac_cv_header_string_h=yes
ac_cv_header_strings_h=yes
ac_cv_header_sys_stat_h=yes
ac_cv_header_sys_types_h=yes
ac_cv_header_unistd_h=yes
ac_cv_host=i686-pc-cygwin
ac_cv_objext=o
ac_cv_parameter_expansion_string_replace_capable_shell=/bin/bash
ac_cv_path_DOWNLOADER_PROG_CMD=/usr/bin/wget
ac_cv_path_EGREP='/usr/bin/grep -E'
ac_cv_path_GREP=/usr/bin/grep
ac_cv_path_PATCH=/cygdrive/c/job/AppMakr/patch/bin/patch
ac_cv_path_UNZIP='/cygdrive/c/Program Files/Common Files/Symbian/tools/unzip'
ac_cv_path_install='/usr/bin/install -c'
ac_cv_prog_AWK=gawk
ac_cv_prog_CPP='gcc -E'
ac_cv_prog_CXXCPP='g++ -E'
ac_cv_prog_ac_ct_AR=ar
ac_cv_prog_ac_ct_AS=as
ac_cv_prog_ac_ct_CC=gcc
ac_cv_prog_ac_ct_CXX=g++
ac_cv_prog_ac_ct_DLLTOOL=dlltool
ac_cv_prog_ac_ct_OBJDUMP=objdump
ac_cv_prog_ac_ct_RANLIB=ranlib
ac_cv_prog_ac_ct_STRIP=strip
ac_cv_prog_cc_c89=
ac_cv_prog_cc_g=yes
ac_cv_prog_cc_gcc_c_o=yes
ac_cv_prog_cxx_g=yes
ac_cv_prog_f77_g=no
ac_cv_prog_make_make_set=yes
ac_cv_search_sqrt='none required'
am_cv_CC_dependencies_compiler_type=gcc3
am_cv_CXX_dependencies_compiler_type=gcc3
lt_cv_deplibs_check_method='file_magic ^x86 archive import|^x86 DLL'
lt_cv_file_magic_cmd=func_win32_libid
lt_cv_file_magic_test_file=
lt_cv_ld_reload_flag=-r
lt_cv_objdir=.libs
lt_cv_path_LD=/usr/i686-pc-cygwin/bin/ld.exe
lt_cv_path_LDCXX=/usr/i686-pc-cygwin/bin/ld.exe
lt_cv_path_NM='/usr/bin/nm -B'
lt_cv_path_SED=/usr/bin/sed
lt_cv_prog_compiler_c_o=yes
lt_cv_prog_compiler_c_o_CXX=yes
lt_cv_prog_compiler_rtti_exceptions=no
lt_cv_prog_gnu_ld=yes
lt_cv_prog_gnu_ldcxx=yes
lt_cv_sys_global_symbol_pipe='sed -n -e '\''s/^.*[ 	]\([ABCDGIRSTW][ABCDGIRSTW]*\)[ 	][ 	]*_\([_A-Za-z][_A-Za-z0-9]*\)$/\1 _\2 \2/p'\'''
lt_cv_sys_global_symbol_to_c_name_address='sed -n -e '\''s/^: \([^ ]*\) $/  {\"\1\", (lt_ptr) 0},/p'\'' -e '\''s/^[BCDEGRST] \([^ ]*\) \([^ ]*\)$/  {"\2", (lt_ptr) \&\2},/p'\'''
lt_cv_sys_global_symbol_to_cdecl='sed -n -e '\''s/^. .* \(.*\)$/extern int \1;/p'\'''
lt_cv_sys_max_cmd_len=8192
lt_lt_cv_prog_compiler_c_o='"yes"'
lt_lt_cv_prog_compiler_c_o_CXX='"yes"'
lt_lt_cv_sys_global_symbol_pipe='"sed -n -e '\''s/^.*[ 	]\\([ABCDGIRSTW][ABCDGIRSTW]*\\)[ 	][ 	]*_\\([_A-Za-z][_A-Za-z0-9]*\\)\$/\\1 _\\2 \\2/p'\''"'
lt_lt_cv_sys_global_symbol_to_c_name_address='"sed -n -e '\''s/^: \\([^ ]*\\) \$/  {\\\"\\1\\\", (lt_ptr) 0},/p'\'' -e '\''s/^[BCDEGRST] \\([^ ]*\\) \\([^ ]*\\)\$/  {\"\\2\", (lt_ptr) \\&\\2},/p'\''"'
lt_lt_cv_sys_global_symbol_to_cdecl='"sed -n -e '\''s/^. .* \\(.*\\)\$/extern int \\1;/p'\''"'

## ----------------- ##
## Output variables. ##
## ----------------- ##

ACLOCAL='${SHELL} /cygdrive/c/job/AppMakr/Media_test/ffmpeg/ffmpeg/amrwb/missing --run aclocal-1.9'
AMDEPBACKSLASH='\'
AMDEP_FALSE='#'
AMDEP_TRUE=''
AMTAR='${SHELL} /cygdrive/c/job/AppMakr/Media_test/ffmpeg/ffmpeg/amrwb/missing --run tar'
AR='ar'
AS='as'
ASH=''
AUTOCONF='${SHELL} /cygdrive/c/job/AppMakr/Media_test/ffmpeg/ffmpeg/amrwb/missing --run autoconf'
AUTOHEADER='${SHELL} /cygdrive/c/job/AppMakr/Media_test/ffmpeg/ffmpeg/amrwb/missing --run autoheader'
AUTOMAKE='${SHELL} /cygdrive/c/job/AppMakr/Media_test/ffmpeg/ffmpeg/amrwb/missing --run automake-1.9'
AWK='gawk'
BASH='/bin/bash'
CC='gcc'
CCDEPMODE='depmode=gcc3'
CFLAGS='-g -O2'
CPP='gcc -E'
CPPFLAGS=''
CXX='g++'
CXXCPP='g++ -E'
CXXDEPMODE='depmode=gcc3'
CXXFLAGS='-g -O2'
CYGPATH_W='cygpath -w'
DEFS='-DPACKAGE_NAME=\"amrwb\" -DPACKAGE_TARNAME=\"amrwb\" -DPACKAGE_VERSION=\"7.0.0.4\" -DPACKAGE_STRING=\"amrwb\ 7.0.0.4\" -DPACKAGE_BUGREPORT=\"Stanislav\ Brabec\ \<utx@penguin.cz\>\" -DPACKAGE_URL=\"\" -DPACKAGE=\"amrwb\" -DVERSION=\"7.0.0.4\" -DSTDC_HEADERS=1 -DHAVE_SYS_TYPES_H=1 -DHAVE_SYS_STAT_H=1 -DHAVE_STDLIB_H=1 -DHAVE_STRING_H=1 -DHAVE_MEMORY_H=1 -DHAVE_STRINGS_H=1 -DHAVE_INTTYPES_H=1 -DHAVE_STDINT_H=1 -DHAVE_UNISTD_H=1 -DHAVE_DLFCN_H=1 -DSTDC_HEADERS=1 -DHAVE_FLOAT_H=1 -DHAVE_MEMORY_H=1 -DHAVE_STDINT_H=1 -DHAVE_STDLIB_H=1 -DHAVE_STRING_H=1 -DHAVE_STDLIB_H=1 -DHAVE_MALLOC=1 -DHAVE_FLOOR=1 -DHAVE_MEMMOVE=1 -DHAVE_MEMSET=1 -DHAVE_POW=1 -DHAVE_SQRT=1'
DEPDIR='.deps'
DLLTOOL='dlltool'
DOWNLOADER_PROG='/usr/bin/wget -N'
DOWNLOADER_PROG_CMD='/usr/bin/wget'
ECHO='echo'
ECHO_C=''
ECHO_N='-n'
ECHO_T=''
EGREP='/usr/bin/grep -E'
EXEEXT='.exe'
F77=''
FFLAGS=''
GREP='/usr/bin/grep'
INSTALL_DATA='${INSTALL} -m 644'
INSTALL_PROGRAM='${INSTALL}'
INSTALL_SCRIPT='${INSTALL}'
INSTALL_STRIP_PROGRAM='${SHELL} $(install_sh) -c -s'
LDFLAGS=''
LIBOBJS=''
LIBS=''
LIBTOOL='$(SHELL) $(top_builddir)/libtool'
LN_S='ln -s'
LTLIBOBJS=''
MAKEINFO='${SHELL} /cygdrive/c/job/AppMakr/Media_test/ffmpeg/ffmpeg/amrwb/missing --run makeinfo'
OBJDUMP='objdump'
OBJEXT='o'
PACKAGE='amrwb'
PACKAGE_BUGREPORT='Stanislav Brabec <utx@penguin.cz>'
PACKAGE_NAME='amrwb'
PACKAGE_STRING='amrwb 7.0.0.4'
PACKAGE_TARNAME='amrwb'
PACKAGE_URL=''
PACKAGE_VERSION='7.0.0.4'
PARAMETER_EXPANSION_STRING_REPLACE_CAPABLE_SHELL='/bin/bash'
PATCH='/cygdrive/c/job/AppMakr/patch/bin/patch'
PATH_SEPARATOR=':'
RANLIB='ranlib'
SET_MAKE=''
SHELL='/bin/sh'
STRIP='strip'
UNZIP='/cygdrive/c/Program Files/Common Files/Symbian/tools/unzip'
VERSION='7.0.0.4'
ac_ct_CC='gcc'
ac_ct_CXX='g++'
ac_ct_F77=''
am__fastdepCC_FALSE='#'
am__fastdepCC_TRUE=''
am__fastdepCXX_FALSE='#'
am__fastdepCXX_TRUE=''
am__include='include'
am__leading_dot='.'
am__quote=''
am__tar='${AMTAR} chof - "$$tardir"'
am__untar='${AMTAR} xf -'
bindir='${exec_prefix}/bin'
build='i686-pc-cygwin'
build_alias=''
build_cpu='i686'
build_os='cygwin'
build_vendor='pc'
datadir='${datarootdir}'
datarootdir='${prefix}/share'
docdir='${datarootdir}/doc/${PACKAGE_TARNAME}'
dvidir='${docdir}'
exec_prefix='${prefix}'
host='i686-pc-cygwin'
host_alias=''
host_cpu='i686'
host_os='cygwin'
host_vendor='pc'
htmldir='${docdir}'
includedir='${prefix}/include'
infodir='${datarootdir}/info'
install_sh='/cygdrive/c/job/AppMakr/Media_test/ffmpeg/ffmpeg/amrwb/install-sh'
libdir='${exec_prefix}/lib'
libexecdir='${exec_prefix}/libexec'
localedir='${datarootdir}/locale'
localstatedir='${prefix}/var'
mandir='${datarootdir}/man'
mkdir_p='mkdir -p --'
oldincludedir='/usr/include'
pdfdir='${docdir}'
prefix='/usr/local'
program_transform_name='s,x,x,'
psdir='${docdir}'
sbindir='${exec_prefix}/sbin'
sharedstatedir='${prefix}/com'
sysconfdir='${prefix}/etc'
target_alias=''

## ----------- ##
## confdefs.h. ##
## ----------- ##

/* confdefs.h */
#define PACKAGE_NAME "amrwb"
#define PACKAGE_TARNAME "amrwb"
#define PACKAGE_VERSION "7.0.0.4"
#define PACKAGE_STRING "amrwb 7.0.0.4"
#define PACKAGE_BUGREPORT "Stanislav Brabec <utx@penguin.cz>"
#define PACKAGE_URL ""
#define PACKAGE "amrwb"
#define VERSION "7.0.0.4"
#define STDC_HEADERS 1
#define HAVE_SYS_TYPES_H 1
#define HAVE_SYS_STAT_H 1
#define HAVE_STDLIB_H 1
#define HAVE_STRING_H 1
#define HAVE_MEMORY_H 1
#define HAVE_STRINGS_H 1
#define HAVE_INTTYPES_H 1
#define HAVE_STDINT_H 1
#define HAVE_UNISTD_H 1
#define HAVE_DLFCN_H 1
#define STDC_HEADERS 1
#define HAVE_FLOAT_H 1
#define HAVE_MEMORY_H 1
#define HAVE_STDINT_H 1
#define HAVE_STDLIB_H 1
#define HAVE_STRING_H 1
#define HAVE_STDLIB_H 1
#define HAVE_MALLOC 1
#define HAVE_FLOOR 1
#define HAVE_MEMMOVE 1
#define HAVE_MEMSET 1
#define HAVE_POW 1
#define HAVE_SQRT 1

configure: exit 0
