This file contains any messages produced by compilers while
running configure, to aid debugging if configure makes a mistake.

It was created by configure, which was
generated by GNU Autoconf 2.68.  Invocation command line was

  $ ./configure 

## --------- ##
## Platform. ##
## --------- ##

hostname = rv059
uname -m = i686
uname -r = 1.7.8(0.236/5/3)
uname -s = CYGWIN_NT-5.1
uname -v = 2011-03-01 09:36

/usr/bin/uname -p = unknown
/bin/uname -X     = unknown

/bin/arch              = i686
/usr/bin/arch -k       = unknown
/usr/convex/getsysinfo = unknown
/usr/bin/hostinfo      = unknown
/bin/machine           = unknown
/usr/bin/oslevel       = unknown
/bin/universe          = unknown

PATH: /usr/local/bin
PATH: /usr/bin
PATH: /cygdrive/c/Program Files/PC Connectivity Solution
PATH: /cygdrive/c/Perl/site/bin
PATH: /cygdrive/c/Perl/bin
PATH: /cygdrive/c/windows/system32
PATH: /cygdrive/c/windows
PATH: /cygdrive/c/windows/System32/Wbem
PATH: /cygdrive/c/Program Files/Intel/DMIX
PATH: /cygdrive/c/Program Files/Microsoft SQL Server/90/Tools/binn
PATH: /cygdrive/c/Program Files/TortoiseSVN/bin
PATH: /cygdrive/c/Qts/qt-4.7.1/bin
PATH: /cygdrive/c/windows/system32/WindowsPowerShell/v1.0
PATH: /cygdrive/c/Program Files/Visual Leak Detector/bin
PATH: /cygdrive/c/Python26
PATH: /cygdrive/c/Python26/Scripts
PATH: /cygdrive/c/Program Files/Git/cmd
PATH: /cygdrive/c/Program Files/TortoiseGit/bin
PATH: /cygdrive/c/Program Files/Kaspersky Lab/Kaspersky Anti-Virus 6.0 for Windows Workstations MP4
PATH: /cygdrive/c/job/AppMakr/patch/bin
PATH: /cygdrive/c/Program Files/Common Files/Symbian/tools
PATH: /cygdrive/c/Program Files/Subversion/bin
PATH: /cygdrive/c/VLD/bin
PATH: /cygdrive/f/Program Files/QuickTime/QTSystem
PATH: /cygdrive/c/Program Files/GnuWin32/bin
PATH: /cygdrive/c/Nokia/CodeSourcery/Sourcery G++ Lite/bin
PATH: /cygdrive/c/Program Files/PC Connectivity Solution
PATH: /cygdrive/c/windows/system32
PATH: /cygdrive/c/windows
PATH: /cygdrive/c/windows/System32/Wbem
PATH: /cygdrive/c/Program Files/Intel/DMIX
PATH: /cygdrive/c/Program Files/Microsoft SQL Server/90/Tools/binn
PATH: /cygdrive/c/Program Files/TortoiseSVN/bin
PATH: /cygdrive/c/Qts/qt-4.7.1/bin
PATH: /cygdrive/c/windows/system32/WindowsPowerShell/v1.0
PATH: /cygdrive/c/Program Files/Visual Leak Detector/bin
PATH: /cygdrive/c/Python26
PATH: /cygdrive/c/Python26/Scripts
PATH: /cygdrive/c/Program Files/Git/cmd
PATH: /cygdrive/c/Program Files/TortoiseGit/bin
PATH: /cygdrive/c/Program Files/Kaspersky Lab/Kaspersky Anti-Virus 6.0 for Windows Workstations MP4
PATH: /cygdrive/c/HookLogger


## ----------- ##
## Core tests. ##
## ----------- ##

configure:2430: checking for g++
configure:2446: found /usr/bin/g++
configure:2457: result: g++
configure:2484: checking for C++ compiler version
configure:2493: g++ --version >&5
g++ (GCC) 4.3.4 20090804 (release) 1
Copyright (C) 2008 Free Software Foundation, Inc.
This is free software; see the source for copying conditions.  There is NO
warranty; not even for MERCHANTABILITY or FITNESS FOR A PARTICULAR PURPOSE.

configure:2504: $? = 0
configure:2493: g++ -v >&5
Using built-in specs.
Target: i686-pc-cygwin
Configured with: /gnu/gcc/releases/respins/4.3.4-4/gcc4-4.3.4-4/src/gcc-4.3.4/configure --srcdir=/gnu/gcc/releases/respins/4.3.4-4/gcc4-4.3.4-4/src/gcc-4.3.4 --prefix=/usr --exec-prefix=/usr --bindir=/usr/bin --sbindir=/usr/sbin --libexecdir=/usr/lib --datadir=/usr/share --localstatedir=/var --sysconfdir=/etc --infodir=/usr/share/info --mandir=/usr/share/man -C --datadir=/usr/share --infodir=/usr/share/info --mandir=/usr/share/man -v --with-gmp=/usr --with-mpfr=/usr --enable-bootstrap --enable-version-specific-runtime-libs --with-slibdir=/usr/bin --libexecdir=/usr/lib --enable-static --enable-shared --enable-shared-libgcc --disable-__cxa_atexit --with-gnu-ld --with-gnu-as --with-dwarf2 --disable-sjlj-exceptions --enable-languages=ada,c,c++,fortran,java,objc,obj-c++ --disable-symvers --enable-libjava --program-suffix=-4 --enable-libgomp --enable-libssp --enable-libada --enable-threads=posix --with-arch=i686 --with-tune=generic --enable-libgcj-sublibs CC=gcc-4 CXX=g++-4 CC_FOR_TARGET=gcc-4 CXX_FOR_TARGET=g++-4 GNATMAKE_FOR_TARGET=gnatmake GNATBIND_FOR_TARGET=gnatbind --with-ecj-jar=/usr/share/java/ecj.jar
Thread model: posix
gcc version 4.3.4 20090804 (release) 1 (GCC) 
configure:2504: $? = 0
configure:2493: g++ -V >&5
g++: '-V' option must have argument
configure:2504: $? = 1
configure:2493: g++ -qversion >&5
g++: unrecognized option '-qversion'
g++: no input files
configure:2504: $? = 1
configure:2524: checking whether the C++ compiler works
configure:2546: g++    conftest.cpp  >&5
configure:2550: $? = 0
configure:2598: result: yes
configure:2601: checking for C++ compiler default output file name
configure:2603: result: a.exe
configure:2609: checking for suffix of executables
configure:2616: g++ -o conftest.exe    conftest.cpp  >&5
configure:2620: $? = 0
configure:2642: result: .exe
configure:2664: checking whether we are cross compiling
configure:2672: g++ -o conftest.exe    conftest.cpp  >&5
configure:2676: $? = 0
configure:2683: ./conftest.exe
configure:2687: $? = 0
configure:2702: result: no
configure:2707: checking for suffix of object files
configure:2729: g++ -c   conftest.cpp >&5
configure:2733: $? = 0
configure:2754: result: o
configure:2758: checking whether we are using the GNU C++ compiler
configure:2777: g++ -c   conftest.cpp >&5
configure:2777: $? = 0
configure:2786: result: yes
configure:2795: checking whether g++ accepts -g
configure:2815: g++ -c -g  conftest.cpp >&5
configure:2815: $? = 0
configure:2856: result: yes
configure:2924: checking for a BSD-compatible install
configure:2992: result: /usr/bin/install -c
configure:3003: checking whether build environment is sane
configure:3053: result: yes
configure:3194: checking for a thread-safe mkdir -p
configure:3233: result: /usr/bin/mkdir -p
configure:3246: checking for gawk
configure:3262: found /usr/bin/gawk
configure:3273: result: gawk
configure:3284: checking whether make sets $(MAKE)
configure:3306: result: yes
configure:3336: checking for style of include used by make
configure:3364: result: GNU
configure:3449: checking dependency style of g++
configure:3559: result: gcc3
configure:3605: checking build system type
configure:3619: result: i686-pc-cygwin
configure:3639: checking host system type
configure:3652: result: i686-pc-cygwin
configure:3693: checking how to print strings
configure:3720: result: printf
configure:3789: checking for gcc
configure:3805: found /usr/bin/gcc
configure:3816: result: gcc
configure:4045: checking for C compiler version
configure:4054: gcc --version >&5
gcc (GCC) 4.3.4 20090804 (release) 1
Copyright (C) 2008 Free Software Foundation, Inc.
This is free software; see the source for copying conditions.  There is NO
warranty; not even for MERCHANTABILITY or FITNESS FOR A PARTICULAR PURPOSE.

configure:4065: $? = 0
configure:4054: gcc -v >&5
Using built-in specs.
Target: i686-pc-cygwin
Configured with: /gnu/gcc/releases/respins/4.3.4-4/gcc4-4.3.4-4/src/gcc-4.3.4/configure --srcdir=/gnu/gcc/releases/respins/4.3.4-4/gcc4-4.3.4-4/src/gcc-4.3.4 --prefix=/usr --exec-prefix=/usr --bindir=/usr/bin --sbindir=/usr/sbin --libexecdir=/usr/lib --datadir=/usr/share --localstatedir=/var --sysconfdir=/etc --infodir=/usr/share/info --mandir=/usr/share/man -C --datadir=/usr/share --infodir=/usr/share/info --mandir=/usr/share/man -v --with-gmp=/usr --with-mpfr=/usr --enable-bootstrap --enable-version-specific-runtime-libs --with-slibdir=/usr/bin --libexecdir=/usr/lib --enable-static --enable-shared --enable-shared-libgcc --disable-__cxa_atexit --with-gnu-ld --with-gnu-as --with-dwarf2 --disable-sjlj-exceptions --enable-languages=ada,c,c++,fortran,java,objc,obj-c++ --disable-symvers --enable-libjava --program-suffix=-4 --enable-libgomp --enable-libssp --enable-libada --enable-threads=posix --with-arch=i686 --with-tune=generic --enable-libgcj-sublibs CC=gcc-4 CXX=g++-4 CC_FOR_TARGET=gcc-4 CXX_FOR_TARGET=g++-4 GNATMAKE_FOR_TARGET=gnatmake GNATBIND_FOR_TARGET=gnatbind --with-ecj-jar=/usr/share/java/ecj.jar
Thread model: posix
gcc version 4.3.4 20090804 (release) 1 (GCC) 
configure:4065: $? = 0
configure:4054: gcc -V >&5
gcc: '-V' option must have argument
configure:4065: $? = 1
configure:4054: gcc -qversion >&5
gcc: unrecognized option '-qversion'
gcc: no input files
configure:4065: $? = 1
configure:4069: checking whether we are using the GNU C compiler
configure:4088: gcc -c   conftest.c >&5
configure:4088: $? = 0
configure:4097: result: yes
configure:4106: checking whether gcc accepts -g
configure:4126: gcc -c -g  conftest.c >&5
configure:4126: $? = 0
configure:4167: result: yes
configure:4184: checking for gcc option to accept ISO C89
configure:4248: gcc  -c -g -O2  conftest.c >&5
configure:4248: $? = 0
configure:4261: result: none needed
configure:4283: checking dependency style of gcc
configure:4393: result: gcc3
configure:4408: checking for a sed that does not truncate output
configure:4472: result: /usr/bin/sed
configure:4490: checking for grep that handles long lines and -e
configure:4548: result: /usr/bin/grep
configure:4553: checking for egrep
configure:4615: result: /usr/bin/grep -E
configure:4620: checking for fgrep
configure:4682: result: /usr/bin/grep -F
configure:4717: checking for ld used by gcc
configure:4784: result: /usr/i686-pc-cygwin/bin/ld.exe
configure:4791: checking if the linker (/usr/i686-pc-cygwin/bin/ld.exe) is GNU ld
configure:4806: result: yes
configure:4818: checking for BSD- or MS-compatible name lister (nm)
configure:4867: result: /usr/bin/nm -B
configure:4997: checking the name lister (/usr/bin/nm -B) interface
configure:5004: gcc -c -g -O2  conftest.c >&5
configure:5007: /usr/bin/nm -B "conftest.o"
configure:5010: output
00000000 b .bss
00000000 d .data
00000000 N .debug_abbrev
00000000 N .debug_info
00000000 N .debug_line
00000000 N .debug_pubnames
00000000 t .text
00000000 B _some_variable
configure:5017: result: BSD nm
configure:5020: checking whether ln -s works
configure:5024: result: yes
configure:5032: checking the maximum length of command line arguments
configure:5157: result: 8192
configure:5174: checking whether the shell understands some XSI constructs
configure:5184: result: yes
configure:5188: checking whether the shell understands "+="
configure:5194: result: yes
configure:5229: checking how to convert i686-pc-cygwin file names to i686-pc-cygwin format
configure:5269: result: func_convert_file_noop
configure:5276: checking for /usr/i686-pc-cygwin/bin/ld.exe option to reload object files
configure:5283: result: -r
configure:5352: checking for objdump
configure:5368: found /usr/bin/objdump
configure:5379: result: objdump
configure:5411: checking how to recognize dependent libraries
configure:5613: result: file_magic ^x86 archive import|^x86 DLL
configure:5698: checking for dlltool
configure:5714: found /usr/bin/dlltool
configure:5725: result: dlltool
configure:5758: checking how to associate runtime and link libraries
configure:5785: result: func_cygming_dll_for_implib
configure:5846: checking for ar
configure:5862: found /usr/bin/ar
configure:5873: result: ar
configure:5910: checking for archiver @FILE support
configure:5927: gcc -c -g -O2  conftest.c >&5
configure:5927: $? = 0
configure:5930: ar cru libconftest.a @conftest.lst >&5
configure:5933: $? = 0
configure:5938: ar cru libconftest.a @conftest.lst >&5
ar: conftest.o: No such file or directory
configure:5941: $? = 1
configure:5953: result: @
configure:6011: checking for strip
configure:6027: found /usr/bin/strip
configure:6038: result: strip
configure:6110: checking for ranlib
configure:6126: found /usr/bin/ranlib
configure:6137: result: ranlib
configure:6239: checking command to parse /usr/bin/nm -B output from gcc object
configure:6357: gcc -c -g -O2  conftest.c >&5
configure:6360: $? = 0
configure:6364: /usr/bin/nm -B conftest.o \| sed -n -e 's/^.*[ ]\([ABCDGIRSTW][ABCDGIRSTW]*\)[ ][ ]*\([_A-Za-z][_A-Za-z0-9]*\)$/\1 \2 \2/p' \> conftest.nm
configure:6367: $? = 0
cannot find nm_test_var in conftest.nm
configure:6357: gcc -c -g -O2  conftest.c >&5
configure:6360: $? = 0
configure:6364: /usr/bin/nm -B conftest.o \| sed -n -e 's/^.*[ ]\([ABCDGIRSTW][ABCDGIRSTW]*\)[ ][ ]*_\([_A-Za-z][_A-Za-z0-9]*\)$/\1 _\2 \2/p' \> conftest.nm
configure:6367: $? = 0
configure:6433: gcc -o conftest.exe -g -O2   conftest.c conftstm.o >&5
configure:6436: $? = 0
configure:6474: result: ok
configure:6511: checking for sysroot
configure:6541: result: no
configure:6784: checking for mt
configure:6814: result: no
configure:6834: checking if : is a manifest tool
configure:6840: : '-?'
configure:6848: result: no
configure:7480: checking how to run the C preprocessor
configure:7511: gcc -E  conftest.c
configure:7511: $? = 0
configure:7525: gcc -E  conftest.c
conftest.c:11:28: error: ac_nonexistent.h: No such file or directory
configure:7525: $? = 1
configure: failed program was:
| /* confdefs.h */
| #define PACKAGE_NAME ""
| #define PACKAGE_TARNAME ""
| #define PACKAGE_VERSION ""
| #define PACKAGE_STRING ""
| #define PACKAGE_BUGREPORT ""
| #define PACKAGE_URL ""
| #define PACKAGE "faad2"
| #define VERSION "2.6.0cvs"
| /* end confdefs.h.  */
| #include <ac_nonexistent.h>
configure:7550: result: gcc -E
configure:7570: gcc -E  conftest.c
configure:7570: $? = 0
configure:7584: gcc -E  conftest.c
conftest.c:11:28: error: ac_nonexistent.h: No such file or directory
configure:7584: $? = 1
configure: failed program was:
| /* confdefs.h */
| #define PACKAGE_NAME ""
| #define PACKAGE_TARNAME ""
| #define PACKAGE_VERSION ""
| #define PACKAGE_STRING ""
| #define PACKAGE_BUGREPORT ""
| #define PACKAGE_URL ""
| #define PACKAGE "faad2"
| #define VERSION "2.6.0cvs"
| /* end confdefs.h.  */
| #include <ac_nonexistent.h>
configure:7613: checking for ANSI C header files
configure:7633: gcc -c -g -O2  conftest.c >&5
configure:7633: $? = 0
configure:7706: gcc -o conftest.exe -g -O2   conftest.c  >&5
configure:7706: $? = 0
configure:7706: ./conftest.exe
configure:7706: $? = 0
configure:7717: result: yes
configure:7730: checking for sys/types.h
configure:7730: gcc -c -g -O2  conftest.c >&5
configure:7730: $? = 0
configure:7730: result: yes
configure:7730: checking for sys/stat.h
configure:7730: gcc -c -g -O2  conftest.c >&5
configure:7730: $? = 0
configure:7730: result: yes
configure:7730: checking for stdlib.h
configure:7730: gcc -c -g -O2  conftest.c >&5
configure:7730: $? = 0
configure:7730: result: yes
configure:7730: checking for string.h
configure:7730: gcc -c -g -O2  conftest.c >&5
configure:7730: $? = 0
configure:7730: result: yes
configure:7730: checking for memory.h
configure:7730: gcc -c -g -O2  conftest.c >&5
configure:7730: $? = 0
configure:7730: result: yes
configure:7730: checking for strings.h
configure:7730: gcc -c -g -O2  conftest.c >&5
configure:7730: $? = 0
configure:7730: result: yes
configure:7730: checking for inttypes.h
configure:7730: gcc -c -g -O2  conftest.c >&5
configure:7730: $? = 0
configure:7730: result: yes
configure:7730: checking for stdint.h
configure:7730: gcc -c -g -O2  conftest.c >&5
configure:7730: $? = 0
configure:7730: result: yes
configure:7730: checking for unistd.h
configure:7730: gcc -c -g -O2  conftest.c >&5
configure:7730: $? = 0
configure:7730: result: yes
configure:7744: checking for dlfcn.h
configure:7744: gcc -c -g -O2  conftest.c >&5
configure:7744: $? = 0
configure:7744: result: yes
configure:7942: checking for objdir
configure:7957: result: .libs
configure:8224: checking if gcc supports -fno-rtti -fno-exceptions
configure:8242: gcc -c -g -O2  -fno-rtti -fno-exceptions conftest.c >&5
cc1: warning: command line option "-fno-rtti" is valid for C++/ObjC++ but not for C
configure:8246: $? = 0
configure:8259: result: no
configure:8563: checking for gcc option to produce PIC
configure:8570: result: -DDLL_EXPORT -DPIC
configure:8578: checking if gcc PIC flag -DDLL_EXPORT -DPIC works
configure:8596: gcc -c -g -O2  -DDLL_EXPORT -DPIC -DPIC conftest.c >&5
configure:8600: $? = 0
configure:8613: result: yes
configure:8642: checking if gcc static flag -static works
configure:8670: result: no
configure:8685: checking if gcc supports -c -o file.o
configure:8706: gcc -c -g -O2  -o out/conftest2.o conftest.c >&5
configure:8710: $? = 0
configure:8732: result: yes
configure:8740: checking if gcc supports -c -o file.o
configure:8787: result: yes
configure:8820: checking whether the gcc linker (/usr/i686-pc-cygwin/bin/ld.exe) supports shared libraries
configure:9951: result: yes
configure:9988: checking whether -lc should be explicitly linked in
configure:9996: gcc -c -g -O2  conftest.c >&5
configure:9999: $? = 0
configure:10014: gcc -shared conftest.o  -v -o ./conftest -Wl,--enable-auto-image-base -Xlinker --out-implib -Xlinker conftest 2\>\&1 \| /usr/bin/grep  -lc  \>/dev/null 2\>\&1
configure:10017: $? = 1
configure:10031: result: yes
configure:10201: checking dynamic linker characteristics
configure:10908: result: Win32 ld.exe
configure:11015: checking how to hardcode library paths into programs
configure:11040: result: immediate
configure:11580: checking whether stripping libraries is possible
configure:11585: result: yes
configure:11620: checking if libtool supports shared libraries
configure:11622: result: yes
configure:11625: checking whether to build shared libraries
configure:11646: result: yes
configure:11649: checking whether to build static libraries
configure:11653: result: yes
configure:11676: checking how to run the C++ preprocessor
configure:11703: g++ -E  conftest.cpp
configure:11703: $? = 0
configure:11717: g++ -E  conftest.cpp
conftest.cpp:23:28: error: ac_nonexistent.h: No such file or directory
configure:11717: $? = 1
configure: failed program was:
| /* confdefs.h */
| #define PACKAGE_NAME ""
| #define PACKAGE_TARNAME ""
| #define PACKAGE_VERSION ""
| #define PACKAGE_STRING ""
| #define PACKAGE_BUGREPORT ""
| #define PACKAGE_URL ""
| #define PACKAGE "faad2"
| #define VERSION "2.6.0cvs"
| #define STDC_HEADERS 1
| #define HAVE_SYS_TYPES_H 1
| #define HAVE_SYS_STAT_H 1
| #define HAVE_STDLIB_H 1
| #define HAVE_STRING_H 1
| #define HAVE_MEMORY_H 1
| #define HAVE_STRINGS_H 1
| #define HAVE_INTTYPES_H 1
| #define HAVE_STDINT_H 1
| #define HAVE_UNISTD_H 1
| #define HAVE_DLFCN_H 1
| #define LT_OBJDIR ".libs/"
| /* end confdefs.h.  */
| #include <ac_nonexistent.h>
configure:11742: result: g++ -E
configure:11762: g++ -E  conftest.cpp
configure:11762: $? = 0
configure:11776: g++ -E  conftest.cpp
conftest.cpp:23:28: error: ac_nonexistent.h: No such file or directory
configure:11776: $? = 1
configure: failed program was:
| /* confdefs.h */
| #define PACKAGE_NAME ""
| #define PACKAGE_TARNAME ""
| #define PACKAGE_VERSION ""
| #define PACKAGE_STRING ""
| #define PACKAGE_BUGREPORT ""
| #define PACKAGE_URL ""
| #define PACKAGE "faad2"
| #define VERSION "2.6.0cvs"
| #define STDC_HEADERS 1
| #define HAVE_SYS_TYPES_H 1
| #define HAVE_SYS_STAT_H 1
| #define HAVE_STDLIB_H 1
| #define HAVE_STRING_H 1
| #define HAVE_MEMORY_H 1
| #define HAVE_STRINGS_H 1
| #define HAVE_INTTYPES_H 1
| #define HAVE_STDINT_H 1
| #define HAVE_UNISTD_H 1
| #define HAVE_DLFCN_H 1
| #define LT_OBJDIR ".libs/"
| /* end confdefs.h.  */
| #include <ac_nonexistent.h>
configure:11944: checking for ld used by g++
configure:12011: result: /usr/i686-pc-cygwin/bin/ld.exe
configure:12018: checking if the linker (/usr/i686-pc-cygwin/bin/ld.exe) is GNU ld
configure:12033: result: yes
configure:12088: checking whether the g++ linker (/usr/i686-pc-cygwin/bin/ld.exe) supports shared libraries
configure:13075: result: yes
configure:13103: g++ -c -g -O2  conftest.cpp >&5
configure:13106: $? = 0
configure:13619: checking for g++ option to produce PIC
configure:13626: result: -DDLL_EXPORT -DPIC
configure:13634: checking if g++ PIC flag -DDLL_EXPORT -DPIC works
configure:13652: g++ -c -g -O2  -DDLL_EXPORT -DPIC -DPIC conftest.cpp >&5
configure:13656: $? = 0
configure:13669: result: yes
configure:13692: checking if g++ static flag -static works
configure:13720: result: no
configure:13732: checking if g++ supports -c -o file.o
configure:13753: g++ -c -g -O2  -o out/conftest2.o conftest.cpp >&5
configure:13757: $? = 0
configure:13779: result: yes
configure:13784: checking if g++ supports -c -o file.o
configure:13831: result: yes
configure:13861: checking whether the g++ linker (/usr/i686-pc-cygwin/bin/ld.exe) supports shared libraries
configure:13895: result: yes
configure:14040: checking dynamic linker characteristics
configure:14681: result: Win32 ld.exe
configure:14734: checking how to hardcode library paths into programs
configure:14759: result: immediate
configure:14867: checking for gcc
configure:14894: result: gcc
configure:15123: checking for C compiler version
configure:15132: gcc --version >&5
gcc (GCC) 4.3.4 20090804 (release) 1
Copyright (C) 2008 Free Software Foundation, Inc.
This is free software; see the source for copying conditions.  There is NO
warranty; not even for MERCHANTABILITY or FITNESS FOR A PARTICULAR PURPOSE.

configure:15143: $? = 0
configure:15132: gcc -v >&5
Using built-in specs.
Target: i686-pc-cygwin
Configured with: /gnu/gcc/releases/respins/4.3.4-4/gcc4-4.3.4-4/src/gcc-4.3.4/configure --srcdir=/gnu/gcc/releases/respins/4.3.4-4/gcc4-4.3.4-4/src/gcc-4.3.4 --prefix=/usr --exec-prefix=/usr --bindir=/usr/bin --sbindir=/usr/sbin --libexecdir=/usr/lib --datadir=/usr/share --localstatedir=/var --sysconfdir=/etc --infodir=/usr/share/info --mandir=/usr/share/man -C --datadir=/usr/share --infodir=/usr/share/info --mandir=/usr/share/man -v --with-gmp=/usr --with-mpfr=/usr --enable-bootstrap --enable-version-specific-runtime-libs --with-slibdir=/usr/bin --libexecdir=/usr/lib --enable-static --enable-shared --enable-shared-libgcc --disable-__cxa_atexit --with-gnu-ld --with-gnu-as --with-dwarf2 --disable-sjlj-exceptions --enable-languages=ada,c,c++,fortran,java,objc,obj-c++ --disable-symvers --enable-libjava --program-suffix=-4 --enable-libgomp --enable-libssp --enable-libada --enable-threads=posix --with-arch=i686 --with-tune=generic --enable-libgcj-sublibs CC=gcc-4 CXX=g++-4 CC_FOR_TARGET=gcc-4 CXX_FOR_TARGET=g++-4 GNATMAKE_FOR_TARGET=gnatmake GNATBIND_FOR_TARGET=gnatbind --with-ecj-jar=/usr/share/java/ecj.jar
Thread model: posix
gcc version 4.3.4 20090804 (release) 1 (GCC) 
configure:15143: $? = 0
configure:15132: gcc -V >&5
gcc: '-V' option must have argument
configure:15143: $? = 1
configure:15132: gcc -qversion >&5
gcc: unrecognized option '-qversion'
gcc: no input files
configure:15143: $? = 1
configure:15147: checking whether we are using the GNU C compiler
configure:15175: result: yes
configure:15184: checking whether gcc accepts -g
configure:15245: result: yes
configure:15262: checking for gcc option to accept ISO C89
configure:15339: result: none needed
configure:15361: checking dependency style of gcc
configure:15471: result: gcc3
configure:15491: checking how to run the C preprocessor
configure:15561: result: gcc -E
configure:15581: gcc -E  conftest.c
configure:15581: $? = 0
configure:15595: gcc -E  conftest.c
conftest.c:23:28: error: ac_nonexistent.h: No such file or directory
configure:15595: $? = 1
configure: failed program was:
| /* confdefs.h */
| #define PACKAGE_NAME ""
| #define PACKAGE_TARNAME ""
| #define PACKAGE_VERSION ""
| #define PACKAGE_STRING ""
| #define PACKAGE_BUGREPORT ""
| #define PACKAGE_URL ""
| #define PACKAGE "faad2"
| #define VERSION "2.6.0cvs"
| #define STDC_HEADERS 1
| #define HAVE_SYS_TYPES_H 1
| #define HAVE_SYS_STAT_H 1
| #define HAVE_STDLIB_H 1
| #define HAVE_STRING_H 1
| #define HAVE_MEMORY_H 1
| #define HAVE_STRINGS_H 1
| #define HAVE_INTTYPES_H 1
| #define HAVE_STDINT_H 1
| #define HAVE_UNISTD_H 1
| #define HAVE_DLFCN_H 1
| #define LT_OBJDIR ".libs/"
| /* end confdefs.h.  */
| #include <ac_nonexistent.h>
configure:15624: checking whether ln -s works
configure:15628: result: yes
configure:15635: checking whether make sets $(MAKE)
configure:15657: result: yes
configure:15670: checking for rpmbuild
configure:15700: result: no
configure:15740: checking for ANSI C header files
configure:15844: result: yes
configure:15855: checking for stdint.h
configure:15855: result: yes
configure:15855: checking for inttypes.h
configure:15855: result: yes
configure:15867: checking mathf.h usability
configure:15867: gcc -c -g -O2  conftest.c >&5
conftest.c:59:19: error: mathf.h: No such file or directory
configure:15867: $? = 1
configure: failed program was:
| /* confdefs.h */
| #define PACKAGE_NAME ""
| #define PACKAGE_TARNAME ""
| #define PACKAGE_VERSION ""
| #define PACKAGE_STRING ""
| #define PACKAGE_BUGREPORT ""
| #define PACKAGE_URL ""
| #define PACKAGE "faad2"
| #define VERSION "2.6.0cvs"
| #define STDC_HEADERS 1
| #define HAVE_SYS_TYPES_H 1
| #define HAVE_SYS_STAT_H 1
| #define HAVE_STDLIB_H 1
| #define HAVE_STRING_H 1
| #define HAVE_MEMORY_H 1
| #define HAVE_STRINGS_H 1
| #define HAVE_INTTYPES_H 1
| #define HAVE_STDINT_H 1
| #define HAVE_UNISTD_H 1
| #define HAVE_DLFCN_H 1
| #define LT_OBJDIR ".libs/"
| #define STDC_HEADERS 1
| #define HAVE_STDINT_H 1
| #define HAVE_INTTYPES_H 1
| /* end confdefs.h.  */
| #include <stdio.h>
| #ifdef HAVE_SYS_TYPES_H
| # include <sys/types.h>
| #endif
| #ifdef HAVE_SYS_STAT_H
| # include <sys/stat.h>
| #endif
| #ifdef STDC_HEADERS
| # include <stdlib.h>
| # include <stddef.h>
| #else
| # ifdef HAVE_STDLIB_H
| #  include <stdlib.h>
| # endif
| #endif
| #ifdef HAVE_STRING_H
| # if !defined STDC_HEADERS && defined HAVE_MEMORY_H
| #  include <memory.h>
| # endif
| # include <string.h>
| #endif
| #ifdef HAVE_STRINGS_H
| # include <strings.h>
| #endif
| #ifdef HAVE_INTTYPES_H
| # include <inttypes.h>
| #endif
| #ifdef HAVE_STDINT_H
| # include <stdint.h>
| #endif
| #ifdef HAVE_UNISTD_H
| # include <unistd.h>
| #endif
| #include <mathf.h>
configure:15867: result: no
configure:15867: checking mathf.h presence
configure:15867: gcc -E  conftest.c
conftest.c:26:19: error: mathf.h: No such file or directory
configure:15867: $? = 1
configure: failed program was:
| /* confdefs.h */
| #define PACKAGE_NAME ""
| #define PACKAGE_TARNAME ""
| #define PACKAGE_VERSION ""
| #define PACKAGE_STRING ""
| #define PACKAGE_BUGREPORT ""
| #define PACKAGE_URL ""
| #define PACKAGE "faad2"
| #define VERSION "2.6.0cvs"
| #define STDC_HEADERS 1
| #define HAVE_SYS_TYPES_H 1
| #define HAVE_SYS_STAT_H 1
| #define HAVE_STDLIB_H 1
| #define HAVE_STRING_H 1
| #define HAVE_MEMORY_H 1
| #define HAVE_STRINGS_H 1
| #define HAVE_INTTYPES_H 1
| #define HAVE_STDINT_H 1
| #define HAVE_UNISTD_H 1
| #define HAVE_DLFCN_H 1
| #define LT_OBJDIR ".libs/"
| #define STDC_HEADERS 1
| #define HAVE_STDINT_H 1
| #define HAVE_INTTYPES_H 1
| /* end confdefs.h.  */
| #include <mathf.h>
configure:15867: result: no
configure:15867: checking for mathf.h
configure:15867: result: no
configure:15879: checking float.h usability
configure:15879: gcc -c -g -O2  conftest.c >&5
configure:15879: $? = 0
configure:15879: result: yes
configure:15879: checking float.h presence
configure:15879: gcc -E  conftest.c
configure:15879: $? = 0
configure:15879: result: yes
configure:15879: checking for float.h
configure:15879: result: yes
configure:15892: checking for strchr
configure:15892: gcc -o conftest.exe -g -O2   conftest.c  >&5
conftest.c:50: warning: conflicting types for built-in function 'strchr'
configure:15892: $? = 0
configure:15892: result: yes
configure:15892: checking for memcpy
configure:15892: gcc -o conftest.exe -g -O2   conftest.c  >&5
conftest.c:51: warning: conflicting types for built-in function 'memcpy'
configure:15892: $? = 0
configure:15892: result: yes
configure:15903: checking sys/time.h usability
configure:15903: gcc -c -g -O2  conftest.c >&5
configure:15903: $? = 0
configure:15903: result: yes
configure:15903: checking sys/time.h presence
configure:15903: gcc -E  conftest.c
configure:15903: $? = 0
configure:15903: result: yes
configure:15903: checking for sys/time.h
configure:15903: result: yes
configure:15913: checking whether time.h and sys/time.h may both be included
configure:15933: gcc -c -g -O2  conftest.c >&5
configure:15933: $? = 0
configure:15940: result: yes
configure:15952: checking errno.h usability
configure:15952: gcc -c -g -O2  conftest.c >&5
configure:15952: $? = 0
configure:15952: result: yes
configure:15952: checking errno.h presence
configure:15952: gcc -E  conftest.c
configure:15952: $? = 0
configure:15952: result: yes
configure:15952: checking for errno.h
configure:15952: result: yes
configure:15952: checking for sys/stat.h
configure:15952: result: yes
configure:15952: checking for sys/types.h
configure:15952: result: yes
configure:15952: checking limits.h usability
configure:15952: gcc -c -g -O2  conftest.c >&5
configure:15952: $? = 0
configure:15952: result: yes
configure:15952: checking limits.h presence
configure:15952: gcc -E  conftest.c
configure:15952: $? = 0
configure:15952: result: yes
configure:15952: checking for limits.h
configure:15952: result: yes
configure:15964: checking sysfs/libsysfs.h usability
configure:15964: gcc -c -g -O2  conftest.c >&5
conftest.c:68:28: error: sysfs/libsysfs.h: No such file or directory
configure:15964: $? = 1
configure: failed program was:
| /* confdefs.h */
| #define PACKAGE_NAME ""
| #define PACKAGE_TARNAME ""
| #define PACKAGE_VERSION ""
| #define PACKAGE_STRING ""
| #define PACKAGE_BUGREPORT ""
| #define PACKAGE_URL ""
| #define PACKAGE "faad2"
| #define VERSION "2.6.0cvs"
| #define STDC_HEADERS 1
| #define HAVE_SYS_TYPES_H 1
| #define HAVE_SYS_STAT_H 1
| #define HAVE_STDLIB_H 1
| #define HAVE_STRING_H 1
| #define HAVE_MEMORY_H 1
| #define HAVE_STRINGS_H 1
| #define HAVE_INTTYPES_H 1
| #define HAVE_STDINT_H 1
| #define HAVE_UNISTD_H 1
| #define HAVE_DLFCN_H 1
| #define LT_OBJDIR ".libs/"
| #define STDC_HEADERS 1
| #define HAVE_STDINT_H 1
| #define HAVE_INTTYPES_H 1
| #define HAVE_FLOAT_H 1
| #define HAVE_STRCHR 1
| #define HAVE_MEMCPY 1
| #define HAVE_SYS_TIME_H 1
| #define TIME_WITH_SYS_TIME 1
| #define HAVE_ERRNO_H 1
| #define HAVE_SYS_STAT_H 1
| #define HAVE_SYS_TYPES_H 1
| #define HAVE_LIMITS_H 1
| /* end confdefs.h.  */
| #include <stdio.h>
| #ifdef HAVE_SYS_TYPES_H
| # include <sys/types.h>
| #endif
| #ifdef HAVE_SYS_STAT_H
| # include <sys/stat.h>
| #endif
| #ifdef STDC_HEADERS
| # include <stdlib.h>
| # include <stddef.h>
| #else
| # ifdef HAVE_STDLIB_H
| #  include <stdlib.h>
| # endif
| #endif
| #ifdef HAVE_STRING_H
| # if !defined STDC_HEADERS && defined HAVE_MEMORY_H
| #  include <memory.h>
| # endif
| # include <string.h>
| #endif
| #ifdef HAVE_STRINGS_H
| # include <strings.h>
| #endif
| #ifdef HAVE_INTTYPES_H
| # include <inttypes.h>
| #endif
| #ifdef HAVE_STDINT_H
| # include <stdint.h>
| #endif
| #ifdef HAVE_UNISTD_H
| # include <unistd.h>
| #endif
| #include <sysfs/libsysfs.h>
configure:15964: result: no
configure:15964: checking sysfs/libsysfs.h presence
configure:15964: gcc -E  conftest.c
conftest.c:35:28: error: sysfs/libsysfs.h: No such file or directory
configure:15964: $? = 1
configure: failed program was:
| /* confdefs.h */
| #define PACKAGE_NAME ""
| #define PACKAGE_TARNAME ""
| #define PACKAGE_VERSION ""
| #define PACKAGE_STRING ""
| #define PACKAGE_BUGREPORT ""
| #define PACKAGE_URL ""
| #define PACKAGE "faad2"
| #define VERSION "2.6.0cvs"
| #define STDC_HEADERS 1
| #define HAVE_SYS_TYPES_H 1
| #define HAVE_SYS_STAT_H 1
| #define HAVE_STDLIB_H 1
| #define HAVE_STRING_H 1
| #define HAVE_MEMORY_H 1
| #define HAVE_STRINGS_H 1
| #define HAVE_INTTYPES_H 1
| #define HAVE_STDINT_H 1
| #define HAVE_UNISTD_H 1
| #define HAVE_DLFCN_H 1
| #define LT_OBJDIR ".libs/"
| #define STDC_HEADERS 1
| #define HAVE_STDINT_H 1
| #define HAVE_INTTYPES_H 1
| #define HAVE_FLOAT_H 1
| #define HAVE_STRCHR 1
| #define HAVE_MEMCPY 1
| #define HAVE_SYS_TIME_H 1
| #define TIME_WITH_SYS_TIME 1
| #define HAVE_ERRNO_H 1
| #define HAVE_SYS_STAT_H 1
| #define HAVE_SYS_TYPES_H 1
| #define HAVE_LIMITS_H 1
| /* end confdefs.h.  */
| #include <sysfs/libsysfs.h>
configure:15964: result: no
configure:15964: checking for sysfs/libsysfs.h
configure:15964: result: no
configure:15976: checking IOKit/IOKitLib.h usability
configure:15976: gcc -c -g -O2  conftest.c >&5
conftest.c:68:28: error: IOKit/IOKitLib.h: No such file or directory
configure:15976: $? = 1
configure: failed program was:
| /* confdefs.h */
| #define PACKAGE_NAME ""
| #define PACKAGE_TARNAME ""
| #define PACKAGE_VERSION ""
| #define PACKAGE_STRING ""
| #define PACKAGE_BUGREPORT ""
| #define PACKAGE_URL ""
| #define PACKAGE "faad2"
| #define VERSION "2.6.0cvs"
| #define STDC_HEADERS 1
| #define HAVE_SYS_TYPES_H 1
| #define HAVE_SYS_STAT_H 1
| #define HAVE_STDLIB_H 1
| #define HAVE_STRING_H 1
| #define HAVE_MEMORY_H 1
| #define HAVE_STRINGS_H 1
| #define HAVE_INTTYPES_H 1
| #define HAVE_STDINT_H 1
| #define HAVE_UNISTD_H 1
| #define HAVE_DLFCN_H 1
| #define LT_OBJDIR ".libs/"
| #define STDC_HEADERS 1
| #define HAVE_STDINT_H 1
| #define HAVE_INTTYPES_H 1
| #define HAVE_FLOAT_H 1
| #define HAVE_STRCHR 1
| #define HAVE_MEMCPY 1
| #define HAVE_SYS_TIME_H 1
| #define TIME_WITH_SYS_TIME 1
| #define HAVE_ERRNO_H 1
| #define HAVE_SYS_STAT_H 1
| #define HAVE_SYS_TYPES_H 1
| #define HAVE_LIMITS_H 1
| /* end confdefs.h.  */
| #include <stdio.h>
| #ifdef HAVE_SYS_TYPES_H
| # include <sys/types.h>
| #endif
| #ifdef HAVE_SYS_STAT_H
| # include <sys/stat.h>
| #endif
| #ifdef STDC_HEADERS
| # include <stdlib.h>
| # include <stddef.h>
| #else
| # ifdef HAVE_STDLIB_H
| #  include <stdlib.h>
| # endif
| #endif
| #ifdef HAVE_STRING_H
| # if !defined STDC_HEADERS && defined HAVE_MEMORY_H
| #  include <memory.h>
| # endif
| # include <string.h>
| #endif
| #ifdef HAVE_STRINGS_H
| # include <strings.h>
| #endif
| #ifdef HAVE_INTTYPES_H
| # include <inttypes.h>
| #endif
| #ifdef HAVE_STDINT_H
| # include <stdint.h>
| #endif
| #ifdef HAVE_UNISTD_H
| # include <unistd.h>
| #endif
| #include <IOKit/IOKitLib.h>
configure:15976: result: no
configure:15976: checking IOKit/IOKitLib.h presence
configure:15976: gcc -E  conftest.c
conftest.c:35:28: error: IOKit/IOKitLib.h: No such file or directory
configure:15976: $? = 1
configure: failed program was:
| /* confdefs.h */
| #define PACKAGE_NAME ""
| #define PACKAGE_TARNAME ""
| #define PACKAGE_VERSION ""
| #define PACKAGE_STRING ""
| #define PACKAGE_BUGREPORT ""
| #define PACKAGE_URL ""
| #define PACKAGE "faad2"
| #define VERSION "2.6.0cvs"
| #define STDC_HEADERS 1
| #define HAVE_SYS_TYPES_H 1
| #define HAVE_SYS_STAT_H 1
| #define HAVE_STDLIB_H 1
| #define HAVE_STRING_H 1
| #define HAVE_MEMORY_H 1
| #define HAVE_STRINGS_H 1
| #define HAVE_INTTYPES_H 1
| #define HAVE_STDINT_H 1
| #define HAVE_UNISTD_H 1
| #define HAVE_DLFCN_H 1
| #define LT_OBJDIR ".libs/"
| #define STDC_HEADERS 1
| #define HAVE_STDINT_H 1
| #define HAVE_INTTYPES_H 1
| #define HAVE_FLOAT_H 1
| #define HAVE_STRCHR 1
| #define HAVE_MEMCPY 1
| #define HAVE_SYS_TIME_H 1
| #define TIME_WITH_SYS_TIME 1
| #define HAVE_ERRNO_H 1
| #define HAVE_SYS_STAT_H 1
| #define HAVE_SYS_TYPES_H 1
| #define HAVE_LIMITS_H 1
| /* end confdefs.h.  */
| #include <IOKit/IOKitLib.h>
configure:15976: result: no
configure:15976: checking for IOKit/IOKitLib.h
configure:15976: result: no
configure:16025: checking for getpwuid
configure:16025: gcc -o conftest.exe -g -O2   conftest.c  >&5
configure:16025: $? = 0
configure:16025: result: yes
configure:16035: checking for inline
configure:16051: gcc -c -g -O2  conftest.c >&5
configure:16051: $? = 0
configure:16059: result: inline
configure:16077: checking whether byte ordering is bigendian
configure:16092: gcc -c -g -O2  conftest.c >&5
conftest.c:37: error: expected '=', ',', ';', 'asm' or '__attribute__' before 'a'
configure:16092: $? = 1
configure: failed program was:
| /* confdefs.h */
| #define PACKAGE_NAME ""
| #define PACKAGE_TARNAME ""
| #define PACKAGE_VERSION ""
| #define PACKAGE_STRING ""
| #define PACKAGE_BUGREPORT ""
| #define PACKAGE_URL ""
| #define PACKAGE "faad2"
| #define VERSION "2.6.0cvs"
| #define STDC_HEADERS 1
| #define HAVE_SYS_TYPES_H 1
| #define HAVE_SYS_STAT_H 1
| #define HAVE_STDLIB_H 1
| #define HAVE_STRING_H 1
| #define HAVE_MEMORY_H 1
| #define HAVE_STRINGS_H 1
| #define HAVE_INTTYPES_H 1
| #define HAVE_STDINT_H 1
| #define HAVE_UNISTD_H 1
| #define HAVE_DLFCN_H 1
| #define LT_OBJDIR ".libs/"
| #define STDC_HEADERS 1
| #define HAVE_STDINT_H 1
| #define HAVE_INTTYPES_H 1
| #define HAVE_FLOAT_H 1
| #define HAVE_STRCHR 1
| #define HAVE_MEMCPY 1
| #define HAVE_SYS_TIME_H 1
| #define TIME_WITH_SYS_TIME 1
| #define HAVE_ERRNO_H 1
| #define HAVE_SYS_STAT_H 1
| #define HAVE_SYS_TYPES_H 1
| #define HAVE_LIMITS_H 1
| #define HAVE_GETPWUID 1
| /* end confdefs.h.  */
| #ifndef __APPLE_CC__
| 	       not a universal capable compiler
| 	     #endif
| 	     typedef int dummy;
| 
configure:16137: gcc -c -g -O2  conftest.c >&5
configure:16137: $? = 0
configure:16155: gcc -c -g -O2  conftest.c >&5
conftest.c: In function 'main':
conftest.c:43: error: 'not' undeclared (first use in this function)
conftest.c:43: error: (Each undeclared identifier is reported only once
conftest.c:43: error: for each function it appears in.)
conftest.c:43: error: expected ';' before 'big'
configure:16155: $? = 1
configure: failed program was:
| /* confdefs.h */
| #define PACKAGE_NAME ""
| #define PACKAGE_TARNAME ""
| #define PACKAGE_VERSION ""
| #define PACKAGE_STRING ""
| #define PACKAGE_BUGREPORT ""
| #define PACKAGE_URL ""
| #define PACKAGE "faad2"
| #define VERSION "2.6.0cvs"
| #define STDC_HEADERS 1
| #define HAVE_SYS_TYPES_H 1
| #define HAVE_SYS_STAT_H 1
| #define HAVE_STDLIB_H 1
| #define HAVE_STRING_H 1
| #define HAVE_MEMORY_H 1
| #define HAVE_STRINGS_H 1
| #define HAVE_INTTYPES_H 1
| #define HAVE_STDINT_H 1
| #define HAVE_UNISTD_H 1
| #define HAVE_DLFCN_H 1
| #define LT_OBJDIR ".libs/"
| #define STDC_HEADERS 1
| #define HAVE_STDINT_H 1
| #define HAVE_INTTYPES_H 1
| #define HAVE_FLOAT_H 1
| #define HAVE_STRCHR 1
| #define HAVE_MEMCPY 1
| #define HAVE_SYS_TIME_H 1
| #define TIME_WITH_SYS_TIME 1
| #define HAVE_ERRNO_H 1
| #define HAVE_SYS_STAT_H 1
| #define HAVE_SYS_TYPES_H 1
| #define HAVE_LIMITS_H 1
| #define HAVE_GETPWUID 1
| /* end confdefs.h.  */
| #include <sys/types.h>
| 		#include <sys/param.h>
| 
| int
| main ()
| {
| #if BYTE_ORDER != BIG_ENDIAN
| 		 not big endian
| 		#endif
| 
|   ;
|   return 0;
| }
configure:16283: result: no
configure:16302: checking for off_t
configure:16302: gcc -c -g -O2  conftest.c >&5
configure:16302: $? = 0
configure:16302: gcc -c -g -O2  conftest.c >&5
conftest.c: In function 'main':
conftest.c:72: error: expected expression before ')' token
configure:16302: $? = 1
configure: failed program was:
| /* confdefs.h */
| #define PACKAGE_NAME ""
| #define PACKAGE_TARNAME ""
| #define PACKAGE_VERSION ""
| #define PACKAGE_STRING ""
| #define PACKAGE_BUGREPORT ""
| #define PACKAGE_URL ""
| #define PACKAGE "faad2"
| #define VERSION "2.6.0cvs"
| #define STDC_HEADERS 1
| #define HAVE_SYS_TYPES_H 1
| #define HAVE_SYS_STAT_H 1
| #define HAVE_STDLIB_H 1
| #define HAVE_STRING_H 1
| #define HAVE_MEMORY_H 1
| #define HAVE_STRINGS_H 1
| #define HAVE_INTTYPES_H 1
| #define HAVE_STDINT_H 1
| #define HAVE_UNISTD_H 1
| #define HAVE_DLFCN_H 1
| #define LT_OBJDIR ".libs/"
| #define STDC_HEADERS 1
| #define HAVE_STDINT_H 1
| #define HAVE_INTTYPES_H 1
| #define HAVE_FLOAT_H 1
| #define HAVE_STRCHR 1
| #define HAVE_MEMCPY 1
| #define HAVE_SYS_TIME_H 1
| #define TIME_WITH_SYS_TIME 1
| #define HAVE_ERRNO_H 1
| #define HAVE_SYS_STAT_H 1
| #define HAVE_SYS_TYPES_H 1
| #define HAVE_LIMITS_H 1
| #define HAVE_GETPWUID 1
| /* end confdefs.h.  */
| #include <stdio.h>
| #ifdef HAVE_SYS_TYPES_H
| # include <sys/types.h>
| #endif
| #ifdef HAVE_SYS_STAT_H
| # include <sys/stat.h>
| #endif
| #ifdef STDC_HEADERS
| # include <stdlib.h>
| # include <stddef.h>
| #else
| # ifdef HAVE_STDLIB_H
| #  include <stdlib.h>
| # endif
| #endif
| #ifdef HAVE_STRING_H
| # if !defined STDC_HEADERS && defined HAVE_MEMORY_H
| #  include <memory.h>
| # endif
| # include <string.h>
| #endif
| #ifdef HAVE_STRINGS_H
| # include <strings.h>
| #endif
| #ifdef HAVE_INTTYPES_H
| # include <inttypes.h>
| #endif
| #ifdef HAVE_STDINT_H
| # include <stdint.h>
| #endif
| #ifdef HAVE_UNISTD_H
| # include <unistd.h>
| #endif
| int
| main ()
| {
| if (sizeof ((off_t)))
| 	    return 0;
|   ;
|   return 0;
| }
configure:16302: result: yes
configure:16317: checking for lrintf
configure:16343: gcc -o conftest.exe -O -lm   conftest.c  >&5
configure:16343: $? = 0
configure:16355: result: yes
configure:16366: checking for float32_t temp
configure:16380: gcc -c -g -O2  conftest.c >&5
conftest.c:37:23: warning: extra tokens at end of #include directive
conftest.c:38:31: error: sys/float.h: No such file or directory
conftest.c: In function 'main':
conftest.c:42: error: 'float32_t' undeclared (first use in this function)
conftest.c:42: error: (Each undeclared identifier is reported only once
conftest.c:42: error: for each function it appears in.)
conftest.c:42: error: expected ';' before 'temp'
configure:16380: $? = 1
configure: failed program was:
| /* confdefs.h */
| #define PACKAGE_NAME ""
| #define PACKAGE_TARNAME ""
| #define PACKAGE_VERSION ""
| #define PACKAGE_STRING ""
| #define PACKAGE_BUGREPORT ""
| #define PACKAGE_URL ""
| #define PACKAGE "faad2"
| #define VERSION "2.6.0cvs"
| #define STDC_HEADERS 1
| #define HAVE_SYS_TYPES_H 1
| #define HAVE_SYS_STAT_H 1
| #define HAVE_STDLIB_H 1
| #define HAVE_STRING_H 1
| #define HAVE_MEMORY_H 1
| #define HAVE_STRINGS_H 1
| #define HAVE_INTTYPES_H 1
| #define HAVE_STDINT_H 1
| #define HAVE_UNISTD_H 1
| #define HAVE_DLFCN_H 1
| #define LT_OBJDIR ".libs/"
| #define STDC_HEADERS 1
| #define HAVE_STDINT_H 1
| #define HAVE_INTTYPES_H 1
| #define HAVE_FLOAT_H 1
| #define HAVE_STRCHR 1
| #define HAVE_MEMCPY 1
| #define HAVE_SYS_TIME_H 1
| #define TIME_WITH_SYS_TIME 1
| #define HAVE_ERRNO_H 1
| #define HAVE_SYS_STAT_H 1
| #define HAVE_SYS_TYPES_H 1
| #define HAVE_LIMITS_H 1
| #define HAVE_GETPWUID 1
| #define HAVE_LRINTF 1
| /* end confdefs.h.  */
| #include <sys/types.h>,
|         #include <sys/float.h>
| int
| main ()
| {
| float32_t temp;
|   ;
|   return 0;
| }
configure:16393: result: no
configure:16400: checking for strsep
configure:16400: gcc -o conftest.exe -g -O2   conftest.c  >&5
configure:16400: $? = 0
configure:16400: result: yes
configure:16412: checking for mpeg4ip-config
configure:16440: result: no
configure:16593: no xmms build configured
configure:16790: creating ./config.status

## ---------------------- ##
## Running config.status. ##
## ---------------------- ##

This file was extended by config.status, which was
generated by GNU Autoconf 2.68.  Invocation command line was

  CONFIG_FILES    = 
  CONFIG_HEADERS  = 
  CONFIG_LINKS    = 
  CONFIG_COMMANDS = 
  $ ./config.status 

on rv059

config.status:1205: creating libfaad/Makefile
config.status:1205: creating common/Makefile
config.status:1205: creating common/mp4ff/Makefile
config.status:1205: creating plugins/Makefile
config.status:1205: creating plugins/xmms/Makefile
config.status:1205: creating plugins/xmms/src/Makefile
config.status:1205: creating plugins/mpeg4ip/Makefile
config.status:1205: creating faad2.spec
config.status:1205: creating frontend/Makefile
config.status:1205: creating Makefile
config.status:1205: creating config.h
config.status:1434: executing depfiles commands
config.status:1434: executing libtool commands

## ---------------- ##
## Cache variables. ##
## ---------------- ##

ac_cv_build=i686-pc-cygwin
ac_cv_c99_lrintf=yes
ac_cv_c_bigendian=no
ac_cv_c_compiler_gnu=yes
ac_cv_c_inline=inline
ac_cv_cxx_compiler_gnu=yes
ac_cv_env_CCC_set=
ac_cv_env_CCC_value=
ac_cv_env_CC_set=
ac_cv_env_CC_value=
ac_cv_env_CFLAGS_set=
ac_cv_env_CFLAGS_value=
ac_cv_env_CPPFLAGS_set=
ac_cv_env_CPPFLAGS_value=
ac_cv_env_CPP_set=
ac_cv_env_CPP_value=
ac_cv_env_CXXCPP_set=
ac_cv_env_CXXCPP_value=
ac_cv_env_CXXFLAGS_set=
ac_cv_env_CXXFLAGS_value=
ac_cv_env_CXX_set=
ac_cv_env_CXX_value=
ac_cv_env_LDFLAGS_set=
ac_cv_env_LDFLAGS_value=
ac_cv_env_LIBS_set=
ac_cv_env_LIBS_value=
ac_cv_env_build_alias_set=
ac_cv_env_build_alias_value=
ac_cv_env_host_alias_set=
ac_cv_env_host_alias_value=
ac_cv_env_target_alias_set=
ac_cv_env_target_alias_value=
ac_cv_exeext=.exe
ac_cv_func_getpwuid=yes
ac_cv_func_memcpy=yes
ac_cv_func_strchr=yes
ac_cv_func_strsep=yes
ac_cv_header_IOKit_IOKitLib_h=no
ac_cv_header_dlfcn_h=yes
ac_cv_header_errno_h=yes
ac_cv_header_float_h=yes
ac_cv_header_inttypes_h=yes
ac_cv_header_limits_h=yes
ac_cv_header_mathf_h=no
ac_cv_header_memory_h=yes
ac_cv_header_stdc=yes
ac_cv_header_stdint_h=yes
ac_cv_header_stdlib_h=yes
ac_cv_header_string_h=yes
ac_cv_header_strings_h=yes
ac_cv_header_sys_stat_h=yes
ac_cv_header_sys_time_h=yes
ac_cv_header_sys_types_h=yes
ac_cv_header_sysfs_libsysfs_h=no
ac_cv_header_time=yes
ac_cv_header_unistd_h=yes
ac_cv_host=i686-pc-cygwin
ac_cv_objext=o
ac_cv_path_EGREP='/usr/bin/grep -E'
ac_cv_path_FGREP='/usr/bin/grep -F'
ac_cv_path_GREP=/usr/bin/grep
ac_cv_path_SED=/usr/bin/sed
ac_cv_path_install='/usr/bin/install -c'
ac_cv_path_mkdir=/usr/bin/mkdir
ac_cv_prog_AWK=gawk
ac_cv_prog_CPP='gcc -E'
ac_cv_prog_CXXCPP='g++ -E'
ac_cv_prog_ac_ct_AR=ar
ac_cv_prog_ac_ct_CC=gcc
ac_cv_prog_ac_ct_CXX=g++
ac_cv_prog_ac_ct_DLLTOOL=dlltool
ac_cv_prog_ac_ct_OBJDUMP=objdump
ac_cv_prog_ac_ct_RANLIB=ranlib
ac_cv_prog_ac_ct_STRIP=strip
ac_cv_prog_cc_c89=
ac_cv_prog_cc_g=yes
ac_cv_prog_cxx_g=yes
ac_cv_prog_external_mp4v2=no
ac_cv_prog_make_make_set=yes
ac_cv_type_off_t=yes
am_cv_CC_dependencies_compiler_type=gcc3
am_cv_CXX_dependencies_compiler_type=gcc3
lt_cv_ar_at_file=@
lt_cv_archive_cmds_need_lc=yes
lt_cv_deplibs_check_method='file_magic ^x86 archive import|^x86 DLL'
lt_cv_file_magic_cmd=func_win32_libid
lt_cv_file_magic_test_file=
lt_cv_ld_reload_flag=-r
lt_cv_nm_interface='BSD nm'
lt_cv_objdir=.libs
lt_cv_path_LD=/usr/i686-pc-cygwin/bin/ld.exe
lt_cv_path_LDCXX=/usr/i686-pc-cygwin/bin/ld.exe
lt_cv_path_NM='/usr/bin/nm -B'
lt_cv_path_mainfest_tool=no
lt_cv_prog_compiler_c_o=yes
lt_cv_prog_compiler_c_o_CXX=yes
lt_cv_prog_compiler_pic='-DDLL_EXPORT -DPIC'
lt_cv_prog_compiler_pic_CXX='-DDLL_EXPORT -DPIC'
lt_cv_prog_compiler_pic_works=yes
lt_cv_prog_compiler_pic_works_CXX=yes
lt_cv_prog_compiler_rtti_exceptions=no
lt_cv_prog_compiler_static_works=no
lt_cv_prog_compiler_static_works_CXX=no
lt_cv_prog_gnu_ld=yes
lt_cv_prog_gnu_ldcxx=yes
lt_cv_sharedlib_from_linklib_cmd=func_cygming_dll_for_implib
lt_cv_sys_global_symbol_pipe='sed -n -e '\''s/^.*[	 ]\([ABCDGIRSTW][ABCDGIRSTW]*\)[	 ][	 ]*_\([_A-Za-z][_A-Za-z0-9]*\)$/\1 _\2 \2/p'\'''
lt_cv_sys_global_symbol_to_c_name_address='sed -n -e '\''s/^: \([^ ]*\)[ ]*$/  {\"\1\", (void *) 0},/p'\'' -e '\''s/^[ABCDGIRSTW]* \([^ ]*\) \([^ ]*\)$/  {"\2", (void *) \&\2},/p'\'''
lt_cv_sys_global_symbol_to_c_name_address_lib_prefix='sed -n -e '\''s/^: \([^ ]*\)[ ]*$/  {\"\1\", (void *) 0},/p'\'' -e '\''s/^[ABCDGIRSTW]* \([^ ]*\) \(lib[^ ]*\)$/  {"\2", (void *) \&\2},/p'\'' -e '\''s/^[ABCDGIRSTW]* \([^ ]*\) \([^ ]*\)$/  {"lib\2", (void *) \&\2},/p'\'''
lt_cv_sys_global_symbol_to_cdecl='sed -n -e '\''s/^T .* \(.*\)$/extern int \1();/p'\'' -e '\''s/^[ABCDGIRSTW]* .* \(.*\)$/extern char \1;/p'\'''
lt_cv_sys_max_cmd_len=8192
lt_cv_to_host_file_cmd=func_convert_file_noop

## ----------------- ##
## Output variables. ##
## ----------------- ##

ACLOCAL='${SHELL} /cygdrive/c/job/AppMakr/Media_test/ffmpeg/ffmpeg/faad2-2.6.1/missing --run aclocal-1.11'
AMDEPBACKSLASH='\'
AMDEP_FALSE='#'
AMDEP_TRUE=''
AMTAR='${SHELL} /cygdrive/c/job/AppMakr/Media_test/ffmpeg/ffmpeg/faad2-2.6.1/missing --run tar'
AR='ar'
AUTOCONF='${SHELL} /cygdrive/c/job/AppMakr/Media_test/ffmpeg/ffmpeg/faad2-2.6.1/missing --run autoconf'
AUTOHEADER='${SHELL} /cygdrive/c/job/AppMakr/Media_test/ffmpeg/ffmpeg/faad2-2.6.1/missing --run autoheader'
AUTOMAKE='${SHELL} /cygdrive/c/job/AppMakr/Media_test/ffmpeg/ffmpeg/faad2-2.6.1/missing --run automake-1.11'
AWK='gawk'
CC='gcc'
CCDEPMODE='depmode=gcc3'
CFLAGS='-g -O2'
CPP='gcc -E'
CPPFLAGS=''
CXX='g++'
CXXCPP='g++ -E'
CXXDEPMODE='depmode=gcc3'
CXXFLAGS='-g -O2'
CYGPATH_W='cygpath -w'
DEFS='-DHAVE_CONFIG_H'
DEPDIR='.deps'
DLLTOOL='dlltool'
DSYMUTIL=''
DUMPBIN=''
ECHO_C=''
ECHO_N='-n'
ECHO_T=''
EGREP='/usr/bin/grep -E'
EXEEXT='.exe'
FGREP='/usr/bin/grep -F'
GREP='/usr/bin/grep'
GTK_CONFIG=''
HAVE_MPEG4IP_PLUG_FALSE=''
HAVE_MPEG4IP_PLUG_TRUE='#'
HAVE_XMMS_FALSE=''
HAVE_XMMS_TRUE='#'
INSTALL_DATA='${INSTALL} -m 644'
INSTALL_PROGRAM='${INSTALL}'
INSTALL_SCRIPT='${INSTALL}'
INSTALL_STRIP_PROGRAM='$(install_sh) -c -s'
LD='/usr/i686-pc-cygwin/bin/ld.exe'
LDFLAGS=''
LIBOBJS=''
LIBS=''
LIBTOOL='$(SHELL) $(top_builddir)/libtool'
LIBTOOL_DEPS='./ltmain.sh'
LIPO=''
LN_S='ln -s'
LTLIBOBJS=''
MAKEINFO='${SHELL} /cygdrive/c/job/AppMakr/Media_test/ffmpeg/ffmpeg/faad2-2.6.1/missing --run makeinfo'
MANIFEST_TOOL=':'
MKDIR_P='/usr/bin/mkdir -p'
MP4FF_LIBS=''
NM='/usr/bin/nm -B'
NMEDIT=''
OBJDUMP='objdump'
OBJEXT='o'
OTOOL64=''
OTOOL=''
PACKAGE='faad2'
PACKAGE_BUGREPORT=''
PACKAGE_NAME=''
PACKAGE_STRING=''
PACKAGE_TARNAME=''
PACKAGE_URL=''
PACKAGE_VERSION=''
PATH_SEPARATOR=':'
RANLIB='ranlib'
RPMBUILD='rpm'
SED='/usr/bin/sed'
SET_MAKE=''
SHELL='/bin/sh'
STRIP='strip'
VERSION='2.6.0cvs'
XMMS_CONFIG=''
ac_ct_AR='ar'
ac_ct_CC='gcc'
ac_ct_CXX='g++'
ac_ct_DUMPBIN=''
am__EXEEXT_FALSE='#'
am__EXEEXT_TRUE=''
am__fastdepCC_FALSE='#'
am__fastdepCC_TRUE=''
am__fastdepCXX_FALSE='#'
am__fastdepCXX_TRUE=''
am__include='include'
am__isrc=''
am__leading_dot='.'
am__quote=''
am__tar='${AMTAR} chof - "$$tardir"'
am__untar='${AMTAR} xf -'
bindir='${exec_prefix}/bin'
build='i686-pc-cygwin'
build_alias=''
build_cpu='i686'
build_os='cygwin'
build_vendor='pc'
datadir='${datarootdir}'
datarootdir='${prefix}/share'
docdir='${datarootdir}/doc/${PACKAGE}'
dvidir='${docdir}'
exec_prefix='${prefix}'
external_mp4v2='no'
host='i686-pc-cygwin'
host_alias=''
host_cpu='i686'
host_os='cygwin'
host_vendor='pc'
htmldir='${docdir}'
includedir='${prefix}/include'
infodir='${datarootdir}/info'
install_sh='${SHELL} /cygdrive/c/job/AppMakr/Media_test/ffmpeg/ffmpeg/faad2-2.6.1/install-sh'
libdir='${exec_prefix}/lib'
libexecdir='${exec_prefix}/libexec'
localedir='${datarootdir}/locale'
localstatedir='${prefix}/var'
mandir='${datarootdir}/man'
mkdir_p='/usr/bin/mkdir -p'
oldincludedir='/usr/include'
pdfdir='${docdir}'
prefix='/usr/local'
program_transform_name='s,x,x,'
psdir='${docdir}'
sbindir='${exec_prefix}/sbin'
sharedstatedir='${prefix}/com'
sysconfdir='${prefix}/etc'
target_alias=''

## ----------- ##
## confdefs.h. ##
## ----------- ##

/* confdefs.h */
#define PACKAGE_NAME ""
#define PACKAGE_TARNAME ""
#define PACKAGE_VERSION ""
#define PACKAGE_STRING ""
#define PACKAGE_BUGREPORT ""
#define PACKAGE_URL ""
#define PACKAGE "faad2"
#define VERSION "2.6.0cvs"
#define STDC_HEADERS 1
#define HAVE_SYS_TYPES_H 1
#define HAVE_SYS_STAT_H 1
#define HAVE_STDLIB_H 1
#define HAVE_STRING_H 1
#define HAVE_MEMORY_H 1
#define HAVE_STRINGS_H 1
#define HAVE_INTTYPES_H 1
#define HAVE_STDINT_H 1
#define HAVE_UNISTD_H 1
#define HAVE_DLFCN_H 1
#define LT_OBJDIR ".libs/"
#define STDC_HEADERS 1
#define HAVE_STDINT_H 1
#define HAVE_INTTYPES_H 1
#define HAVE_FLOAT_H 1
#define HAVE_STRCHR 1
#define HAVE_MEMCPY 1
#define HAVE_SYS_TIME_H 1
#define TIME_WITH_SYS_TIME 1
#define HAVE_ERRNO_H 1
#define HAVE_SYS_STAT_H 1
#define HAVE_SYS_TYPES_H 1
#define HAVE_LIMITS_H 1
#define HAVE_GETPWUID 1
#define HAVE_LRINTF 1
#define HAVE_STRSEP 1

configure: exit 0
