This file contains any messages produced by compilers while
running configure, to aid debugging if configure makes a mistake.

It was created by configure, which was
generated by GNU Autoconf 2.63.  Invocation command line was

  $ ./configure 

## --------- ##
## Platform. ##
## --------- ##

hostname = rv059
uname -m = i686
uname -r = 1.7.8(0.236/5/3)
uname -s = CYGWIN_NT-5.1
uname -v = 2011-03-01 09:36

/usr/bin/uname -p = unknown
/bin/uname -X     = unknown

/bin/arch              = i686
/usr/bin/arch -k       = unknown
/usr/convex/getsysinfo = unknown
/usr/bin/hostinfo      = unknown
/bin/machine           = unknown
/usr/bin/oslevel       = unknown
/bin/universe          = unknown

PATH: /usr/local/bin
PATH: /usr/bin
PATH: /cygdrive/c/Program Files/PC Connectivity Solution
PATH: /cygdrive/c/Perl/site/bin
PATH: /cygdrive/c/Perl/bin
PATH: /cygdrive/c/windows/system32
PATH: /cygdrive/c/windows
PATH: /cygdrive/c/windows/System32/Wbem
PATH: /cygdrive/c/Program Files/Intel/DMIX
PATH: /cygdrive/c/Program Files/Microsoft SQL Server/90/Tools/binn
PATH: /cygdrive/c/Program Files/TortoiseSVN/bin
PATH: /cygdrive/c/Qts/qt-4.7.1/bin
PATH: /cygdrive/c/windows/system32/WindowsPowerShell/v1.0
PATH: /cygdrive/c/Program Files/Visual Leak Detector/bin
PATH: /cygdrive/c/Python26
PATH: /cygdrive/c/Python26/Scripts
PATH: /cygdrive/c/Program Files/Git/cmd
PATH: /cygdrive/c/Program Files/TortoiseGit/bin
PATH: /cygdrive/c/Program Files/Kaspersky Lab/Kaspersky Anti-Virus 6.0 for Windows Workstations MP4
PATH: /cygdrive/c/job/AppMakr/patch/bin
PATH: /cygdrive/c/Program Files/Common Files/Symbian/tools
PATH: /cygdrive/c/Program Files/Subversion/bin
PATH: /cygdrive/c/VLD/bin
PATH: /cygdrive/f/Program Files/QuickTime/QTSystem
PATH: /cygdrive/c/Program Files/GnuWin32/bin
PATH: /cygdrive/c/Nokia/CodeSourcery/Sourcery G++ Lite/bin
PATH: /cygdrive/c/Program Files/PC Connectivity Solution
PATH: /cygdrive/c/windows/system32
PATH: /cygdrive/c/windows
PATH: /cygdrive/c/windows/System32/Wbem
PATH: /cygdrive/c/Program Files/Intel/DMIX
PATH: /cygdrive/c/Program Files/Microsoft SQL Server/90/Tools/binn
PATH: /cygdrive/c/Program Files/TortoiseSVN/bin
PATH: /cygdrive/c/Qts/qt-4.7.1/bin
PATH: /cygdrive/c/windows/system32/WindowsPowerShell/v1.0
PATH: /cygdrive/c/Program Files/Visual Leak Detector/bin
PATH: /cygdrive/c/Python26
PATH: /cygdrive/c/Python26/Scripts
PATH: /cygdrive/c/Program Files/Git/cmd
PATH: /cygdrive/c/Program Files/TortoiseGit/bin
PATH: /cygdrive/c/Program Files/Kaspersky Lab/Kaspersky Anti-Virus 6.0 for Windows Workstations MP4
PATH: /cygdrive/c/HookLogger


## ----------- ##
## Core tests. ##
## ----------- ##

configure:2145: checking for a BSD-compatible install
configure:2213: result: /usr/bin/install -c
configure:2224: checking whether build environment is sane
configure:2267: result: yes
configure:2292: checking for a thread-safe mkdir -p
configure:2331: result: /usr/bin/mkdir -p
configure:2344: checking for gawk
configure:2360: found /usr/bin/gawk
configure:2371: result: gawk
configure:2382: checking whether make sets $(MAKE)
configure:2404: result: yes
configure:2638: checking for g++
configure:2654: found /usr/bin/g++
configure:2665: result: g++
configure:2692: checking for C++ compiler version
configure:2700: g++ --version >&5
g++ (GCC) 4.3.4 20090804 (release) 1
Copyright (C) 2008 Free Software Foundation, Inc.
This is free software; see the source for copying conditions.  There is NO
warranty; not even for MERCHANTABILITY or FITNESS FOR A PARTICULAR PURPOSE.

configure:2704: $? = 0
configure:2711: g++ -v >&5
Using built-in specs.
Target: i686-pc-cygwin
Configured with: /gnu/gcc/releases/respins/4.3.4-4/gcc4-4.3.4-4/src/gcc-4.3.4/configure --srcdir=/gnu/gcc/releases/respins/4.3.4-4/gcc4-4.3.4-4/src/gcc-4.3.4 --prefix=/usr --exec-prefix=/usr --bindir=/usr/bin --sbindir=/usr/sbin --libexecdir=/usr/lib --datadir=/usr/share --localstatedir=/var --sysconfdir=/etc --infodir=/usr/share/info --mandir=/usr/share/man -C --datadir=/usr/share --infodir=/usr/share/info --mandir=/usr/share/man -v --with-gmp=/usr --with-mpfr=/usr --enable-bootstrap --enable-version-specific-runtime-libs --with-slibdir=/usr/bin --libexecdir=/usr/lib --enable-static --enable-shared --enable-shared-libgcc --disable-__cxa_atexit --with-gnu-ld --with-gnu-as --with-dwarf2 --disable-sjlj-exceptions --enable-languages=ada,c,c++,fortran,java,objc,obj-c++ --disable-symvers --enable-libjava --program-suffix=-4 --enable-libgomp --enable-libssp --enable-libada --enable-threads=posix --with-arch=i686 --with-tune=generic --enable-libgcj-sublibs CC=gcc-4 CXX=g++-4 CC_FOR_TARGET=gcc-4 CXX_FOR_TARGET=g++-4 GNATMAKE_FOR_TARGET=gnatmake GNATBIND_FOR_TARGET=gnatbind --with-ecj-jar=/usr/share/java/ecj.jar
Thread model: posix
gcc version 4.3.4 20090804 (release) 1 (GCC) 
configure:2715: $? = 0
configure:2722: g++ -V >&5
g++: '-V' option must have argument
configure:2726: $? = 1
configure:2749: checking for C++ compiler default output file name
configure:2771: g++    conftest.cpp  >&5
configure:2775: $? = 0
configure:2813: result: a.exe
configure:2832: checking whether the C++ compiler works
configure:2842: ./a.exe
configure:2846: $? = 0
configure:2865: result: yes
configure:2872: checking whether we are cross compiling
configure:2874: result: no
configure:2877: checking for suffix of executables
configure:2884: g++ -o conftest.exe    conftest.cpp  >&5
configure:2888: $? = 0
configure:2914: result: .exe
configure:2920: checking for suffix of object files
configure:2946: g++ -c   conftest.cpp >&5
configure:2950: $? = 0
configure:2975: result: o
configure:2979: checking whether we are using the GNU C++ compiler
configure:3008: g++ -c   conftest.cpp >&5
configure:3015: $? = 0
configure:3032: result: yes
configure:3041: checking whether g++ accepts -g
configure:3071: g++ -c -g  conftest.cpp >&5
configure:3078: $? = 0
configure:3179: result: yes
configure:3213: checking for style of include used by make
configure:3241: result: GNU
configure:3266: checking dependency style of g++
configure:3357: result: gcc3
configure:3372: checking whether build environment is sane
configure:3415: result: yes
configure:3423: checking build system type
configure:3441: result: i686-pc-cygwin
configure:3463: checking host system type
configure:3478: result: i686-pc-cygwin
configure:3547: checking for as
configure:3563: found /usr/bin/as
configure:3574: result: as
configure:3639: checking for dlltool
configure:3655: found /usr/bin/dlltool
configure:3666: result: dlltool
configure:3731: checking for objdump
configure:3747: found /usr/bin/objdump
configure:3758: result: objdump
configure:3876: checking for gcc
configure:3892: found /usr/bin/gcc
configure:3903: result: gcc
configure:4135: checking for C compiler version
configure:4143: gcc --version >&5
gcc (GCC) 4.3.4 20090804 (release) 1
Copyright (C) 2008 Free Software Foundation, Inc.
This is free software; see the source for copying conditions.  There is NO
warranty; not even for MERCHANTABILITY or FITNESS FOR A PARTICULAR PURPOSE.

configure:4147: $? = 0
configure:4154: gcc -v >&5
Using built-in specs.
Target: i686-pc-cygwin
Configured with: /gnu/gcc/releases/respins/4.3.4-4/gcc4-4.3.4-4/src/gcc-4.3.4/configure --srcdir=/gnu/gcc/releases/respins/4.3.4-4/gcc4-4.3.4-4/src/gcc-4.3.4 --prefix=/usr --exec-prefix=/usr --bindir=/usr/bin --sbindir=/usr/sbin --libexecdir=/usr/lib --datadir=/usr/share --localstatedir=/var --sysconfdir=/etc --infodir=/usr/share/info --mandir=/usr/share/man -C --datadir=/usr/share --infodir=/usr/share/info --mandir=/usr/share/man -v --with-gmp=/usr --with-mpfr=/usr --enable-bootstrap --enable-version-specific-runtime-libs --with-slibdir=/usr/bin --libexecdir=/usr/lib --enable-static --enable-shared --enable-shared-libgcc --disable-__cxa_atexit --with-gnu-ld --with-gnu-as --with-dwarf2 --disable-sjlj-exceptions --enable-languages=ada,c,c++,fortran,java,objc,obj-c++ --disable-symvers --enable-libjava --program-suffix=-4 --enable-libgomp --enable-libssp --enable-libada --enable-threads=posix --with-arch=i686 --with-tune=generic --enable-libgcj-sublibs CC=gcc-4 CXX=g++-4 CC_FOR_TARGET=gcc-4 CXX_FOR_TARGET=g++-4 GNATMAKE_FOR_TARGET=gnatmake GNATBIND_FOR_TARGET=gnatbind --with-ecj-jar=/usr/share/java/ecj.jar
Thread model: posix
gcc version 4.3.4 20090804 (release) 1 (GCC) 
configure:4158: $? = 0
configure:4165: gcc -V >&5
gcc: '-V' option must have argument
configure:4169: $? = 1
configure:4172: checking whether we are using the GNU C compiler
configure:4201: gcc -c   conftest.c >&5
configure:4208: $? = 0
configure:4225: result: yes
configure:4234: checking whether gcc accepts -g
configure:4264: gcc -c -g  conftest.c >&5
configure:4271: $? = 0
configure:4372: result: yes
configure:4389: checking for gcc option to accept ISO C89
configure:4463: gcc  -c -g -O2  conftest.c >&5
configure:4470: $? = 0
configure:4493: result: none needed
configure:4513: checking dependency style of gcc
configure:4604: result: gcc3
configure:4619: checking for a sed that does not truncate output
configure:4685: result: /usr/bin/sed
configure:4703: checking for grep that handles long lines and -e
configure:4763: result: /usr/bin/grep
configure:4768: checking for egrep
configure:4832: result: /usr/bin/grep -E
configure:4837: checking for fgrep
configure:4901: result: /usr/bin/grep -F
configure:4936: checking for ld used by gcc
configure:5003: result: /usr/i686-pc-cygwin/bin/ld.exe
configure:5012: checking if the linker (/usr/i686-pc-cygwin/bin/ld.exe) is GNU ld
configure:5027: result: yes
configure:5039: checking for BSD- or MS-compatible name lister (nm)
configure:5088: result: /usr/bin/nm -B
configure:5206: checking the name lister (/usr/bin/nm -B) interface
configure:5213: gcc -c -g -O2  conftest.c >&5
configure:5216: /usr/bin/nm -B "conftest.o"
configure:5219: output
00000000 b .bss
00000000 d .data
00000000 N .debug_abbrev
00000000 N .debug_info
00000000 N .debug_line
00000000 N .debug_pubnames
00000000 t .text
00000000 B _some_variable
configure:5226: result: BSD nm
configure:5229: checking whether ln -s works
configure:5233: result: yes
configure:5241: checking the maximum length of command line arguments
configure:5361: result: 8192
configure:5378: checking whether the shell understands some XSI constructs
configure:5388: result: yes
configure:5392: checking whether the shell understands "+="
configure:5398: result: yes
configure:5433: checking for /usr/i686-pc-cygwin/bin/ld.exe option to reload object files
configure:5440: result: -r
configure:5509: checking for objdump
configure:5536: result: objdump
configure:5565: checking how to recognize dependent libraries
configure:5761: result: file_magic ^x86 archive import|^x86 DLL
configure:5821: checking for ar
configure:5837: found /usr/bin/ar
configure:5848: result: ar
configure:5926: checking for strip
configure:5942: found /usr/bin/strip
configure:5953: result: strip
configure:6025: checking for ranlib
configure:6041: found /usr/bin/ranlib
configure:6052: result: ranlib
configure:6142: checking command to parse /usr/bin/nm -B output from gcc object
configure:6260: gcc -c -g -O2  conftest.c >&5
configure:6263: $? = 0
configure:6267: /usr/bin/nm -B conftest.o \| sed -n -e 's/^.*[	 ]\([ABCDGIRSTW][ABCDGIRSTW]*\)[	 ][	 ]*\([_A-Za-z][_A-Za-z0-9]*\)$/\1 \2 \2/p' \> conftest.nm
configure:6270: $? = 0
cannot find nm_test_var in conftest.nm
configure:6260: gcc -c -g -O2  conftest.c >&5
configure:6263: $? = 0
configure:6267: /usr/bin/nm -B conftest.o \| sed -n -e 's/^.*[	 ]\([ABCDGIRSTW][ABCDGIRSTW]*\)[	 ][	 ]*_\([_A-Za-z][_A-Za-z0-9]*\)$/\1 _\2 \2/p' \> conftest.nm
configure:6270: $? = 0
configure:6324: gcc -o conftest.exe -g -O2   conftest.c conftstm.o >&5
configure:6327: $? = 0
configure:6365: result: ok
configure:7232: checking how to run the C preprocessor
configure:7272: gcc -E  conftest.c
configure:7279: $? = 0
configure:7310: gcc -E  conftest.c
conftest.c:8:28: error: ac_nonexistent.h: No such file or directory
configure:7317: $? = 1
configure: failed program was:
| /* confdefs.h.  */
| #define PACKAGE_NAME ""
| #define PACKAGE_TARNAME ""
| #define PACKAGE_VERSION ""
| #define PACKAGE_STRING ""
| #define PACKAGE_BUGREPORT ""
| /* end confdefs.h.  */
| #include <ac_nonexistent.h>
configure:7350: result: gcc -E
configure:7379: gcc -E  conftest.c
configure:7386: $? = 0
configure:7417: gcc -E  conftest.c
conftest.c:8:28: error: ac_nonexistent.h: No such file or directory
configure:7424: $? = 1
configure: failed program was:
| /* confdefs.h.  */
| #define PACKAGE_NAME ""
| #define PACKAGE_TARNAME ""
| #define PACKAGE_VERSION ""
| #define PACKAGE_STRING ""
| #define PACKAGE_BUGREPORT ""
| /* end confdefs.h.  */
| #include <ac_nonexistent.h>
configure:7464: checking for ANSI C header files
configure:7494: gcc -c -g -O2  conftest.c >&5
configure:7501: $? = 0
configure:7600: gcc -o conftest.exe -g -O2   conftest.c  >&5
configure:7604: $? = 0
configure:7610: ./conftest.exe
configure:7614: $? = 0
configure:7632: result: yes
configure:7656: checking for sys/types.h
configure:7677: gcc -c -g -O2  conftest.c >&5
configure:7684: $? = 0
configure:7701: result: yes
configure:7656: checking for sys/stat.h
configure:7677: gcc -c -g -O2  conftest.c >&5
configure:7684: $? = 0
configure:7701: result: yes
configure:7656: checking for stdlib.h
configure:7677: gcc -c -g -O2  conftest.c >&5
configure:7684: $? = 0
configure:7701: result: yes
configure:7656: checking for string.h
configure:7677: gcc -c -g -O2  conftest.c >&5
configure:7684: $? = 0
configure:7701: result: yes
configure:7656: checking for memory.h
configure:7677: gcc -c -g -O2  conftest.c >&5
configure:7684: $? = 0
configure:7701: result: yes
configure:7656: checking for strings.h
configure:7677: gcc -c -g -O2  conftest.c >&5
configure:7684: $? = 0
configure:7701: result: yes
configure:7656: checking for inttypes.h
configure:7677: gcc -c -g -O2  conftest.c >&5
configure:7684: $? = 0
configure:7701: result: yes
configure:7656: checking for stdint.h
configure:7677: gcc -c -g -O2  conftest.c >&5
configure:7684: $? = 0
configure:7701: result: yes
configure:7656: checking for unistd.h
configure:7677: gcc -c -g -O2  conftest.c >&5
configure:7684: $? = 0
configure:7701: result: yes
configure:7719: checking for dlfcn.h
configure:7740: gcc -c -g -O2  conftest.c >&5
configure:7747: $? = 0
configure:7764: result: yes
configure:7891: checking for C++ compiler version
configure:7899: g++ --version >&5
g++ (GCC) 4.3.4 20090804 (release) 1
Copyright (C) 2008 Free Software Foundation, Inc.
This is free software; see the source for copying conditions.  There is NO
warranty; not even for MERCHANTABILITY or FITNESS FOR A PARTICULAR PURPOSE.

configure:7903: $? = 0
configure:7910: g++ -v >&5
Using built-in specs.
Target: i686-pc-cygwin
Configured with: /gnu/gcc/releases/respins/4.3.4-4/gcc4-4.3.4-4/src/gcc-4.3.4/configure --srcdir=/gnu/gcc/releases/respins/4.3.4-4/gcc4-4.3.4-4/src/gcc-4.3.4 --prefix=/usr --exec-prefix=/usr --bindir=/usr/bin --sbindir=/usr/sbin --libexecdir=/usr/lib --datadir=/usr/share --localstatedir=/var --sysconfdir=/etc --infodir=/usr/share/info --mandir=/usr/share/man -C --datadir=/usr/share --infodir=/usr/share/info --mandir=/usr/share/man -v --with-gmp=/usr --with-mpfr=/usr --enable-bootstrap --enable-version-specific-runtime-libs --with-slibdir=/usr/bin --libexecdir=/usr/lib --enable-static --enable-shared --enable-shared-libgcc --disable-__cxa_atexit --with-gnu-ld --with-gnu-as --with-dwarf2 --disable-sjlj-exceptions --enable-languages=ada,c,c++,fortran,java,objc,obj-c++ --disable-symvers --enable-libjava --program-suffix=-4 --enable-libgomp --enable-libssp --enable-libada --enable-threads=posix --with-arch=i686 --with-tune=generic --enable-libgcj-sublibs CC=gcc-4 CXX=g++-4 CC_FOR_TARGET=gcc-4 CXX_FOR_TARGET=g++-4 GNATMAKE_FOR_TARGET=gnatmake GNATBIND_FOR_TARGET=gnatbind --with-ecj-jar=/usr/share/java/ecj.jar
Thread model: posix
gcc version 4.3.4 20090804 (release) 1 (GCC) 
configure:7914: $? = 0
configure:7921: g++ -V >&5
g++: '-V' option must have argument
configure:7925: $? = 1
configure:7928: checking whether we are using the GNU C++ compiler
configure:7981: result: yes
configure:7990: checking whether g++ accepts -g
configure:8128: result: yes
configure:8153: checking dependency style of g++
configure:8244: result: gcc3
configure:8267: checking how to run the C++ preprocessor
configure:8303: g++ -E  conftest.cpp
configure:8310: $? = 0
configure:8341: g++ -E  conftest.cpp
conftest.cpp:19:28: error: ac_nonexistent.h: No such file or directory
configure:8348: $? = 1
configure: failed program was:
| /* confdefs.h.  */
| #define PACKAGE_NAME ""
| #define PACKAGE_TARNAME ""
| #define PACKAGE_VERSION ""
| #define PACKAGE_STRING ""
| #define PACKAGE_BUGREPORT ""
| #define STDC_HEADERS 1
| #define HAVE_SYS_TYPES_H 1
| #define HAVE_SYS_STAT_H 1
| #define HAVE_STDLIB_H 1
| #define HAVE_STRING_H 1
| #define HAVE_MEMORY_H 1
| #define HAVE_STRINGS_H 1
| #define HAVE_INTTYPES_H 1
| #define HAVE_STDINT_H 1
| #define HAVE_UNISTD_H 1
| #define HAVE_DLFCN_H 1
| /* end confdefs.h.  */
| #include <ac_nonexistent.h>
configure:8381: result: g++ -E
configure:8410: g++ -E  conftest.cpp
configure:8417: $? = 0
configure:8448: g++ -E  conftest.cpp
conftest.cpp:19:28: error: ac_nonexistent.h: No such file or directory
configure:8455: $? = 1
configure: failed program was:
| /* confdefs.h.  */
| #define PACKAGE_NAME ""
| #define PACKAGE_TARNAME ""
| #define PACKAGE_VERSION ""
| #define PACKAGE_STRING ""
| #define PACKAGE_BUGREPORT ""
| #define STDC_HEADERS 1
| #define HAVE_SYS_TYPES_H 1
| #define HAVE_SYS_STAT_H 1
| #define HAVE_STDLIB_H 1
| #define HAVE_STRING_H 1
| #define HAVE_MEMORY_H 1
| #define HAVE_STRINGS_H 1
| #define HAVE_INTTYPES_H 1
| #define HAVE_STDINT_H 1
| #define HAVE_UNISTD_H 1
| #define HAVE_DLFCN_H 1
| /* end confdefs.h.  */
| #include <ac_nonexistent.h>
configure:8667: checking for objdir
configure:8682: result: .libs
configure:8974: checking if gcc supports -fno-rtti -fno-exceptions
configure:8992: gcc -c -g -O2  -fno-rtti -fno-exceptions conftest.c >&5
cc1: warning: command line option "-fno-rtti" is valid for C++/ObjC++ but not for C
configure:8996: $? = 0
configure:9009: result: no
configure:9029: checking for gcc option to produce PIC
configure:9301: result: -DDLL_EXPORT -DPIC
configure:9313: checking if gcc PIC flag -DDLL_EXPORT -DPIC works
configure:9331: gcc -c -g -O2  -DDLL_EXPORT -DPIC -DPIC conftest.c >&5
configure:9335: $? = 0
configure:9348: result: yes
configure:9372: checking if gcc static flag -static works
configure:9400: result: no
configure:9415: checking if gcc supports -c -o file.o
configure:9436: gcc -c -g -O2  -o out/conftest2.o conftest.c >&5
configure:9440: $? = 0
configure:9462: result: yes
configure:9470: checking if gcc supports -c -o file.o
configure:9517: result: yes
configure:9550: checking whether the gcc linker (/usr/i686-pc-cygwin/bin/ld.exe) supports shared libraries
configure:10624: result: yes
configure:10661: checking whether -lc should be explicitly linked in
configure:10666: gcc -c -g -O2  conftest.c >&5
configure:10669: $? = 0
configure:10684: gcc -shared conftest.o  -v -o ./conftest -Wl,--enable-auto-image-base -Xlinker --out-implib -Xlinker conftest 2\>\&1 \| /usr/bin/grep  -lc  \>/dev/null 2\>\&1
configure:10687: $? = 1
configure:10699: result: yes
configure:10863: checking dynamic linker characteristics
configure:11546: result: Win32 ld.exe
configure:11648: checking how to hardcode library paths into programs
configure:11673: result: immediate
configure:12506: checking whether stripping libraries is possible
configure:12511: result: yes
configure:12546: checking if libtool supports shared libraries
configure:12548: result: yes
configure:12551: checking whether to build shared libraries
configure:12572: result: yes
configure:12575: checking whether to build static libraries
configure:12579: result: yes
configure:12729: checking for ld used by g++
configure:12796: result: /usr/i686-pc-cygwin/bin/ld.exe
configure:12805: checking if the linker (/usr/i686-pc-cygwin/bin/ld.exe) is GNU ld
configure:12820: result: yes
configure:12875: checking whether the g++ linker (/usr/i686-pc-cygwin/bin/ld.exe) supports shared libraries
configure:13850: result: yes
configure:13878: g++ -c -g -O2  conftest.cpp >&5
configure:13881: $? = 0
configure:14063: checking for g++ option to produce PIC
configure:14380: result: -DDLL_EXPORT -DPIC
configure:14389: checking if g++ PIC flag -DDLL_EXPORT -DPIC works
configure:14407: g++ -c -g -O2  -DDLL_EXPORT -DPIC -DPIC conftest.cpp >&5
configure:14411: $? = 0
configure:14424: result: yes
configure:14445: checking if g++ static flag -static works
configure:14473: result: no
configure:14485: checking if g++ supports -c -o file.o
configure:14506: g++ -c -g -O2  -o out/conftest2.o conftest.cpp >&5
configure:14510: $? = 0
configure:14532: result: yes
configure:14537: checking if g++ supports -c -o file.o
configure:14584: result: yes
configure:14614: checking whether the g++ linker (/usr/i686-pc-cygwin/bin/ld.exe) supports shared libraries
configure:14640: result: yes
configure:14777: checking dynamic linker characteristics
configure:15408: result: Win32 ld.exe
configure:15459: checking how to hardcode library paths into programs
configure:15484: result: immediate
configure:15549: checking for special C compiler options needed for large files
configure:15644: result: no
configure:15650: checking for _FILE_OFFSET_BITS value needed for large files
configure:15685: gcc -c -g -O2  conftest.c >&5
configure:15692: $? = 0
configure:15761: result: no
configure:15933: checking for ANSI C header files
configure:16101: result: yes
configure:16111: checking for stdbool.h that conforms to C99
configure:16206: gcc -c -g -O2  conftest.c >&5
configure:16213: $? = 0
configure:16228: result: yes
configure:16230: checking for _Bool
configure:16258: gcc -c -g -O2  conftest.c >&5
configure:16265: $? = 0
configure:16292: gcc -c -g -O2  conftest.c >&5
conftest.c: In function 'main':
conftest.c:57: error: expected expression before ')' token
configure:16299: $? = 1
configure: failed program was:
| /* confdefs.h.  */
| #define PACKAGE_NAME ""
| #define PACKAGE_TARNAME ""
| #define PACKAGE_VERSION ""
| #define PACKAGE_STRING ""
| #define PACKAGE_BUGREPORT ""
| #define STDC_HEADERS 1
| #define HAVE_SYS_TYPES_H 1
| #define HAVE_SYS_STAT_H 1
| #define HAVE_STDLIB_H 1
| #define HAVE_STRING_H 1
| #define HAVE_MEMORY_H 1
| #define HAVE_STRINGS_H 1
| #define HAVE_INTTYPES_H 1
| #define HAVE_STDINT_H 1
| #define HAVE_UNISTD_H 1
| #define HAVE_DLFCN_H 1
| #define LT_OBJDIR ".libs/"
| #define STDC_HEADERS 1
| /* end confdefs.h.  */
| #include <stdio.h>
| #ifdef HAVE_SYS_TYPES_H
| # include <sys/types.h>
| #endif
| #ifdef HAVE_SYS_STAT_H
| # include <sys/stat.h>
| #endif
| #ifdef STDC_HEADERS
| # include <stdlib.h>
| # include <stddef.h>
| #else
| # ifdef HAVE_STDLIB_H
| #  include <stdlib.h>
| # endif
| #endif
| #ifdef HAVE_STRING_H
| # if !defined STDC_HEADERS && defined HAVE_MEMORY_H
| #  include <memory.h>
| # endif
| # include <string.h>
| #endif
| #ifdef HAVE_STRINGS_H
| # include <strings.h>
| #endif
| #ifdef HAVE_INTTYPES_H
| # include <inttypes.h>
| #endif
| #ifdef HAVE_STDINT_H
| # include <stdint.h>
| #endif
| #ifdef HAVE_UNISTD_H
| # include <unistd.h>
| #endif
| int
| main ()
| {
| if (sizeof ((_Bool)))
| 	  return 0;
|   ;
|   return 0;
| }
configure:16322: result: yes
configure:16359: checking streambuf usability
configure:16376: g++ -c -g -O2  conftest.cpp >&5
configure:16383: $? = 0
configure:16397: result: yes
configure:16401: checking streambuf presence
configure:16416: g++ -E  conftest.cpp
configure:16423: $? = 0
configure:16437: result: yes
configure:16465: checking for streambuf
configure:16472: result: yes
configure:16493: checking for stdint types
configure:16526: gcc -c   conftest.c >&5
configure:16533: $? = 0
configure:16612: result: stdint.h (shortcircuit)
configure:19466: result: make use of stdint.h in libdirac_common/dirac-stdint.h (assuming C99 compatible system)
configure:19477: checking for doxygen
configure:19505: result: false
configure:19514: WARNING: *** doxygen not found, code documentation will not be built
configure:19528: checking for dot
configure:19556: result: false
configure:19565: WARNING: *** dot not found, inheritance diagrams will not be generated in code documentation
configure:19579: checking for latex
configure:19607: result: false
configure:19616: WARNING: *** latex not found, algorithm documentation will not be built
configure:19630: checking for dvipdfm
configure:19658: result: false
configure:19667: WARNING: *** dvipdfm not found, programmer documentation will not be built
configure:19712: checking whether gprof flags are to be used when compiling
configure:19733: result: no
configure:19749: checking if g++ supports  -g -g -O2 flags
configure:19774: g++ -c  -g -g -O2  conftest.cpp >&5
configure:19781: $? = 0
configure:19796: result: yes
configure:19804: checking if g++ supports  -g -pedantic -g -O2 flags
configure:19829: g++ -c  -g -pedantic -g -O2  conftest.cpp >&5
configure:19836: $? = 0
configure:19851: result: yes
configure:19859: checking if g++ supports  -g -pedantic -Wall -g -O2 flags
configure:19884: g++ -c  -g -pedantic -Wall -g -O2  conftest.cpp >&5
configure:19891: $? = 0
configure:19906: result: yes
configure:19914: checking if g++ supports  -g -pedantic -Wall -Werror -g -O2 flags
configure:19939: g++ -c  -g -pedantic -Wall -Werror -g -O2  conftest.cpp >&5
configure:19946: $? = 0
configure:19961: result: yes
configure:19969: checking if g++ supports  -g -pedantic -Wall -Werror -W -g -O2 flags
configure:19994: g++ -c  -g -pedantic -Wall -Werror -W -g -O2  conftest.cpp >&5
configure:20001: $? = 0
configure:20016: result: yes
configure:20024: checking if g++ supports  -g -pedantic -Wall -Werror -W -Woverloaded-virtual -g -O2 flags
configure:20049: g++ -c  -g -pedantic -Wall -Werror -W -Woverloaded-virtual -g -O2  conftest.cpp >&5
configure:20056: $? = 0
configure:20071: result: yes
configure:20081: checking if g++ supports  -g -pedantic -Wall -Werror -W -Woverloaded-virtual -Wextra -g -O2 flags
configure:20106: g++ -c  -g -pedantic -Wall -Werror -W -Woverloaded-virtual -Wextra -g -O2  conftest.cpp >&5
configure:20113: $? = 0
configure:20128: result: yes
configure:20141: checking whether extra debug flags are to be used when compiling
configure:20236: result: no
configure:20242: checking if g++ supports -O3  -g -pedantic -Wall -Werror -W -Woverloaded-virtual -Wextra -g -O2 flags
configure:20267: g++ -c -O3  -g -pedantic -Wall -Werror -W -Woverloaded-virtual -Wextra -g -O2  conftest.cpp >&5
configure:20274: $? = 0
configure:20289: result: yes
configure:20297: checking if g++ supports -O3 -Wuninitialized  -g -pedantic -Wall -Werror -W -Woverloaded-virtual -Wextra -g -O2 flags
configure:20322: g++ -c -O3 -Wuninitialized  -g -pedantic -Wall -Werror -W -Woverloaded-virtual -Wextra -g -O2  conftest.cpp >&5
configure:20329: $? = 0
configure:20344: result: yes
configure:20358: checking if g++ supports -O3 -Wuninitialized -march=pentiumpro  -g -pedantic -Wall -Werror -W -Woverloaded-virtual -Wextra -g -O2 flags
configure:20383: g++ -c -O3 -Wuninitialized -march=pentiumpro  -g -pedantic -Wall -Werror -W -Woverloaded-virtual -Wextra -g -O2  conftest.cpp >&5
configure:20390: $? = 0
configure:20405: result: yes
configure:20421: checking if g++ supports -O3 -Wuninitialized -march=pentiumpro -fexpensive-optimizations  -g -pedantic -Wall -Werror -W -Woverloaded-virtual -Wextra -g -O2 flags
configure:20446: g++ -c -O3 -Wuninitialized -march=pentiumpro -fexpensive-optimizations  -g -pedantic -Wall -Werror -W -Woverloaded-virtual -Wextra -g -O2  conftest.cpp >&5
configure:20453: $? = 0
configure:20468: result: yes
configure:20476: checking if g++ supports -O3 -Wuninitialized -march=pentiumpro -fexpensive-optimizations -frerun-cse-after-loop  -g -pedantic -Wall -Werror -W -Woverloaded-virtual -Wextra -g -O2 flags
configure:20501: g++ -c -O3 -Wuninitialized -march=pentiumpro -fexpensive-optimizations -frerun-cse-after-loop  -g -pedantic -Wall -Werror -W -Woverloaded-virtual -Wextra -g -O2  conftest.cpp >&5
configure:20508: $? = 0
configure:20523: result: yes
configure:20531: checking if g++ supports -O3 -Wuninitialized -march=pentiumpro -fexpensive-optimizations -frerun-cse-after-loop -frerun-loop-opt  -g -pedantic -Wall -Werror -W -Woverloaded-virtual -Wextra -g -O2 flags
configure:20556: g++ -c -O3 -Wuninitialized -march=pentiumpro -fexpensive-optimizations -frerun-cse-after-loop -frerun-loop-opt  -g -pedantic -Wall -Werror -W -Woverloaded-virtual -Wextra -g -O2  conftest.cpp >&5
configure:20563: $? = 0
configure:20578: result: yes
configure:20586: checking if g++ supports -O3 -Wuninitialized -march=pentiumpro -fexpensive-optimizations -frerun-cse-after-loop -frerun-loop-opt -fomit-frame-pointer  -g -pedantic -Wall -Werror -W -Woverloaded-virtual -Wextra -g -O2 flags
configure:20611: g++ -c -O3 -Wuninitialized -march=pentiumpro -fexpensive-optimizations -frerun-cse-after-loop -frerun-loop-opt -fomit-frame-pointer  -g -pedantic -Wall -Werror -W -Woverloaded-virtual -Wextra -g -O2  conftest.cpp >&5
configure:20618: $? = 0
configure:20633: result: yes
configure:20641: checking if g++ supports -O3 -Wuninitialized -march=pentiumpro -fexpensive-optimizations -frerun-cse-after-loop -frerun-loop-opt -fomit-frame-pointer -minline-all-stringops  -g -pedantic -Wall -Werror -W -Woverloaded-virtual -Wextra -g -O2 flags
configure:20666: g++ -c -O3 -Wuninitialized -march=pentiumpro -fexpensive-optimizations -frerun-cse-after-loop -frerun-loop-opt -fomit-frame-pointer -minline-all-stringops  -g -pedantic -Wall -Werror -W -Woverloaded-virtual -Wextra -g -O2  conftest.cpp >&5
configure:20673: $? = 0
configure:20688: result: yes
configure:20696: checking if g++ supports -O3 -Wuninitialized -march=pentiumpro -fexpensive-optimizations -frerun-cse-after-loop -frerun-loop-opt -fomit-frame-pointer -minline-all-stringops -fschedule-insns2  -g -pedantic -Wall -Werror -W -Woverloaded-virtual -Wextra -g -O2 flags
configure:20721: g++ -c -O3 -Wuninitialized -march=pentiumpro -fexpensive-optimizations -frerun-cse-after-loop -frerun-loop-opt -fomit-frame-pointer -minline-all-stringops -fschedule-insns2  -g -pedantic -Wall -Werror -W -Woverloaded-virtual -Wextra -g -O2  conftest.cpp >&5
configure:20728: $? = 0
configure:20743: result: yes
configure:20751: checking if g++ supports -O3 -Wuninitialized -march=pentiumpro -fexpensive-optimizations -frerun-cse-after-loop -frerun-loop-opt -fomit-frame-pointer -minline-all-stringops -fschedule-insns2 -falign-functions=4  -g -pedantic -Wall -Werror -W -Woverloaded-virtual -Wextra -g -O2 flags
configure:20776: g++ -c -O3 -Wuninitialized -march=pentiumpro -fexpensive-optimizations -frerun-cse-after-loop -frerun-loop-opt -fomit-frame-pointer -minline-all-stringops -fschedule-insns2 -falign-functions=4  -g -pedantic -Wall -Werror -W -Woverloaded-virtual -Wextra -g -O2  conftest.cpp >&5
configure:20783: $? = 0
configure:20798: result: yes
configure:20806: checking if g++ supports -O3 -Wuninitialized -march=pentiumpro -fexpensive-optimizations -frerun-cse-after-loop -frerun-loop-opt -fomit-frame-pointer -minline-all-stringops -fschedule-insns2 -falign-functions=4 -fforce-addr  -g -pedantic -Wall -Werror -W -Woverloaded-virtual -Wextra -g -O2 flags
configure:20831: g++ -c -O3 -Wuninitialized -march=pentiumpro -fexpensive-optimizations -frerun-cse-after-loop -frerun-loop-opt -fomit-frame-pointer -minline-all-stringops -fschedule-insns2 -falign-functions=4 -fforce-addr  -g -pedantic -Wall -Werror -W -Woverloaded-virtual -Wextra -g -O2  conftest.cpp >&5
configure:20838: $? = 0
configure:20853: result: yes
configure:20861: checking if g++ supports -O3 -Wuninitialized -march=pentiumpro -fexpensive-optimizations -frerun-cse-after-loop -frerun-loop-opt -fomit-frame-pointer -minline-all-stringops -fschedule-insns2 -falign-functions=4 -fforce-addr -pipe  -g -pedantic -Wall -Werror -W -Woverloaded-virtual -Wextra -g -O2 flags
configure:20886: g++ -c -O3 -Wuninitialized -march=pentiumpro -fexpensive-optimizations -frerun-cse-after-loop -frerun-loop-opt -fomit-frame-pointer -minline-all-stringops -fschedule-insns2 -falign-functions=4 -fforce-addr -pipe  -g -pedantic -Wall -Werror -W -Woverloaded-virtual -Wextra -g -O2  conftest.cpp >&5
configure:20893: $? = 0
configure:20908: result: yes
configure:20932: checking whether optimizations using MMX instructions are enabled
configure:20952: checking if g++ supports -mmmx -O3 -Wuninitialized -march=pentiumpro -fexpensive-optimizations -frerun-cse-after-loop -frerun-loop-opt -fomit-frame-pointer -minline-all-stringops -fschedule-insns2 -falign-functions=4 -fforce-addr -pipe  -g -pedantic -Wall -Werror -W -Woverloaded-virtual -Wextra -g -O2 flags
configure:20977: g++ -c -mmmx -O3 -Wuninitialized -march=pentiumpro -fexpensive-optimizations -frerun-cse-after-loop -frerun-loop-opt -fomit-frame-pointer -minline-all-stringops -fschedule-insns2 -falign-functions=4 -fforce-addr -pipe  -g -pedantic -Wall -Werror -W -Woverloaded-virtual -Wextra -g -O2  conftest.cpp >&5
configure:20984: $? = 0
configure:20999: result: yes
configure:21190: checking cppunit/TestRunner.h usability
configure:21207: g++ -c -O3 -Wuninitialized -march=pentiumpro -fexpensive-optimizations -frerun-cse-after-loop -frerun-loop-opt -fomit-frame-pointer -minline-all-stringops -fschedule-insns2 -falign-functions=4 -fforce-addr -pipe  -g -pedantic -Wall -Werror -W -Woverloaded-virtual -Wextra -g -O2 -mmmx -DHAVE_MMX  conftest.cpp >&5
conftest.cpp:56:32: error: cppunit/TestRunner.h: No such file or directory
configure:21214: $? = 1
configure: failed program was:
| /* confdefs.h.  */
| #define PACKAGE_NAME ""
| #define PACKAGE_TARNAME ""
| #define PACKAGE_VERSION ""
| #define PACKAGE_STRING ""
| #define PACKAGE_BUGREPORT ""
| #define STDC_HEADERS 1
| #define HAVE_SYS_TYPES_H 1
| #define HAVE_SYS_STAT_H 1
| #define HAVE_STDLIB_H 1
| #define HAVE_STRING_H 1
| #define HAVE_MEMORY_H 1
| #define HAVE_STRINGS_H 1
| #define HAVE_INTTYPES_H 1
| #define HAVE_STDINT_H 1
| #define HAVE_UNISTD_H 1
| #define HAVE_DLFCN_H 1
| #define LT_OBJDIR ".libs/"
| #define STDC_HEADERS 1
| #define HAVE__BOOL 1
| #define HAVE_STDBOOL_H 1
| /* end confdefs.h.  */
| #include <stdio.h>
| #ifdef HAVE_SYS_TYPES_H
| # include <sys/types.h>
| #endif
| #ifdef HAVE_SYS_STAT_H
| # include <sys/stat.h>
| #endif
| #ifdef STDC_HEADERS
| # include <stdlib.h>
| # include <stddef.h>
| #else
| # ifdef HAVE_STDLIB_H
| #  include <stdlib.h>
| # endif
| #endif
| #ifdef HAVE_STRING_H
| # if !defined STDC_HEADERS && defined HAVE_MEMORY_H
| #  include <memory.h>
| # endif
| # include <string.h>
| #endif
| #ifdef HAVE_STRINGS_H
| # include <strings.h>
| #endif
| #ifdef HAVE_INTTYPES_H
| # include <inttypes.h>
| #endif
| #ifdef HAVE_STDINT_H
| # include <stdint.h>
| #endif
| #ifdef HAVE_UNISTD_H
| # include <unistd.h>
| #endif
| #include <cppunit/TestRunner.h>
configure:21228: result: no
configure:21232: checking cppunit/TestRunner.h presence
configure:21247: g++ -E  conftest.cpp
conftest.cpp:23:32: error: cppunit/TestRunner.h: No such file or directory
configure:21254: $? = 1
configure: failed program was:
| /* confdefs.h.  */
| #define PACKAGE_NAME ""
| #define PACKAGE_TARNAME ""
| #define PACKAGE_VERSION ""
| #define PACKAGE_STRING ""
| #define PACKAGE_BUGREPORT ""
| #define STDC_HEADERS 1
| #define HAVE_SYS_TYPES_H 1
| #define HAVE_SYS_STAT_H 1
| #define HAVE_STDLIB_H 1
| #define HAVE_STRING_H 1
| #define HAVE_MEMORY_H 1
| #define HAVE_STRINGS_H 1
| #define HAVE_INTTYPES_H 1
| #define HAVE_STDINT_H 1
| #define HAVE_UNISTD_H 1
| #define HAVE_DLFCN_H 1
| #define LT_OBJDIR ".libs/"
| #define STDC_HEADERS 1
| #define HAVE__BOOL 1
| #define HAVE_STDBOOL_H 1
| /* end confdefs.h.  */
| #include <cppunit/TestRunner.h>
configure:21268: result: no
configure:21296: checking for cppunit/TestRunner.h
configure:21303: result: no
configure:21420: checking for valgrind
configure:21450: result: no
configure:21471: checking whether we need to link math lib
configure:21494: g++ -o conftest.exe -O3 -Wuninitialized -march=pentiumpro -fexpensive-optimizations -frerun-cse-after-loop -frerun-loop-opt -fomit-frame-pointer -minline-all-stringops -fschedule-insns2 -falign-functions=4 -fforce-addr -pipe  -g -pedantic -Wall -Werror -W -Woverloaded-virtual -Wextra -g -O2 -mmmx -DHAVE_MMX   conftest.cpp  >&5
cc1plus: warnings being treated as errors
conftest.cpp: In function 'int main()':
conftest.cpp:27: error: unused variable 'lw'
configure:21501: $? = 1
configure: failed program was:
| /* confdefs.h.  */
| #define PACKAGE_NAME ""
| #define PACKAGE_TARNAME ""
| #define PACKAGE_VERSION ""
| #define PACKAGE_STRING ""
| #define PACKAGE_BUGREPORT ""
| #define STDC_HEADERS 1
| #define HAVE_SYS_TYPES_H 1
| #define HAVE_SYS_STAT_H 1
| #define HAVE_STDLIB_H 1
| #define HAVE_STRING_H 1
| #define HAVE_MEMORY_H 1
| #define HAVE_STRINGS_H 1
| #define HAVE_INTTYPES_H 1
| #define HAVE_STDINT_H 1
| #define HAVE_UNISTD_H 1
| #define HAVE_DLFCN_H 1
| #define LT_OBJDIR ".libs/"
| #define STDC_HEADERS 1
| #define HAVE__BOOL 1
| #define HAVE_STDBOOL_H 1
| /* end confdefs.h.  */
| #include <cmath>
| int
| main ()
| {
| double lw = std::pow(2.0, 2.0);
|   ;
|   return 0;
| }
configure:21515: result: yes
configure:21753: creating ./config.status

## ---------------------- ##
## Running config.status. ##
## ---------------------- ##

This file was extended by config.status, which was
generated by GNU Autoconf 2.63.  Invocation command line was

  CONFIG_FILES    = 
  CONFIG_HEADERS  = 
  CONFIG_LINKS    = 
  CONFIG_COMMANDS = 
  $ ./config.status 

on rv059

config.status:1056: creating tests/Makefile
config.status:1056: creating tests/at_wrap
config.status:1056: creating Makefile
config.status:1056: creating dirac.pc
config.status:1056: creating doc/Makefile
config.status:1056: creating libdirac_byteio/Makefile
config.status:1056: creating libdirac_common/Makefile
config.status:1056: creating libdirac_motionest/Makefile
config.status:1056: creating libdirac_encoder/Makefile
config.status:1056: creating libdirac_decoder/Makefile
config.status:1056: creating encoder/Makefile
config.status:1056: creating decoder/Makefile
config.status:1056: creating unit_tests/Makefile
config.status:1056: creating util/Makefile
config.status:1056: creating util/conversion/Makefile
config.status:1056: creating util/conversion/common/Makefile
config.status:1056: creating util/instrumentation/Makefile
config.status:1056: creating util/instrumentation/libdirac_instrument/Makefile
config.status:1056: creating win32/Makefile
config.status:1056: creating win32/VisualStudio/Makefile
config.status:1267: executing depfiles commands
config.status:1267: executing libtool commands
config.status:1267: executing libdirac_common/dirac-stdint.h commands
config.status:2207: creating libdirac_common/dirac-stdint.h : _DIRAC_LIBDIRAC_COMMON_DIRAC_STDINT_H
config.status:1267: executing tests/atconfig commands

## ---------------- ##
## Cache variables. ##
## ---------------- ##

ac_cv_build=i686-pc-cygwin
ac_cv_c_compiler_gnu=yes
ac_cv_cxx_compiler_gnu=yes
ac_cv_env_CCC_set=
ac_cv_env_CCC_value=
ac_cv_env_CC_set=
ac_cv_env_CC_value=
ac_cv_env_CFLAGS_set=
ac_cv_env_CFLAGS_value=
ac_cv_env_CPPFLAGS_set=
ac_cv_env_CPPFLAGS_value=
ac_cv_env_CPP_set=
ac_cv_env_CPP_value=
ac_cv_env_CXXCPP_set=
ac_cv_env_CXXCPP_value=
ac_cv_env_CXXFLAGS_set=
ac_cv_env_CXXFLAGS_value=
ac_cv_env_CXX_set=
ac_cv_env_CXX_value=
ac_cv_env_LDFLAGS_set=
ac_cv_env_LDFLAGS_value=
ac_cv_env_LIBS_set=
ac_cv_env_LIBS_value=
ac_cv_env_build_alias_set=
ac_cv_env_build_alias_value=
ac_cv_env_host_alias_set=
ac_cv_env_host_alias_value=
ac_cv_env_target_alias_set=
ac_cv_env_target_alias_value=
ac_cv_exeext=.exe
ac_cv_header_cppunit_TestRunner_h=no
ac_cv_header_dlfcn_h=yes
ac_cv_header_inttypes_h=yes
ac_cv_header_memory_h=yes
ac_cv_header_stdbool_h=yes
ac_cv_header_stdc=yes
ac_cv_header_stdint=stdint.h
ac_cv_header_stdint_h=yes
ac_cv_header_stdint_t=stdint.h
ac_cv_header_stdlib_h=yes
ac_cv_header_streambuf=yes
ac_cv_header_string_h=yes
ac_cv_header_strings_h=yes
ac_cv_header_sys_stat_h=yes
ac_cv_header_sys_types_h=yes
ac_cv_header_unistd_h=yes
ac_cv_host=i686-pc-cygwin
ac_cv_objext=o
ac_cv_path_EGREP='/usr/bin/grep -E'
ac_cv_path_FGREP='/usr/bin/grep -F'
ac_cv_path_GREP=/usr/bin/grep
ac_cv_path_SED=/usr/bin/sed
ac_cv_path_install='/usr/bin/install -c'
ac_cv_path_mkdir=/usr/bin/mkdir
ac_cv_prog_AWK=gawk
ac_cv_prog_CPP='gcc -E'
ac_cv_prog_CXXCPP='g++ -E'
ac_cv_prog_HAVE_DOT=false
ac_cv_prog_HAVE_DOXYGEN=false
ac_cv_prog_HAVE_DVIPDFM=false
ac_cv_prog_HAVE_LATEX=false
ac_cv_prog_ac_ct_AR=ar
ac_cv_prog_ac_ct_AS=as
ac_cv_prog_ac_ct_CC=gcc
ac_cv_prog_ac_ct_CXX=g++
ac_cv_prog_ac_ct_DLLTOOL=dlltool
ac_cv_prog_ac_ct_OBJDUMP=objdump
ac_cv_prog_ac_ct_RANLIB=ranlib
ac_cv_prog_ac_ct_STRIP=strip
ac_cv_prog_cc_c89=
ac_cv_prog_cc_g=yes
ac_cv_prog_cxx_g=yes
ac_cv_prog_make_make_set=yes
ac_cv_stdint_message='using gnu compiler gcc (GCC) 4.3.4 20090804 (release) 1'
ac_cv_stdint_result='(assuming C99 compatible system)'
ac_cv_sys_file_offset_bits=no
ac_cv_sys_largefile_CC=no
ac_cv_try_cxxflags_ok=yes
ac_cv_type__Bool=yes
am_cv_CC_dependencies_compiler_type=gcc3
am_cv_CXX_dependencies_compiler_type=gcc3
lt_cv_deplibs_check_method='file_magic ^x86 archive import|^x86 DLL'
lt_cv_file_magic_cmd=func_win32_libid
lt_cv_file_magic_test_file=
lt_cv_ld_reload_flag=-r
lt_cv_nm_interface='BSD nm'
lt_cv_objdir=.libs
lt_cv_path_LD=/usr/i686-pc-cygwin/bin/ld.exe
lt_cv_path_LDCXX=/usr/i686-pc-cygwin/bin/ld.exe
lt_cv_path_NM='/usr/bin/nm -B'
lt_cv_prog_compiler_c_o=yes
lt_cv_prog_compiler_c_o_CXX=yes
lt_cv_prog_compiler_pic_works=yes
lt_cv_prog_compiler_pic_works_CXX=yes
lt_cv_prog_compiler_rtti_exceptions=no
lt_cv_prog_compiler_static_works=no
lt_cv_prog_compiler_static_works_CXX=no
lt_cv_prog_gnu_ld=yes
lt_cv_prog_gnu_ldcxx=yes
lt_cv_sys_global_symbol_pipe='sed -n -e '\''s/^.*[	 ]\([ABCDGIRSTW][ABCDGIRSTW]*\)[	 ][	 ]*_\([_A-Za-z][_A-Za-z0-9]*\)$/\1 _\2 \2/p'\'''
lt_cv_sys_global_symbol_to_c_name_address='sed -n -e '\''s/^: \([^ ]*\) $/  {\"\1\", (void *) 0},/p'\'' -e '\''s/^[ABCDGIRSTW]* \([^ ]*\) \([^ ]*\)$/  {"\2", (void *) \&\2},/p'\'''
lt_cv_sys_global_symbol_to_c_name_address_lib_prefix='sed -n -e '\''s/^: \([^ ]*\) $/  {\"\1\", (void *) 0},/p'\'' -e '\''s/^[ABCDGIRSTW]* \([^ ]*\) \(lib[^ ]*\)$/  {"\2", (void *) \&\2},/p'\'' -e '\''s/^[ABCDGIRSTW]* \([^ ]*\) \([^ ]*\)$/  {"lib\2", (void *) \&\2},/p'\'''
lt_cv_sys_global_symbol_to_cdecl='sed -n -e '\''s/^T .* \(.*\)$/extern int \1();/p'\'' -e '\''s/^[ABCDGIRSTW]* .* \(.*\)$/extern char \1;/p'\'''
lt_cv_sys_max_cmd_len=8192

## ----------------- ##
## Output variables. ##
## ----------------- ##

ACLOCAL='${SHELL} /cygdrive/c/job/AppMakr/Media_test/ffmpeg/ffmpeg/dirac/missing --run aclocal-1.10'
ACLOCAL_AMFLAGS='-I m4 '
AMDEPBACKSLASH='\'
AMDEP_FALSE='#'
AMDEP_TRUE=''
AMTAR='${SHELL} /cygdrive/c/job/AppMakr/Media_test/ffmpeg/ffmpeg/dirac/missing --run tar'
AR='ar'
AS='as'
AUTOCONF='${SHELL} /cygdrive/c/job/AppMakr/Media_test/ffmpeg/ffmpeg/dirac/missing --run autoconf'
AUTOHEADER='${SHELL} /cygdrive/c/job/AppMakr/Media_test/ffmpeg/ffmpeg/dirac/missing --run autoheader'
AUTOM4TE='${SHELL} /cygdrive/c/job/AppMakr/Media_test/ffmpeg/ffmpeg/dirac/missing --run autom4te'
AUTOMAKE='${SHELL} /cygdrive/c/job/AppMakr/Media_test/ffmpeg/ffmpeg/dirac/missing --run automake-1.10'
AWK='gawk'
CC='gcc'
CCDEPMODE='depmode=gcc3'
CFLAGS='-g -O2'
CONFIG_MATH_LIB='-lm'
CPP='gcc -E'
CPPFLAGS=''
CXX='g++'
CXXCPP='g++ -E'
CXXDEPMODE='depmode=gcc3'
CXXFLAGS='-O3 -Wuninitialized -march=pentiumpro -fexpensive-optimizations -frerun-cse-after-loop -frerun-loop-opt -fomit-frame-pointer -minline-all-stringops -fschedule-insns2 -falign-functions=4 -fforce-addr -pipe  -g -pedantic -Wall -Werror -W -Woverloaded-virtual -Wextra -g -O2 -mmmx -DHAVE_MMX'
CYGPATH_W='cygpath -w'
DEFS='-DPACKAGE_NAME=\"\" -DPACKAGE_TARNAME=\"\" -DPACKAGE_VERSION=\"\" -DPACKAGE_STRING=\"\" -DPACKAGE_BUGREPORT=\"\" -DSTDC_HEADERS=1 -DHAVE_SYS_TYPES_H=1 -DHAVE_SYS_STAT_H=1 -DHAVE_STDLIB_H=1 -DHAVE_STRING_H=1 -DHAVE_MEMORY_H=1 -DHAVE_STRINGS_H=1 -DHAVE_INTTYPES_H=1 -DHAVE_STDINT_H=1 -DHAVE_UNISTD_H=1 -DHAVE_DLFCN_H=1 -DLT_OBJDIR=\".libs/\" -DSTDC_HEADERS=1 -DHAVE__BOOL=1 -DHAVE_STDBOOL_H=1'
DEPDIR='.deps'
DLLTOOL='dlltool'
DSYMUTIL=''
DUMPBIN=''
ECHO_C=''
ECHO_N='-n'
ECHO_T=''
EGREP='/usr/bin/grep -E'
EXEEXT='.exe'
FGREP='/usr/bin/grep -F'
GENERIC_LIBRARY_NAME='dirac'
GENERIC_LIBRARY_VERSION='1:0:1'
GENERIC_RELEASE='1.0'
GENERIC_VERSION='1.0.2'
GREP='/usr/bin/grep'
HAVE_CPPUNIT_FALSE=''
HAVE_CPPUNIT_TRUE='#'
HAVE_DOT='false'
HAVE_DOT_FALSE=''
HAVE_DOT_TRUE='#'
HAVE_DOXYGEN='false'
HAVE_DOXYGEN_FALSE=''
HAVE_DOXYGEN_TRUE='#'
HAVE_DVIPDFM='false'
HAVE_DVIPDFM_FALSE=''
HAVE_DVIPDFM_TRUE='#'
HAVE_LATEX='false'
HAVE_LATEX_FALSE=''
HAVE_LATEX_TRUE='#'
INSTALL_DATA='${INSTALL} -m 644'
INSTALL_PROGRAM='${INSTALL}'
INSTALL_SCRIPT='${INSTALL}'
INSTALL_STRIP_PROGRAM='$(install_sh) -c -s'
LD='/usr/i686-pc-cygwin/bin/ld.exe'
LDFLAGS=''
LIBEXT=''
LIBFLAGS=''
LIBOBJS=''
LIBS=''
LIBTOOL='$(SHELL) $(top_builddir)/libtool'
LIPO=''
LN_S='ln -s'
LTLIBOBJS=''
MAKEINFO='${SHELL} /cygdrive/c/job/AppMakr/Media_test/ffmpeg/ffmpeg/dirac/missing --run makeinfo'
MKDIR_P='/usr/bin/mkdir -p'
NM='/usr/bin/nm -B'
NMEDIT=''
OBJDUMP='objdump'
OBJEXT='o'
OTOOL64=''
OTOOL=''
OVERLAY_FALSE=''
OVERLAY_TRUE='#'
PACKAGE='dirac'
PACKAGE_BUGREPORT=''
PACKAGE_NAME=''
PACKAGE_STRING=''
PACKAGE_TARNAME=''
PACKAGE_VERSION=''
PATH_SEPARATOR=':'
RANLIB='ranlib'
SED='/usr/bin/sed'
SET_MAKE=''
SHELL='/bin/sh'
STRIP='strip'
USE_MSVC_FALSE=''
USE_MSVC_TRUE='#'
USE_STATIC_FALSE='#'
USE_STATIC_TRUE=''
VALGRIND=''
VERSION='1.0.2'
ac_ct_CC='gcc'
ac_ct_CXX='g++'
ac_ct_DUMPBIN=''
am__fastdepCC_FALSE='#'
am__fastdepCC_TRUE=''
am__fastdepCXX_FALSE='#'
am__fastdepCXX_TRUE=''
am__include='include'
am__isrc=''
am__leading_dot='.'
am__quote=''
am__tar='${AMTAR} chof - "$$tardir"'
am__untar='${AMTAR} xf -'
bindir='${exec_prefix}/bin'
build='i686-pc-cygwin'
build_alias=''
build_cpu='i686'
build_os='cygwin'
build_vendor='pc'
datadir='${datarootdir}'
datarootdir='${prefix}/share'
docdir='${datarootdir}/doc/${PACKAGE}'
dvidir='${docdir}'
exec_prefix='${prefix}'
host='i686-pc-cygwin'
host_alias=''
host_cpu='i686'
host_os='cygwin'
host_vendor='pc'
htmldir='${docdir}'
includedir='${prefix}/include'
infodir='${datarootdir}/info'
install_sh='$(SHELL) /cygdrive/c/job/AppMakr/Media_test/ffmpeg/ffmpeg/dirac/install-sh'
libdir='${exec_prefix}/lib'
libexecdir='${exec_prefix}/libexec'
localedir='${datarootdir}/locale'
localstatedir='${prefix}/var'
lt_ECHO='echo'
mandir='${datarootdir}/man'
mkdir_p='/usr/bin/mkdir -p'
oldincludedir='/usr/include'
pdfdir='${docdir}'
prefix='/usr/local'
program_transform_name='s,x,x,'
psdir='${docdir}'
sbindir='${exec_prefix}/sbin'
sharedstatedir='${prefix}/com'
sysconfdir='${prefix}/etc'
target_alias=''

## ----------- ##
## confdefs.h. ##
## ----------- ##

#define PACKAGE_NAME ""
#define PACKAGE_TARNAME ""
#define PACKAGE_VERSION ""
#define PACKAGE_STRING ""
#define PACKAGE_BUGREPORT ""
#define STDC_HEADERS 1
#define HAVE_SYS_TYPES_H 1
#define HAVE_SYS_STAT_H 1
#define HAVE_STDLIB_H 1
#define HAVE_STRING_H 1
#define HAVE_MEMORY_H 1
#define HAVE_STRINGS_H 1
#define HAVE_INTTYPES_H 1
#define HAVE_STDINT_H 1
#define HAVE_UNISTD_H 1
#define HAVE_DLFCN_H 1
#define LT_OBJDIR ".libs/"
#define STDC_HEADERS 1
#define HAVE__BOOL 1
#define HAVE_STDBOOL_H 1

configure: exit 0
